[96mscripts/precompute-h2-results.ts[0m:[93m17[0m:[93m35[0m - [91merror[0m[90m TS2307: [0mCannot find module '@/algorithms/level1/shared/AlgorithmRegistry' or its corresponding type declarations.

[7m17[0m import { algorithmRegistry } from '@/algorithms/level1/shared/AlgorithmRegistry';
[7m  [0m [91m                                  ~~~~~~~~~~~~~~~~~~~~~~~~~~~~~~~~~~~~~~~~~~~~~~[0m

[96mscripts/precompute-h2-results.ts[0m:[93m20[0m:[93m37[0m - [91merror[0m[90m TS2307: [0mCannot find module '@/algorithms/level1/M1Algorithms/M1ActionVerbCounter' or its corresponding type declarations.

[7m20[0m import { M1ActionVerbCounter } from '@/algorithms/level1/M1Algorithms/M1ActionVerbCounter';
[7m  [0m [91m                                    ~~~~~~~~~~~~~~~~~~~~~~~~~~~~~~~~~~~~~~~~~~~~~~~~~~~~~~[0m

[96mscripts/precompute-h2-results.ts[0m:[93m21[0m:[93m44[0m - [91merror[0m[90m TS2307: [0mCannot find module '@/algorithms/level1/M2Algorithms/M2CompositeAlignmentCalculator' or its corresponding type declarations.

[7m21[0m import M2CompositeAlignmentCalculator from '@/algorithms/level1/M2Algorithms/M2CompositeAlignmentCalculator';
[7m  [0m [91m                                           ~~~~~~~~~~~~~~~~~~~~~~~~~~~~~~~~~~~~~~~~~~~~~~~~~~~~~~~~~~~~~~~~~[0m

[96mscripts/precompute-h2-results.ts[0m:[93m22[0m:[93m36[0m - [91merror[0m[90m TS2307: [0mCannot find module '@/algorithms/level1/M3Algorithms/PausesM3Calculator' or its corresponding type declarations.

[7m22[0m import { PausesM3Calculator } from '@/algorithms/level1/M3Algorithms/PausesM3Calculator';
[7m  [0m [91m                                   ~~~~~~~~~~~~~~~~~~~~~~~~~~~~~~~~~~~~~~~~~~~~~~~~~~~~~[0m

[96mscripts/precompute-h2-results.ts[0m:[93m35[0m:[93m72[0m - [91merror[0m[90m TS7006: [0mParameter 'a' implicitly has an 'any' type.

[7m35[0m console.log('Ô£à Algorithmes enregistr├®s:', algorithmRegistry.list().map(a => a.key));
[7m  [0m [91m                                                                       ~[0m

[96mscripts/precompute-h2-results.ts[0m:[93m83[0m:[93m64[0m - [91merror[0m[90m TS7006: [0mParameter 'a' implicitly has an 'any' type.

[7m83[0m     console.error('Disponibles:', algorithmRegistry.list().map(a => a.key));
[7m  [0m [91m                                                               ~[0m

[96msrc/app/(protected)/analysis/page.tsx[0m:[93m9[0m:[93m39[0m - [91merror[0m[90m TS2307: [0mCannot find module './components/StrategyAnalysisContainer' or its corresponding type declarations.

[7m9[0m import StrategyAnalysisContainer from "./components/StrategyAnalysisContainer";
[7m [0m [91m                                      ~~~~~~~~~~~~~~~~~~~~~~~~~~~~~~~~~~~~~~~~[0m

[96msrc/app/(protected)/analysis/page.tsx[0m:[93m12[0m:[93m35[0m - [91merror[0m[90m TS2307: [0mCannot find module './components/ImprovedGlobalMetrics' or its corresponding type declarations.

[7m12[0m import ImprovedGlobalMetrics from "./components/ImprovedGlobalMetrics";
[7m  [0m [91m                                  ~~~~~~~~~~~~~~~~~~~~~~~~~~~~~~~~~~~~[0m

[96msrc/app/(protected)/analysis/page.tsx[0m:[93m13[0m:[93m25[0m - [91merror[0m[90m TS2307: [0mCannot find module './components/DebugFunnel' or its corresponding type declarations.

[7m13[0m import DebugFunnel from "./components/DebugFunnel";
[7m  [0m [91m                        ~~~~~~~~~~~~~~~~~~~~~~~~~~[0m

[96msrc/app/(protected)/analysis/page.tsx[0m:[93m14[0m:[93m33[0m - [91merror[0m[90m TS2307: [0mCannot find module './components/TagTemporalAnalysis' or its corresponding type declarations.

[7m14[0m import TagTemporalAnalysis from "./components/TagTemporalAnalysis";
[7m  [0m [91m                                ~~~~~~~~~~~~~~~~~~~~~~~~~~~~~~~~~~[0m

[96msrc/app/(protected)/analysis/page.tsx[0m:[93m17[0m:[93m40[0m - [91merror[0m[90m TS2307: [0mCannot find module './components/cognitive-metrics/indicators/FluiditeCognitiveIndicator/FluiditeCognitiveInterface' or its corresponding type declarations.

[7m17[0m import FluiditeCognitiveInterface from "./components/cognitive-metrics/indicators/FluiditeCognitiveIndicator/FluiditeCognitiveInterface";
[7m  [0m [91m                                       ~~~~~~~~~~~~~~~~~~~~~~~~~~~~~~~~~~~~~~~~~~~~~~~~~~~~~~~~~~~~~~~~~~~~~~~~~~~~~~~~~~~~~~~~~~~~~~~~~[0m

[96msrc/app/(protected)/analysis/page.tsx[0m:[93m18[0m:[93m40[0m - [91merror[0m[90m TS2307: [0mCannot find module './components/li-metrics/indicators/FeedbackAlignementIndicator/FeedbackAlignmentInterface' or its corresponding type declarations.

[7m18[0m import FeedbackAlignmentInterface from "./components/li-metrics/indicators/FeedbackAlignementIndicator/FeedbackAlignmentInterface";
[7m  [0m [91m                                       ~~~~~~~~~~~~~~~~~~~~~~~~~~~~~~~~~~~~~~~~~~~~~~~~~~~~~~~~~~~~~~~~~~~~~~~~~~~~~~~~~~~~~~~~~~~[0m

[96msrc/app/(protected)/analysis/page.tsx[0m:[93m20[0m:[93m35[0m - [91merror[0m[90m TS2307: [0mCannot find module './components/AlgorithmLab/components/shared/AlgorithmLabInterface' or its corresponding type declarations.

[7m20[0m import AlgorithmLabInterface from "./components/AlgorithmLab/components/shared/AlgorithmLabInterface";
[7m  [0m [91m                                  ~~~~~~~~~~~~~~~~~~~~~~~~~~~~~~~~~~~~~~~~~~~~~~~~~~~~~~~~~~~~~~~~~~~[0m

[96msrc/app/(protected)/calls/page.legacy.tsx[0m:[93m6[0m:[93m27[0m - [91merror[0m[90m TS2307: [0mCannot find module '@/components/calls/CallTableList/CallTableList' or its corresponding type declarations.

[7m6[0m import CallTableList from "@/components/calls/CallTableList/CallTableList";
[7m [0m [91m                          ~~~~~~~~~~~~~~~~~~~~~~~~~~~~~~~~~~~~~~~~~~~~~~~~[0m

[96msrc/app/(protected)/calls/page.legacy.tsx[0m:[93m7[0m:[93m29[0m - [91merror[0m[90m TS2307: [0mCannot find module '@/components/calls/CallPreparation' or its corresponding type declarations.

[7m7[0m import CallPreparation from "@/components/calls/CallPreparation";
[7m [0m [91m                            ~~~~~~~~~~~~~~~~~~~~~~~~~~~~~~~~~~~~[0m

[96msrc/app/(protected)/calls/page.legacy.tsx[0m:[93m9[0m:[93m37[0m - [91merror[0m[90m TS2307: [0mCannot find module '@/components/SimpleWorkdriveExplorer' or its corresponding type declarations.

[7m9[0m import SimpleWorkdriveExplorer from "@/components/SimpleWorkdriveExplorer";
[7m [0m [91m                                    ~~~~~~~~~~~~~~~~~~~~~~~~~~~~~~~~~~~~~~[0m

[96msrc/app/(protected)/calls/page.legacy.tsx[0m:[93m10[0m:[93m33[0m - [91merror[0m[90m TS2307: [0mCannot find module '@/components/calls/DuplicateDialog' or its corresponding type declarations.

[7m10[0m import { DuplicateDialog } from "@/components/calls/DuplicateDialog";
[7m  [0m [91m                                ~~~~~~~~~~~~~~~~~~~~~~~~~~~~~~~~~~~~[0m

[96msrc/app/(protected)/calls/page.legacy.tsx[0m:[93m12[0m:[93m31[0m - [91merror[0m[90m TS2307: [0mCannot find module '@/components/SimpleWorkdriveExplorer/types' or its corresponding type declarations.

[7m12[0m import type { ZohoFile } from "@/components/SimpleWorkdriveExplorer/types";
[7m  [0m [91m                              ~~~~~~~~~~~~~~~~~~~~~~~~~~~~~~~~~~~~~~~~~~~~[0m

[96msrc/app/(protected)/phase1-corpus/workdrive/page.tsx[0m:[93m7[0m:[93m11[0m - [91merror[0m[90m TS2741: [0mProperty 'onFilesSelect' is missing in type '{}' but required in type 'SimpleWorkdriveExplorerProps'.

[7m7[0m   return <SimpleWorkdriveExplorer />;
[7m [0m [91m          ~~~~~~~~~~~~~~~~~~~~~~~[0m

  [96msrc/features/phase1-corpus/workdrive/types.tsx[0m:[93m42[0m:[93m3[0m
    [7m42[0m   onFilesSelect: (
    [7m  [0m [96m  ~~~~~~~~~~~~~[0m
    'onFilesSelect' is declared here.

[96msrc/app/(protected)/phase2-annotation/transcript/[callId]/page.tsx[0m:[93m28[0m:[93m8[0m - [91merror[0m[90m TS2741: [0mProperty 'audioSrc' is missing in type '{ callId: string; }' but required in type 'TranscriptLPLProps'.

[7m28[0m       <TranscriptLPL callId={params.callId} />
[7m  [0m [91m       ~~~~~~~~~~~~~[0m

  [96msrc/features/phase2-annotation/transcript/types.tsx[0m:[93m16[0m:[93m3[0m
    [7m16[0m   audioSrc: string;
    [7m  [0m [96m  ~~~~~~~~[0m
    'audioSrc' is declared here.

[96msrc/app/api/algolab/classifiers/[name]/route.ts[0m:[93m5[0m:[93m35[0m - [91merror[0m[90m TS2307: [0mCannot find module '@/app/(protected)/analysis/components/AlgorithmLab/algorithms/level1/shared/AlgorithmRegistry' or its corresponding type declarations.

[7m5[0m import { algorithmRegistry } from "@/app/(protected)/analysis/components/AlgorithmLab/algorithms/level1/shared/AlgorithmRegistry";
[7m [0m [91m                                  ~~~~~~~~~~~~~~~~~~~~~~~~~~~~~~~~~~~~~~~~~~~~~~~~~~~~~~~~~~~~~~~~~~~~~~~~~~~~~~~~~~~~~~~~~~~~~~~[0m

[96msrc/app/api/algolab/classifiers/[name]/route.ts[0m:[93m6[0m:[93m38[0m - [91merror[0m[90m TS2307: [0mCannot find module '@/app/(protected)/analysis/components/AlgorithmLab/algorithms/level1/shared/initializeAlgorithms' or its corresponding type declarations.

[7m6[0m import { initializeAlgorithms } from "@/app/(protected)/analysis/components/AlgorithmLab/algorithms/level1/shared/initializeAlgorithms";
[7m [0m [91m                                     ~~~~~~~~~~~~~~~~~~~~~~~~~~~~~~~~~~~~~~~~~~~~~~~~~~~~~~~~~~~~~~~~~~~~~~~~~~~~~~~~~~~~~~~~~~~~~~~~~~[0m

[96msrc/app/api/algolab/classifiers/route.ts[0m:[93m7[0m:[93m8[0m - [91merror[0m[90m TS2307: [0mCannot find module '@/app/(protected)/analysis/components/AlgorithmLab/algorithms/level1/shared/initializeAlgorithms' or its corresponding type declarations.

[7m7[0m } from "@/app/(protected)/analysis/components/AlgorithmLab/algorithms/level1/shared/initializeAlgorithms";
[7m [0m [91m       ~~~~~~~~~~~~~~~~~~~~~~~~~~~~~~~~~~~~~~~~~~~~~~~~~~~~~~~~~~~~~~~~~~~~~~~~~~~~~~~~~~~~~~~~~~~~~~~~~~[0m

[96msrc/app/api/algolab/classifiers/route.ts[0m:[93m8[0m:[93m35[0m - [91merror[0m[90m TS2307: [0mCannot find module '@/app/(protected)/analysis/components/AlgorithmLab/algorithms/level1/shared/AlgorithmRegistry' or its corresponding type declarations.

[7m8[0m import { algorithmRegistry } from "@/app/(protected)/analysis/components/AlgorithmLab/algorithms/level1/shared/AlgorithmRegistry";
[7m [0m [91m                                  ~~~~~~~~~~~~~~~~~~~~~~~~~~~~~~~~~~~~~~~~~~~~~~~~~~~~~~~~~~~~~~~~~~~~~~~~~~~~~~~~~~~~~~~~~~~~~~~[0m

[96msrc/app/api/algolab/classify/route.tsx[0m:[93m5[0m:[93m35[0m - [91merror[0m[90m TS2307: [0mCannot find module '@/app/(protected)/analysis/components/AlgorithmLab/algorithms/level1/shared/AlgorithmRegistry' or its corresponding type declarations.

[7m5[0m import { algorithmRegistry } from "@/app/(protected)/analysis/components/AlgorithmLab/algorithms/level1/shared/AlgorithmRegistry";
[7m [0m [91m                                  ~~~~~~~~~~~~~~~~~~~~~~~~~~~~~~~~~~~~~~~~~~~~~~~~~~~~~~~~~~~~~~~~~~~~~~~~~~~~~~~~~~~~~~~~~~~~~~~[0m

[96msrc/app/api/calls/old_diarize.ts[0m:[93m5[0m:[93m47[0m - [91merror[0m[90m TS2307: [0mCannot find module '@/components/calls/infrastructure/diarization/AssemblyAIDiarizationProvider' or its corresponding type declarations.

[7m5[0m import { AssemblyAIDiarizationProvider } from "@/components/calls/infrastructure/diarization/AssemblyAIDiarizationProvider";
[7m [0m [91m                                              ~~~~~~~~~~~~~~~~~~~~~~~~~~~~~~~~~~~~~~~~~~~~~~~~~~~~~~~~~~~~~~~~~~~~~~~~~~~~~[0m

[96msrc/app/api/calls/old_diarize.ts[0m:[93m7[0m:[93m41[0m - [91merror[0m[90m TS2307: [0mCannot find module '@/components/calls/shared/types/TranscriptionTypes' or its corresponding type declarations.

[7m7[0m import type { DiarizationSegment } from "@/components/calls/shared/types/TranscriptionTypes";
[7m [0m [91m                                        ~~~~~~~~~~~~~~~~~~~~~~~~~~~~~~~~~~~~~~~~~~~~~~~~~~~~[0m

[96msrc/app/api/calls/old_diarize.ts[0m:[93m177[0m:[93m55[0m - [91merror[0m[90m TS7006: [0mParameter 's' implicitly has an 'any' type.

[7m177[0m       segments.length > 0 ? Math.max(...segments.map((s) => s.end)) : 0;
[7m   [0m [91m                                                      ~[0m

[96msrc/app/api/calls/old_diarize.ts[0m:[93m183[0m:[93m43[0m - [91merror[0m[90m TS7006: [0mParameter 's' implicitly has an 'any' type.

[7m183[0m       speakerCount: new Set(segments.map((s) => s.speaker)).size,
[7m   [0m [91m                                          ~[0m

[96msrc/app/api/calls/old_transcribe.ts[0m:[93m5[0m:[93m39[0m - [91merror[0m[90m TS2307: [0mCannot find module '@/components/calls/infrastructure/asr/OpenAIWhisperProvider' or its corresponding type declarations.

[7m5[0m import { OpenAIWhisperProvider } from "@/components/calls/infrastructure/asr/OpenAIWhisperProvider";
[7m [0m [91m                                      ~~~~~~~~~~~~~~~~~~~~~~~~~~~~~~~~~~~~~~~~~~~~~~~~~~~~~~~~~~~~~[0m

[96msrc/app/api/calls/old_transcribe.ts[0m:[93m6[0m:[93m36[0m - [91merror[0m[90m TS2307: [0mCannot find module '@/components/calls/shared/exceptions/TranscriptionExceptions' or its corresponding type declarations.

[7m6[0m import { TranscriptionError } from "@/components/calls/shared/exceptions/TranscriptionExceptions";
[7m [0m [91m                                   ~~~~~~~~~~~~~~~~~~~~~~~~~~~~~~~~~~~~~~~~~~~~~~~~~~~~~~~~~~~~~~[0m

[96msrc/app/api/calls/old_transcribe.ts[0m:[93m10[0m:[93m8[0m - [91merror[0m[90m TS2307: [0mCannot find module '@/components/calls/infrastructure/asr/OpenAIWhisperProvider' or its corresponding type declarations.

[7m10[0m } from "@/components/calls/infrastructure/asr/OpenAIWhisperProvider";
[7m  [0m [91m       ~~~~~~~~~~~~~~~~~~~~~~~~~~~~~~~~~~~~~~~~~~~~~~~~~~~~~~~~~~~~~[0m

[96msrc/app/api/calls/old_transcribe.ts[0m:[93m11[0m:[93m43[0m - [91merror[0m[90m TS2307: [0mCannot find module '@/components/calls/shared/types/TranscriptionTypes' or its corresponding type declarations.

[7m11[0m import type { TranscriptionMetrics } from "@/components/calls/shared/types/TranscriptionTypes";
[7m  [0m [91m                                          ~~~~~~~~~~~~~~~~~~~~~~~~~~~~~~~~~~~~~~~~~~~~~~~~~~~~[0m

[96msrc/app/api/calls/old_transcribe.ts[0m:[93m171[0m:[93m51[0m - [91merror[0m[90m TS18046: [0m'error' is of type 'unknown'.

[7m171[0m       code: error instanceof TranscriptionError ? error.code : "UNKNOWN",
[7m   [0m [91m                                                  ~~~~~[0m

[96msrc/app/api/calls/old_transcribe.ts[0m:[93m176[0m:[93m56[0m - [91merror[0m[90m TS18046: [0m'error' is of type 'unknown'.

[7m176[0m       const statusCode = mapTranscriptionErrorToStatus(error.code);
[7m   [0m [91m                                                       ~~~~~[0m

[96msrc/app/api/calls/old_transcribe.ts[0m:[93m181[0m:[93m20[0m - [91merror[0m[90m TS18046: [0m'error' is of type 'unknown'.

[7m181[0m           message: error.message,
[7m   [0m [91m                   ~~~~~[0m

[96msrc/app/api/calls/old_transcribe.ts[0m:[93m182[0m:[93m17[0m - [91merror[0m[90m TS18046: [0m'error' is of type 'unknown'.

[7m182[0m           code: error.code,
[7m   [0m [91m                ~~~~~[0m

[96msrc/components/CallListUnprepared/hooks/useComplementActions.ts[0m:[93m57[0m:[93m15[0m - [91merror[0m[90m TS2339: [0mProperty 'uploadAudio' does not exist on type 'typeof import("C:/Users/thoma/OneDrive/SONEAR_2025/taggerlpl-nextjs/src/components/utils/callApiUtils")'.

[7m57[0m       const { uploadAudio } = await import("../../utils/callApiUtils");
[7m  [0m [91m              ~~~~~~~~~~~[0m

[96msrc/components/TaggerLPL.tsx[0m:[93m23[0m:[93m27[0m - [91merror[0m[90m TS2307: [0mCannot find module './TranscriptLPL' or its corresponding type declarations.

[7m23[0m import TranscriptLPL from "./TranscriptLPL";
[7m  [0m [91m                          ~~~~~~~~~~~~~~~~~[0m

[96msrc/components/TaggerLPL.tsx[0m:[93m28[0m:[93m23[0m - [91merror[0m[90m TS2307: [0mCannot find module './TagEditor' or its corresponding type declarations.

[7m28[0m import TagEditor from "./TagEditor";
[7m  [0m [91m                      ~~~~~~~~~~~~~[0m

[96msrc/components/TaggerLPL.tsx[0m:[93m29[0m:[93m22[0m - [91merror[0m[90m TS2307: [0mCannot find module './TagStats' or its corresponding type declarations.

[7m29[0m import TagStats from "./TagStats";
[7m  [0m [91m                     ~~~~~~~~~~~~[0m

[96msrc/components/TaggerLPL.tsx[0m:[93m32[0m:[93m29[0m - [91merror[0m[90m TS2307: [0mCannot find module './TurnTaggedTable' or its corresponding type declarations.

[7m32[0m import TurntaggedTable from "./TurnTaggedTable";
[7m  [0m [91m                            ~~~~~~~~~~~~~~~~~~~[0m

[96msrc/components/utils/duplicateManager.ts[0m:[93m339[0m:[93m15[0m - [91merror[0m[90m TS2339: [0mProperty 'uploadAudio' does not exist on type 'typeof import("C:/Users/thoma/OneDrive/SONEAR_2025/taggerlpl-nextjs/src/components/utils/callApiUtils")'.

[7m339[0m       const { uploadAudio } = await import("./callApiUtils");
[7m   [0m [91m              ~~~~~~~~~~~[0m

[96msrc/features/phase1-corpus/calls/CallImporter.tsx[0m:[93m16[0m:[93m23[0m - [91merror[0m[90m TS2307: [0mCannot find module '../AudioList' or its corresponding type declarations.

[7m16[0m import AudioList from "../AudioList";
[7m  [0m [91m                      ~~~~~~~~~~~~~~[0m

[96msrc/features/phase1-corpus/calls/CallImporter.tsx[0m:[93m18[0m:[93m38[0m - [91merror[0m[90m TS2307: [0mCannot find module '../utils/callApiUtils' or its corresponding type declarations.

[7m18[0m import { handleCallSubmission } from "../utils/callApiUtils";
[7m  [0m [91m                                     ~~~~~~~~~~~~~~~~~~~~~~~[0m

[96msrc/features/phase1-corpus/calls/CallList.tsx[0m:[93m22[0m:[93m34[0m - [91merror[0m[90m TS2307: [0mCannot find module '../utils/removeCallUpload' or its corresponding type declarations.

[7m22[0m import { removeCallUpload } from "../utils/removeCallUpload";
[7m  [0m [91m                                 ~~~~~~~~~~~~~~~~~~~~~~~~~~~[0m

[96msrc/features/phase1-corpus/calls/CallList.tsx[0m:[93m23[0m:[93m35[0m - [91merror[0m[90m TS2307: [0mCannot find module '../utils/signedUrls' or its corresponding type declarations.

[7m23[0m import { generateSignedUrl } from "../utils/signedUrls";
[7m  [0m [91m                                  ~~~~~~~~~~~~~~~~~~~~~[0m

[96msrc/features/phase1-corpus/calls/CallPreparation.tsx[0m:[93m5[0m:[93m32[0m - [91merror[0m[90m TS2307: [0mCannot find module '../CallListUnprepared' or its corresponding type declarations.

[7m5[0m import CallListUnprepared from "../CallListUnprepared";
[7m [0m [91m                               ~~~~~~~~~~~~~~~~~~~~~~~[0m

[96msrc/features/phase1-corpus/calls/CallPreparation.tsx[0m:[93m7[0m:[93m29[0m - [91merror[0m[90m TS2307: [0mCannot find module '../SnackBarManager' or its corresponding type declarations.

[7m7[0m import SnackbarManager from "../SnackBarManager";
[7m [0m [91m                            ~~~~~~~~~~~~~~~~~~~~[0m

[96msrc/features/phase1-corpus/calls/CallTableList/CallTableList.tsx[0m:[93m30[0m:[93m34[0m - [91merror[0m[90m TS2307: [0mCannot find module '../../utils/removeCallUpload' or its corresponding type declarations.

[7m30[0m import { removeCallUpload } from "../../utils/removeCallUpload";
[7m  [0m [91m                                 ~~~~~~~~~~~~~~~~~~~~~~~~~~~~~~[0m

[96msrc/features/phase1-corpus/calls/CallTableList/CallTableList.tsx[0m:[93m31[0m:[93m35[0m - [91merror[0m[90m TS2307: [0mCannot find module '../../utils/signedUrls' or its corresponding type declarations.

[7m31[0m import { generateSignedUrl } from "../../utils/signedUrls";
[7m  [0m [91m                                  ~~~~~~~~~~~~~~~~~~~~~~~~[0m

[96msrc/features/phase1-corpus/calls/CallTableList/CallTableList.tsx[0m:[93m32[0m:[93m35[0m - [91merror[0m[90m TS2307: [0mCannot find module '../../utils/updateCallOrigine' or its corresponding type declarations.

[7m32[0m import { updateCallOrigine } from "../../utils/updateCallOrigine";
[7m  [0m [91m                                  ~~~~~~~~~~~~~~~~~~~~~~~~~~~~~~~[0m

[96msrc/features/phase1-corpus/calls/infrastructure/ServiceFactory.ts[0m:[93m80[0m:[93m54[0m - [91merror[0m[90m TS2554: [0mExpected 0 arguments, but got 1.

[7m80[0m     this.diarizationService = new DiarizationService(this.diarizationApiClient);
[7m  [0m [91m                                                     ~~~~~~~~~~~~~~~~~~~~~~~~~[0m

[96msrc/features/phase1-corpus/calls/infrastructure/ServiceFactory.ts[0m:[93m195[0m:[93m26[0m - [91merror[0m[90m TS2339: [0mProperty 'inferSegments' does not exist on type 'DiarizationService'.

[7m195[0m         ) => diarization.inferSegments(audioUrl, opts),
[7m   [0m [91m                         ~~~~~~~~~~~~~[0m

[96msrc/features/phase1-corpus/calls/infrastructure/ServiceFactory.ts[0m:[93m211[0m:[93m26[0m - [91merror[0m[90m TS2339: [0mProperty 'diarizeWords' does not exist on type 'DiarizationService'.

[7m211[0m         ) => diarization.diarizeWords(audioUrl, words, opts),
[7m   [0m [91m                         ~~~~~~~~~~~~[0m

[96msrc/features/phase3-analysis/level0-gold/ui/components/InterAnnotatorAgreement.tsx[0m:[93m36[0m:[93m37[0m - [91merror[0m[90m TS2307: [0mCannot find module '../../hooks/useLevel0Validation' or its corresponding type declarations.

[7m36[0m import { useLevel0Validation } from "../../hooks/useLevel0Validation";
[7m  [0m [91m                                    ~~~~~~~~~~~~~~~~~~~~~~~~~~~~~~~~~[0m

[96msrc/features/phase3-analysis/level0-gold/ui/components/InterAnnotatorAgreement.tsx[0m:[93m326[0m:[93m35[0m - [91merror[0m[90m TS7006: [0mParameter 'annotation' implicitly has an 'any' type.

[7m326[0m                 {annotations.map((annotation) => (
[7m   [0m [91m                                  ~~~~~~~~~~[0m

[96msrc/features/phase3-analysis/level1-validation/algorithms/classifiers/client/RegexClientClassifier.ts[0m:[93m210[0m:[93m21[0m - [91merror[0m[90m TS2538: [0mType 'undefined' cannot be used as an index type.

[7m210[0m     confusionMatrix[predicted] = {};
[7m   [0m [91m                    ~~~~~~~~~[0m

[96msrc/features/phase3-analysis/level1-validation/algorithms/classifiers/client/RegexClientClassifier.ts[0m:[93m212[0m:[93m23[0m - [91merror[0m[90m TS2538: [0mType 'undefined' cannot be used as an index type.

[7m212[0m       confusionMatrix[predicted][actual] = 0;
[7m   [0m [91m                      ~~~~~~~~~[0m

[96msrc/features/phase3-analysis/level1-validation/algorithms/classifiers/client/RegexClientClassifier.ts[0m:[93m218[0m:[93m21[0m - [91merror[0m[90m TS2538: [0mType 'undefined' cannot be used as an index type.

[7m218[0m     confusionMatrix[result.predicted][result.goldStandard]++;
[7m   [0m [91m                    ~~~~~~~~~~~~~~~~[0m

[96msrc/features/phase3-analysis/level1-validation/algorithms/classifiers/client/RegexClientClassifier.ts[0m:[93m224[0m:[93m32[0m - [91merror[0m[90m TS2538: [0mType 'undefined' cannot be used as an index type.

[7m224[0m     const tp = confusionMatrix[cls][cls] || 0;
[7m   [0m [91m                               ~~~[0m

[96msrc/features/phase3-analysis/level1-validation/algorithms/classifiers/client/RegexClientClassifier.ts[0m:[93m225[0m:[93m44[0m - [91merror[0m[90m TS2538: [0mType 'undefined' cannot be used as an index type.

[7m225[0m     const fp = Object.keys(confusionMatrix[cls])
[7m   [0m [91m                                           ~~~[0m

[96msrc/features/phase3-analysis/level1-validation/algorithms/classifiers/client/RegexClientClassifier.ts[0m:[93m227[0m:[93m50[0m - [91merror[0m[90m TS2538: [0mType 'undefined' cannot be used as an index type.

[7m227[0m       .reduce((sum, k) => sum + (confusionMatrix[cls][k] || 0), 0);
[7m   [0m [91m                                                 ~~~[0m

[96msrc/features/phase3-analysis/level1-validation/algorithms/classifiers/client/RegexClientClassifier.ts[0m:[93m230[0m:[93m53[0m - [91merror[0m[90m TS2538: [0mType 'undefined' cannot be used as an index type.

[7m230[0m       .reduce((sum, k) => sum + (confusionMatrix[k][cls] || 0), 0);
[7m   [0m [91m                                                    ~~~[0m

[96msrc/features/phase3-analysis/level1-validation/algorithms/classifiers/client/RegexClientClassifier.ts[0m:[93m233[0m:[93m15[0m - [91merror[0m[90m TS2538: [0mType 'undefined' cannot be used as an index type.

[7m233[0m     precision[cls] = tp + fp > 0 ? tp / (tp + fp) : 0;
[7m   [0m [91m              ~~~[0m

[96msrc/features/phase3-analysis/level1-validation/algorithms/classifiers/client/RegexClientClassifier.ts[0m:[93m234[0m:[93m12[0m - [91merror[0m[90m TS2538: [0mType 'undefined' cannot be used as an index type.

[7m234[0m     recall[cls] = tp + fn > 0 ? tp / (tp + fn) : 0;
[7m   [0m [91m           ~~~[0m

[96msrc/features/phase3-analysis/level1-validation/algorithms/classifiers/client/RegexClientClassifier.ts[0m:[93m235[0m:[93m13[0m - [91merror[0m[90m TS2538: [0mType 'undefined' cannot be used as an index type.

[7m235[0m     f1Score[cls] =
[7m   [0m [91m            ~~~[0m

[96msrc/features/phase3-analysis/level1-validation/algorithms/classifiers/client/RegexClientClassifier.ts[0m:[93m236[0m:[93m17[0m - [91merror[0m[90m TS2538: [0mType 'undefined' cannot be used as an index type.

[7m236[0m       precision[cls] + recall[cls] > 0
[7m   [0m [91m                ~~~[0m

[96msrc/features/phase3-analysis/level1-validation/algorithms/classifiers/client/RegexClientClassifier.ts[0m:[93m236[0m:[93m31[0m - [91merror[0m[90m TS2538: [0mType 'undefined' cannot be used as an index type.

[7m236[0m       precision[cls] + recall[cls] > 0
[7m   [0m [91m                              ~~~[0m

[96msrc/features/phase3-analysis/level1-validation/algorithms/classifiers/client/RegexClientClassifier.ts[0m:[93m237[0m:[93m27[0m - [91merror[0m[90m TS2538: [0mType 'undefined' cannot be used as an index type.

[7m237[0m         ? (2 * (precision[cls] * recall[cls])) / (precision[cls] + recall[cls])
[7m   [0m [91m                          ~~~[0m

[96msrc/features/phase3-analysis/level1-validation/algorithms/classifiers/client/RegexClientClassifier.ts[0m:[93m237[0m:[93m41[0m - [91merror[0m[90m TS2538: [0mType 'undefined' cannot be used as an index type.

[7m237[0m         ? (2 * (precision[cls] * recall[cls])) / (precision[cls] + recall[cls])
[7m   [0m [91m                                        ~~~[0m

[96msrc/features/phase3-analysis/level1-validation/algorithms/classifiers/client/RegexClientClassifier.ts[0m:[93m237[0m:[93m61[0m - [91merror[0m[90m TS2538: [0mType 'undefined' cannot be used as an index type.

[7m237[0m         ? (2 * (precision[cls] * recall[cls])) / (precision[cls] + recall[cls])
[7m   [0m [91m                                                            ~~~[0m

[96msrc/features/phase3-analysis/level1-validation/algorithms/classifiers/client/RegexClientClassifier.ts[0m:[93m237[0m:[93m75[0m - [91merror[0m[90m TS2538: [0mType 'undefined' cannot be used as an index type.

[7m237[0m         ? (2 * (precision[cls] * recall[cls])) / (precision[cls] + recall[cls])
[7m   [0m [91m                                                                          ~~~[0m

[96msrc/features/phase3-analysis/level1-validation/algorithms/classifiers/client/RegexClientClassifier.ts[0m:[93m246[0m:[93m5[0m - [91merror[0m[90m TS2322: [0mType 'Record<string, number>' is not assignable to type 'number'.

[7m246[0m     precision,
[7m   [0m [91m    ~~~~~~~~~[0m

  [96msrc/types/algorithm-lab/core/validation.ts[0m:[93m67[0m:[93m3[0m
    [7m67[0m   precision: number;
    [7m  [0m [96m  ~~~~~~~~~[0m
    The expected type comes from property 'precision' which is declared here on type 'ValidationMetrics'

[96msrc/features/phase3-analysis/level1-validation/algorithms/classifiers/client/RegexClientClassifier.ts[0m:[93m247[0m:[93m5[0m - [91merror[0m[90m TS2322: [0mType 'Record<string, number>' is not assignable to type 'number'.

[7m247[0m     recall,
[7m   [0m [91m    ~~~~~~[0m

  [96msrc/types/algorithm-lab/core/validation.ts[0m:[93m68[0m:[93m3[0m
    [7m68[0m   recall: number;
    [7m  [0m [96m  ~~~~~~[0m
    The expected type comes from property 'recall' which is declared here on type 'ValidationMetrics'

[96msrc/features/phase3-analysis/level1-validation/algorithms/classifiers/client/RegexClientClassifier.ts[0m:[93m248[0m:[93m5[0m - [91merror[0m[90m TS2322: [0mType 'Record<string, number>' is not assignable to type 'number'.

[7m248[0m     f1Score,
[7m   [0m [91m    ~~~~~~~[0m

  [96msrc/types/algorithm-lab/core/validation.ts[0m:[93m69[0m:[93m3[0m
    [7m69[0m   f1Score: number;
    [7m  [0m [96m  ~~~~~~~[0m
    The expected type comes from property 'f1Score' which is declared here on type 'ValidationMetrics'

[96msrc/features/phase3-analysis/level1-validation/algorithms/classifiers/client/RegexClientClassifier.ts[0m:[93m271[0m:[93m12[0m - [91merror[0m[90m TS2538: [0mType 'undefined' cannot be used as an index type.

[7m271[0m     matrix[c1] = {};
[7m   [0m [91m           ~~[0m

[96msrc/features/phase3-analysis/level1-validation/algorithms/classifiers/client/RegexClientClassifier.ts[0m:[93m273[0m:[93m14[0m - [91merror[0m[90m TS2538: [0mType 'undefined' cannot be used as an index type.

[7m273[0m       matrix[c1][c2] = 0;
[7m   [0m [91m             ~~[0m

[96msrc/features/phase3-analysis/level1-validation/algorithms/classifiers/client/RegexClientClassifier.ts[0m:[93m278[0m:[93m12[0m - [91merror[0m[90m TS2538: [0mType 'undefined' cannot be used as an index type.

[7m278[0m     matrix[r.predicted][r.goldStandard]++;
[7m   [0m [91m           ~~~~~~~~~~~[0m

[96msrc/features/phase3-analysis/level1-validation/algorithms/classifiers/client/RegexClientClassifier.ts[0m:[93m288[0m:[93m48[0m - [91merror[0m[90m TS2538: [0mType 'undefined' cannot be used as an index type.

[7m288[0m       classes.reduce((sum, c) => sum + (matrix[cls][c] || 0), 0) / n;
[7m   [0m [91m                                               ~~~[0m

[96msrc/features/phase3-analysis/level1-validation/algorithms/classifiers/client/RegexClientClassifier.ts[0m:[93m290[0m:[93m48[0m - [91merror[0m[90m TS2538: [0mType 'undefined' cannot be used as an index type.

[7m290[0m       classes.reduce((sum, c) => sum + (matrix[c][cls] || 0), 0) / n;
[7m   [0m [91m                                               ~[0m

[96msrc/features/phase3-analysis/level1-validation/algorithms/mediators/M1Algorithms/RegexM1Calculator.ts[0m:[93m48[0m:[93m5[0m - [91merror[0m[90m TS2739: [0mType '{ id: string; label: string; target: "M1"; algorithmKind: string; version: string; tags: string[]; }' is missing the following properties from type 'CalculationMetadata': algorithmVersion, inputSignature, executionPath

[7m48[0m     return {
[7m  [0m [91m    ~~~~~~[0m

[96msrc/features/phase3-analysis/level1-validation/algorithms/shared/initializeAlgorithms.ts[0m:[93m6[0m:[93m34[0m - [91merror[0m[90m TS2307: [0mCannot find module '../XAlgorithms/RegexXClassifier' or its corresponding type declarations.

[7m6[0m import { RegexXClassifier } from "../XAlgorithms/RegexXClassifier";
[7m [0m [91m                                 ~~~~~~~~~~~~~~~~~~~~~~~~~~~~~~~~~[0m

[96msrc/features/phase3-analysis/level1-validation/algorithms/shared/initializeAlgorithms.ts[0m:[93m7[0m:[93m34[0m - [91merror[0m[90m TS2307: [0mCannot find module '../XAlgorithms/SpacyXClassifier' or its corresponding type declarations.

[7m7[0m import { SpacyXClassifier } from "../XAlgorithms/SpacyXClassifier";
[7m [0m [91m                                 ~~~~~~~~~~~~~~~~~~~~~~~~~~~~~~~~~[0m

[96msrc/features/phase3-analysis/level1-validation/algorithms/shared/initializeAlgorithms.ts[0m:[93m8[0m:[93m35[0m - [91merror[0m[90m TS2307: [0mCannot find module '../XAlgorithms/OpenAIXClassifier' or its corresponding type declarations.

[7m8[0m import { OpenAIXClassifier } from "../XAlgorithms/OpenAIXClassifier";
[7m [0m [91m                                  ~~~~~~~~~~~~~~~~~~~~~~~~~~~~~~~~~~[0m

[96msrc/features/phase3-analysis/level1-validation/algorithms/shared/initializeAlgorithms.ts[0m:[93m9[0m:[93m37[0m - [91merror[0m[90m TS2307: [0mCannot find module '../XAlgorithms/OpenAI3TXClassifier' or its corresponding type declarations.

[7m9[0m import { OpenAI3TXClassifier } from "../XAlgorithms/OpenAI3TXClassifier";
[7m [0m [91m                                    ~~~~~~~~~~~~~~~~~~~~~~~~~~~~~~~~~~~~[0m

[96msrc/features/phase3-analysis/level1-validation/algorithms/shared/initializeAlgorithms.ts[0m:[93m12[0m:[93m34[0m - [91merror[0m[90m TS2307: [0mCannot find module '../YAlgorithms/RegexYClassifier' or its corresponding type declarations.

[7m12[0m import { RegexYClassifier } from "../YAlgorithms/RegexYClassifier";
[7m  [0m [91m                                 ~~~~~~~~~~~~~~~~~~~~~~~~~~~~~~~~~[0m

[96msrc/features/phase3-analysis/level1-validation/algorithms/shared/initializeAlgorithms.ts[0m:[93m15[0m:[93m37[0m - [91merror[0m[90m TS2307: [0mCannot find module '../M1Algorithms/M1ActionVerbCounter' or its corresponding type declarations.

[7m15[0m import { M1ActionVerbCounter } from "../M1Algorithms/M1ActionVerbCounter";
[7m  [0m [91m                                    ~~~~~~~~~~~~~~~~~~~~~~~~~~~~~~~~~~~~~[0m

[96msrc/features/phase3-analysis/level1-validation/algorithms/shared/initializeAlgorithms.ts[0m:[93m18[0m:[93m42[0m - [91merror[0m[90m TS2307: [0mCannot find module '../M2Algorithms/M2LexicalAlignmentCalculator' or its corresponding type declarations.

[7m18[0m import M2LexicalAlignmentCalculator from "../M2Algorithms/M2LexicalAlignmentCalculator";
[7m  [0m [91m                                         ~~~~~~~~~~~~~~~~~~~~~~~~~~~~~~~~~~~~~~~~~~~~~~[0m

[96msrc/features/phase3-analysis/level1-validation/algorithms/shared/initializeAlgorithms.ts[0m:[93m19[0m:[93m43[0m - [91merror[0m[90m TS2307: [0mCannot find module '../M2Algorithms/M2SemanticAlignmentCalculator' or its corresponding type declarations.

[7m19[0m import M2SemanticAlignmentCalculator from "../M2Algorithms/M2SemanticAlignmentCalculator";
[7m  [0m [91m                                          ~~~~~~~~~~~~~~~~~~~~~~~~~~~~~~~~~~~~~~~~~~~~~~~[0m

[96msrc/features/phase3-analysis/level1-validation/algorithms/shared/initializeAlgorithms.ts[0m:[93m20[0m:[93m44[0m - [91merror[0m[90m TS2307: [0mCannot find module '../M2Algorithms/M2CompositeAlignmentCalculator' or its corresponding type declarations.

[7m20[0m import M2CompositeAlignmentCalculator from "../M2Algorithms/M2CompositeAlignmentCalculator";
[7m  [0m [91m                                           ~~~~~~~~~~~~~~~~~~~~~~~~~~~~~~~~~~~~~~~~~~~~~~~~[0m

[96msrc/features/phase3-analysis/level1-validation/algorithms/shared/initializeAlgorithms.ts[0m:[93m23[0m:[93m36[0m - [91merror[0m[90m TS2307: [0mCannot find module '../M3Algorithms/PausesM3Calculator' or its corresponding type declarations.

[7m23[0m import { PausesM3Calculator } from "../M3Algorithms/PausesM3Calculator";
[7m  [0m [91m                                   ~~~~~~~~~~~~~~~~~~~~~~~~~~~~~~~~~~~~[0m

[96msrc/features/phase3-analysis/level1-validation/shared/utils/versionGenerator.ts[0m:[93m2[0m:[93m41[0m - [91merror[0m[90m TS2307: [0mCannot find module '../types' or its corresponding type declarations.

[7m2[0m import type { AlgorithmVersionId } from "../types";
[7m [0m [91m                                        ~~~~~~~~~~[0m

[96msrc/features/phase3-analysis/level1-validation/ui/components/algorithms/BaseAlgorithmTesting.tsx[0m:[93m27[0m:[93m31[0m - [91merror[0m[90m TS2307: [0mCannot find module '../../../../shared/molecules/AlgorithmSelector' or its corresponding type declarations.

[7m27[0m import AlgorithmSelector from "../../../../shared/molecules/AlgorithmSelector";
[7m  [0m [91m                              ~~~~~~~~~~~~~~~~~~~~~~~~~~~~~~~~~~~~~~~~~~~~~~~~[0m

[96msrc/features/phase3-analysis/level1-validation/ui/components/algorithms/BaseAlgorithmTesting.tsx[0m:[93m28[0m:[93m35[0m - [91merror[0m[90m TS2307: [0mCannot find module '../../../algorithms/level1/shared/AlgorithmRegistry' or its corresponding type declarations.

[7m28[0m import { algorithmRegistry } from "../../../algorithms/level1/shared/AlgorithmRegistry";
[7m  [0m [91m                                  ~~~~~~~~~~~~~~~~~~~~~~~~~~~~~~~~~~~~~~~~~~~~~~~~~~~~~[0m

[96msrc/features/phase3-analysis/level1-validation/ui/components/algorithms/BaseAlgorithmTesting.tsx[0m:[93m29[0m:[93m34[0m - [91merror[0m[90m TS2307: [0mCannot find module '../../../hooks/useLevel1Testing' or its corresponding type declarations.

[7m29[0m import { useLevel1Testing } from "../../../hooks/useLevel1Testing";
[7m  [0m [91m                                 ~~~~~~~~~~~~~~~~~~~~~~~~~~~~~~~~~[0m

[96msrc/features/phase3-analysis/level1-validation/ui/components/algorithms/BaseAlgorithmTesting.tsx[0m:[93m30[0m:[93m40[0m - [91merror[0m[90m TS2307: [0mCannot find module '../../../hooks/useAlgorithmVersioning' or its corresponding type declarations.

[7m30[0m import { useAlgorithmVersioning } from "../../../hooks/useAlgorithmVersioning";
[7m  [0m [91m                                       ~~~~~~~~~~~~~~~~~~~~~~~~~~~~~~~~~~~~~~~[0m

[96msrc/features/phase3-analysis/level1-validation/ui/components/algorithms/BaseAlgorithmTesting.tsx[0m:[93m31[0m:[93m45[0m - [91merror[0m[90m TS2307: [0mCannot find module '../../../hooks/usePostValidationVersioning' or its corresponding type declarations.

[7m31[0m import { usePostValidationVersioning } from "../../../hooks/usePostValidationVersioning";
[7m  [0m [91m                                            ~~~~~~~~~~~~~~~~~~~~~~~~~~~~~~~~~~~~~~~~~~~~[0m

[96msrc/features/phase3-analysis/level1-validation/ui/components/algorithms/BaseAlgorithmTesting.tsx[0m:[93m34[0m:[93m30[0m - [91merror[0m[90m TS2307: [0mCannot find module 'src/app/(protected)/analysis/components/AlgorithmLab/components/Level1/shared/results/base/ResultsSample/ResultsPanel' or its corresponding type declarations.

[7m34[0m import { ResultsPanel } from "src/app/(protected)/analysis/components/AlgorithmLab/components/Level1/shared/results/base/ResultsSample/ResultsPanel";
[7m  [0m [91m                             ~~~~~~~~~~~~~~~~~~~~~~~~~~~~~~~~~~~~~~~~~~~~~~~~~~~~~~~~~~~~~~~~~~~~~~~~~~~~~~~~~~~~~~~~~~~~~~~~~~~~~~~~~~~~~~~~~~~~~~~[0m

[96msrc/features/phase3-analysis/level1-validation/ui/components/algorithms/BaseAlgorithmTesting.tsx[0m:[93m44[0m:[93m8[0m - [91merror[0m[90m TS2307: [0mCannot find module '../../../types' or its corresponding type declarations.

[7m44[0m } from "../../../types";
[7m  [0m [91m       ~~~~~~~~~~~~~~~~[0m

[96msrc/features/phase3-analysis/level1-validation/ui/components/algorithms/BaseAlgorithmTesting.tsx[0m:[93m177[0m:[93m10[0m - [91merror[0m[90m TS7006: [0mParameter 'current' implicitly has an 'any' type.

[7m177[0m         (current, total) => {
[7m   [0m [91m         ~~~~~~~[0m

[96msrc/features/phase3-analysis/level1-validation/ui/components/algorithms/BaseAlgorithmTesting.tsx[0m:[93m177[0m:[93m19[0m - [91merror[0m[90m TS7006: [0mParameter 'total' implicitly has an 'any' type.

[7m177[0m         (current, total) => {
[7m   [0m [91m                  ~~~~~[0m

[96msrc/features/phase3-analysis/level1-validation/ui/components/comparison/AlgorithmComparison.tsx[0m:[93m30[0m:[93m36[0m - [91merror[0m[90m TS2307: [0mCannot find module '../../../algorithms/level1/shared/ClassifierRegistry' or its corresponding type declarations.

[7m30[0m import { ClassifierRegistry } from "../../../algorithms/level1/shared/ClassifierRegistry";
[7m  [0m [91m                                   ~~~~~~~~~~~~~~~~~~~~~~~~~~~~~~~~~~~~~~~~~~~~~~~~~~~~~~[0m

[96msrc/features/phase3-analysis/level1-validation/ui/components/comparison/AlgorithmComparison.tsx[0m:[93m31[0m:[93m34[0m - [91merror[0m[90m TS2307: [0mCannot find module '../../../hooks/useLevel1Testing' or its corresponding type declarations.

[7m31[0m import { useLevel1Testing } from "../../../hooks/useLevel1Testing";
[7m  [0m [91m                                 ~~~~~~~~~~~~~~~~~~~~~~~~~~~~~~~~~[0m

[96msrc/features/phase3-analysis/level1-validation/ui/components/comparison/AlgorithmComparison.tsx[0m:[93m93[0m:[93m13[0m - [91merror[0m[90m TS18046: [0m'validationResults' is of type 'unknown'.

[7m93[0m         if (validationResults.length === 0) continue;
[7m  [0m [91m            ~~~~~~~~~~~~~~~~~[0m

[96msrc/features/phase3-analysis/level1-validation/ui/components/comparison/AlgorithmComparison.tsx[0m:[93m104[0m:[93m25[0m - [91merror[0m[90m TS18046: [0m'validationResults' is of type 'unknown'.

[7m104[0m           totalSamples: validationResults.length,
[7m   [0m [91m                        ~~~~~~~~~~~~~~~~~[0m

[96msrc/features/phase3-analysis/level1-validation/ui/components/comparison/AlgorithmComparison.tsx[0m:[93m105[0m:[93m31[0m - [91merror[0m[90m TS18046: [0m'validationResults' is of type 'unknown'.

[7m105[0m           correctPredictions: validationResults.filter((r) => r.correct).length,
[7m   [0m [91m                              ~~~~~~~~~~~~~~~~~[0m

[96msrc/features/phase3-analysis/level1-validation/ui/components/comparison/AlgorithmComparison.tsx[0m:[93m105[0m:[93m57[0m - [91merror[0m[90m TS7006: [0mParameter 'r' implicitly has an 'any' type.

[7m105[0m           correctPredictions: validationResults.filter((r) => r.correct).length,
[7m   [0m [91m                                                        ~[0m

[96msrc/features/phase3-analysis/level1-validation/ui/components/comparison/AlgorithmComparison.tsx[0m:[93m157[0m:[93m40[0m - [91merror[0m[90m TS7006: [0mParameter 'classifierName' implicitly has an 'any' type.

[7m157[0m             {availableClassifiers.map((classifierName) => {
[7m   [0m [91m                                       ~~~~~~~~~~~~~~[0m

[96msrc/features/phase3-analysis/level1-validation/ui/components/comparison/ClassifierConfiguration.tsx[0m:[93m50[0m:[93m36[0m - [91merror[0m[90m TS2307: [0mCannot find module '../../../algorithms/level1/shared/ClassifierRegistry' or its corresponding type declarations.

[7m50[0m import { ClassifierRegistry } from "../../../algorithms/level1/shared/ClassifierRegistry";
[7m  [0m [91m                                   ~~~~~~~~~~~~~~~~~~~~~~~~~~~~~~~~~~~~~~~~~~~~~~~~~~~~~~[0m

[96msrc/features/phase3-analysis/level1-validation/ui/components/comparison/ClassifierConfiguration.tsx[0m:[93m51[0m:[93m36[0m - [91merror[0m[90m TS2307: [0mCannot find module '../../../algorithms/level1/shared/BaseClassifier' or its corresponding type declarations.

[7m51[0m import { ClassifierMetadata } from "../../../algorithms/level1/shared/BaseClassifier";
[7m  [0m [91m                                   ~~~~~~~~~~~~~~~~~~~~~~~~~~~~~~~~~~~~~~~~~~~~~~~~~~[0m

[96msrc/features/phase3-analysis/level1-validation/ui/components/comparison/ClassifierConfiguration.tsx[0m:[93m104[0m:[93m35[0m - [91merror[0m[90m TS7006: [0mParameter 'name' implicitly has an 'any' type.

[7m104[0m     availableClassifiers.forEach((name) => {
[7m   [0m [91m                                  ~~~~[0m

[96msrc/features/phase3-analysis/level1-validation/ui/components/comparison/ClassifierConfiguration.tsx[0m:[93m112[0m:[93m58[0m - [91merror[0m[90m TS18047: [0m'schema' is possibly 'null'.

[7m112[0m           if (typeof schema === "object" && "default" in schema) {
[7m   [0m [91m                                                         ~~~~~~[0m

[96msrc/features/phase3-analysis/level1-validation/ui/components/comparison/ClassifierConfiguration.tsx[0m:[93m177[0m:[93m56[0m - [91merror[0m[90m TS18047: [0m'schema' is possibly 'null'.

[7m177[0m         if (typeof schema === "object" && "default" in schema) {
[7m   [0m [91m                                                       ~~~~~~[0m

[96msrc/features/phase3-analysis/level1-validation/ui/components/comparison/CrossValidation.tsx[0m:[93m39[0m:[93m36[0m - [91merror[0m[90m TS2307: [0mCannot find module '../../../algorithms/level1/shared/ClassifierRegistry' or its corresponding type declarations.

[7m39[0m import { ClassifierRegistry } from "../../../algorithms/level1/shared/ClassifierRegistry";
[7m  [0m [91m                                   ~~~~~~~~~~~~~~~~~~~~~~~~~~~~~~~~~~~~~~~~~~~~~~~~~~~~~~[0m

[96msrc/features/phase3-analysis/level1-validation/ui/components/comparison/CrossValidation.tsx[0m:[93m40[0m:[93m34[0m - [91merror[0m[90m TS2307: [0mCannot find module '../../../hooks/useLevel1Testing' or its corresponding type declarations.

[7m40[0m import { useLevel1Testing } from "../../../hooks/useLevel1Testing";
[7m  [0m [91m                                 ~~~~~~~~~~~~~~~~~~~~~~~~~~~~~~~~~[0m

[96msrc/features/phase3-analysis/level1-validation/ui/components/comparison/CrossValidation.tsx[0m:[93m315[0m:[93m46[0m - [91merror[0m[90m TS7006: [0mParameter 'name' implicitly has an 'any' type.

[7m315[0m                   {availableClassifiers.map((name) => (
[7m   [0m [91m                                             ~~~~[0m

[96msrc/features/phase3-analysis/level1-validation/ui/components/comparison/VersionComparator.tsx[0m:[93m32[0m:[93m8[0m - [91merror[0m[90m TS2307: [0mCannot find module '../../../types' or its corresponding type declarations.

[7m32[0m } from "../../../types";
[7m  [0m [91m       ~~~~~~~~~~~~~~~~[0m

[96msrc/features/phase3-analysis/level1-validation/ui/components/comparison/VersionComparator.tsx[0m:[93m35[0m:[93m40[0m - [91merror[0m[90m TS2307: [0mCannot find module '../../../hooks/useAlgorithmVersioning' or its corresponding type declarations.

[7m35[0m import { useAlgorithmVersioning } from "../../../hooks/useAlgorithmVersioning";
[7m  [0m [91m                                       ~~~~~~~~~~~~~~~~~~~~~~~~~~~~~~~~~~~~~~~[0m

[96msrc/features/phase3-analysis/level1-validation/ui/components/comparison/VersionComparator.tsx[0m:[93m268[0m:[93m31[0m - [91merror[0m[90m TS2571: [0mObject is of type 'unknown'.

[7m268[0m                             ? values.reduce((a, b) => a + b, 0) / values.length
[7m   [0m [91m                              ~~~~~~~~~~~~~~~~~~~~~~~~~~~~~~~~~[0m

[96msrc/features/phase3-analysis/level1-validation/ui/components/comparison/VersionComparator.tsx[0m:[93m268[0m:[93m55[0m - [91merror[0m[90m TS18046: [0m'a' is of type 'unknown'.

[7m268[0m                             ? values.reduce((a, b) => a + b, 0) / values.length
[7m   [0m [91m                                                      ~[0m

[96msrc/features/phase3-analysis/level1-validation/ui/components/comparison/VersionComparator.tsx[0m:[93m268[0m:[93m59[0m - [91merror[0m[90m TS18046: [0m'b' is of type 'unknown'.

[7m268[0m                             ? values.reduce((a, b) => a + b, 0) / values.length
[7m   [0m [91m                                                          ~[0m

[96msrc/features/phase3-analysis/level1-validation/ui/components/comparison/VersionComparator.tsx[0m:[93m278[0m:[93m31[0m - [91merror[0m[90m TS2571: [0mObject is of type 'unknown'.

[7m278[0m                             ? values.reduce((a, b) => a + b, 0) / values.length
[7m   [0m [91m                              ~~~~~~~~~~~~~~~~~~~~~~~~~~~~~~~~~[0m

[96msrc/features/phase3-analysis/level1-validation/ui/components/comparison/VersionComparator.tsx[0m:[93m278[0m:[93m55[0m - [91merror[0m[90m TS18046: [0m'a' is of type 'unknown'.

[7m278[0m                             ? values.reduce((a, b) => a + b, 0) / values.length
[7m   [0m [91m                                                      ~[0m

[96msrc/features/phase3-analysis/level1-validation/ui/components/comparison/VersionComparator.tsx[0m:[93m278[0m:[93m59[0m - [91merror[0m[90m TS18046: [0m'b' is of type 'unknown'.

[7m278[0m                             ? values.reduce((a, b) => a + b, 0) / values.length
[7m   [0m [91m                                                          ~[0m

[96msrc/features/phase3-analysis/level1-validation/ui/components/individual/TechnicalValidation/TechnicalValidation.tsx[0m:[93m17[0m:[93m36[0m - [91merror[0m[90m TS2307: [0mCannot find module '../../../shared/ClassifierSelector' or its corresponding type declarations.

[7m17[0m import { ClassifierSelector } from "../../../shared/ClassifierSelector";
[7m  [0m [91m                                   ~~~~~~~~~~~~~~~~~~~~~~~~~~~~~~~~~~~~[0m

[96msrc/features/phase3-analysis/level1-validation/ui/components/individual/TechnicalValidation/TechnicalValidation.tsx[0m:[93m18[0m:[93m34[0m - [91merror[0m[90m TS2307: [0mCannot find module '../../../../hooks/useLevel1Testing' or its corresponding type declarations.

[7m18[0m import { useLevel1Testing } from "../../../../hooks/useLevel1Testing";
[7m  [0m [91m                                 ~~~~~~~~~~~~~~~~~~~~~~~~~~~~~~~~~~~~[0m

[96msrc/features/phase3-analysis/level1-validation/ui/components/individual/TechnicalValidation/TechnicalValidation.tsx[0m:[93m20[0m:[93m10[0m - [91merror[0m[90m TS2614: [0mModule '"../../shared/results/base/MetricsPanel"' has no exported member 'MetricsPanel'. Did you mean to use 'import MetricsPanel from "../../shared/results/base/MetricsPanel"' instead?

[7m20[0m import { MetricsPanel } from "../../shared/results/base/MetricsPanel";
[7m  [0m [91m         ~~~~~~~~~~~~[0m

[96msrc/features/phase3-analysis/level1-validation/ui/components/individual/TechnicalValidation/TechnicalValidation.tsx[0m:[93m22[0m:[93m37[0m - [91merror[0m[90m TS2307: [0mCannot find module '../../../../hooks/useClassifierStatus' or its corresponding type declarations.

[7m22[0m import { useClassifierStatus } from "../../../../hooks/useClassifierStatus";
[7m  [0m [91m                                    ~~~~~~~~~~~~~~~~~~~~~~~~~~~~~~~~~~~~~~~[0m

[96msrc/features/phase3-analysis/level1-validation/ui/components/individual/TechnicalValidation/TechnicalValidation.tsx[0m:[93m210[0m:[93m43[0m - [91merror[0m[90m TS2322: [0mType '{ results: ValidationResult[]; limit: number; }' is not assignable to type 'IntrinsicAttributes & ResultsPanelProps'.
  Property 'limit' does not exist on type 'IntrinsicAttributes & ResultsPanelProps'.

[7m210[0m       <ResultsPanel results={testResults} limit={10} />
[7m   [0m [91m                                          ~~~~~[0m

[96msrc/features/phase3-analysis/level1-validation/ui/components/Level1Interface.tsx[0m:[93m126[0m:[93m13[0m - [91merror[0m[90m TS2739: [0mType '{ name: string; description: string; parameters: {}; type: string; enabled: true; }' is missing the following properties from type 'AlgorithmConfig': target, speakerType, inputFormat, requiresNextTurn, requiresPrevContext

[7m126[0m             algorithm={{
[7m   [0m [91m            ~~~~~~~~~[0m

  [96msrc/features/phase3-analysis/level1-validation/ui/components/individual/ParameterOptimization.tsx[0m:[93m23[0m:[93m3[0m
    [7m23[0m   algorithm: AlgorithmConfig;
    [7m  [0m [96m  ~~~~~~~~~[0m
    The expected type comes from property 'algorithm' which is declared here on type 'IntrinsicAttributes & ParameterOptimizationProps'

[96msrc/features/phase3-analysis/level1-validation/ui/components/shared/results/base/ResultsSample/components/FineTuningDialog/FineTuningExtractor.tsx[0m:[93m33[0m:[93m58[0m - [91merror[0m[90m TS2339: [0mProperty 'annotations' does not exist on type 'TVMetadata'.

[7m33[0m       const annotations = Array.isArray(result.metadata?.annotations)
[7m  [0m [91m                                                         ~~~~~~~~~~~[0m

[96msrc/features/phase3-analysis/level1-validation/ui/components/shared/results/base/ResultsSample/components/FineTuningDialog/FineTuningExtractor.tsx[0m:[93m34[0m:[93m29[0m - [91merror[0m[90m TS2339: [0mProperty 'annotations' does not exist on type 'TVMetadata'.

[7m34[0m         ? (result.metadata!.annotations as any[])
[7m  [0m [91m                            ~~~~~~~~~~~[0m

[96msrc/features/phase3-analysis/level1-validation/ui/components/shared/results/base/ResultsSample/components/FineTuningDialog/FineTuningExtractor.tsx[0m:[93m111[0m:[93m35[0m - [91merror[0m[90m TS2339: [0mProperty 'turnId' does not exist on type 'TVMetadata'.

[7m111[0m         turnId: parseInt(String(m.turnId || m.id || 0), 10),
[7m   [0m [91m                                  ~~~~~~[0m

[96msrc/features/phase3-analysis/level1-validation/ui/components/shared/results/base/ResultsSample/components/FineTuningDialog/FineTuningExtractor.tsx[0m:[93m111[0m:[93m47[0m - [91merror[0m[90m TS2339: [0mProperty 'id' does not exist on type 'TVMetadata'.

[7m111[0m         turnId: parseInt(String(m.turnId || m.id || 0), 10),
[7m   [0m [91m                                              ~~[0m

[96msrc/features/phase3-analysis/level1-validation/ui/components/shared/results/base/ResultsSample/components/FineTuningDialog/FineTuningExtractor.tsx[0m:[93m122[0m:[93m23[0m - [91merror[0m[90m TS2339: [0mProperty 'provider' does not exist on type 'TVMetadata'.

[7m122[0m           provider: m.provider || null,
[7m   [0m [91m                      ~~~~~~~~[0m

[96msrc/features/phase3-analysis/level1-validation/ui/components/shared/results/base/ResultsSample/components/ResultsTableHeader.tsx[0m:[93m46[0m:[93m24[0m - [91merror[0m[90m TS2339: [0mProperty 'turnId' does not exist on type 'TVMetadata'.

[7m46[0m     (r) => r.metadata?.turnId || r.metadata?.id
[7m  [0m [91m                       ~~~~~~[0m

[96msrc/features/phase3-analysis/level1-validation/ui/components/shared/results/base/ResultsSample/components/ResultsTableHeader.tsx[0m:[93m46[0m:[93m46[0m - [91merror[0m[90m TS2339: [0mProperty 'id' does not exist on type 'TVMetadata'.

[7m46[0m     (r) => r.metadata?.turnId || r.metadata?.id
[7m  [0m [91m                                             ~~[0m

[96msrc/features/phase3-analysis/level1-validation/ui/components/shared/results/base/ResultsSample/types.ts[0m:[93m8[0m:[93m8[0m - [91merror[0m[90m TS2307: [0mCannot find module 'AlgorithmLab/types/core' or its corresponding type declarations.

[7m8[0m } from "AlgorithmLab/types/core"; // <-- sinon ex: "../../../../types/core"
[7m [0m [91m       ~~~~~~~~~~~~~~~~~~~~~~~~~[0m

[96msrc/features/phase3-analysis/level1-validation/ui/components/shared/results/VersionSelector.tsx[0m:[93m22[0m:[93m8[0m - [91merror[0m[90m TS2307: [0mCannot find module '../../../../types' or its corresponding type declarations.

[7m22[0m } from "../../../../types";
[7m  [0m [91m       ~~~~~~~~~~~~~~~~~~~[0m

[96msrc/features/phase3-analysis/level1-validation/ui/hooks/useAlgorithmVersioning.ts[0m:[93m7[0m:[93m8[0m - [91merror[0m[90m TS2307: [0mCannot find module '../types' or its corresponding type declarations.

[7m7[0m } from "../types";
[7m [0m [91m       ~~~~~~~~~~[0m

[96msrc/features/phase3-analysis/level1-validation/ui/hooks/useClassifierStatus.ts[0m:[93m3[0m:[93m35[0m - [91merror[0m[90m TS2307: [0mCannot find module '@/app/(protected)/analysis/components/AlgorithmLab/algorithms/level1/shared' or its corresponding type declarations.

[7m3[0m import { algorithmRegistry } from "@/app/(protected)/analysis/components/AlgorithmLab/algorithms/level1/shared";
[7m [0m [91m                                  ~~~~~~~~~~~~~~~~~~~~~~~~~~~~~~~~~~~~~~~~~~~~~~~~~~~~~~~~~~~~~~~~~~~~~~~~~~~~~[0m

[96msrc/features/phase3-analysis/level1-validation/ui/hooks/useClassifierStatus.ts[0m:[93m57[0m:[93m57[0m - [91merror[0m[90m TS7031: [0mBinding element 'key' implicitly has an 'any' type.

[7m57[0m           const local = algorithmRegistry.list().map(({ key, meta }) => ({
[7m  [0m [91m                                                        ~~~[0m

[96msrc/features/phase3-analysis/level1-validation/ui/hooks/useClassifierStatus.ts[0m:[93m57[0m:[93m62[0m - [91merror[0m[90m TS7031: [0mBinding element 'meta' implicitly has an 'any' type.

[7m57[0m           const local = algorithmRegistry.list().map(({ key, meta }) => ({
[7m  [0m [91m                                                             ~~~~[0m

[96msrc/features/phase3-analysis/level1-validation/ui/hooks/useClassifierStatus.ts[0m:[93m76[0m:[93m55[0m - [91merror[0m[90m TS7031: [0mBinding element 'key' implicitly has an 'any' type.

[7m76[0m         const local = algorithmRegistry.list().map(({ key, meta }) => ({
[7m  [0m [91m                                                      ~~~[0m

[96msrc/features/phase3-analysis/level1-validation/ui/hooks/useClassifierStatus.ts[0m:[93m76[0m:[93m60[0m - [91merror[0m[90m TS7031: [0mBinding element 'meta' implicitly has an 'any' type.

[7m76[0m         const local = algorithmRegistry.list().map(({ key, meta }) => ({
[7m  [0m [91m                                                           ~~~~[0m

[96msrc/features/phase3-analysis/level1-validation/ui/hooks/useLevel1Testing.ts[0m:[93m8[0m:[93m8[0m - [91merror[0m[90m TS2307: [0mCannot find module '../algorithms/level1/shared/BaseClassifier' or its corresponding type declarations.

[7m8[0m } from "../algorithms/level1/shared/BaseClassifier";
[7m [0m [91m       ~~~~~~~~~~~~~~~~~~~~~~~~~~~~~~~~~~~~~~~~~~~~[0m

[96msrc/features/phase3-analysis/level1-validation/ui/hooks/useLevel1Testing.ts[0m:[93m9[0m:[93m38[0m - [91merror[0m[90m TS2307: [0mCannot find module '@/app/(protected)/analysis/components/AlgorithmLab/algorithms/level1/shared/initializeAlgorithms' or its corresponding type declarations.

[7m9[0m import { initializeAlgorithms } from "@/app/(protected)/analysis/components/AlgorithmLab/algorithms/level1/shared/initializeAlgorithms";
[7m [0m [91m                                     ~~~~~~~~~~~~~~~~~~~~~~~~~~~~~~~~~~~~~~~~~~~~~~~~~~~~~~~~~~~~~~~~~~~~~~~~~~~~~~~~~~~~~~~~~~~~~~~~~~[0m

[96msrc/features/phase3-analysis/level1-validation/ui/hooks/useLevel1Testing.ts[0m:[93m15[0m:[93m35[0m - [91merror[0m[90m TS2307: [0mCannot find module '@/app/(protected)/analysis/components/AlgorithmLab/algorithms/level1/shared/AlgorithmRegistry' or its corresponding type declarations.

[7m15[0m import { algorithmRegistry } from "@/app/(protected)/analysis/components/AlgorithmLab/algorithms/level1/shared/AlgorithmRegistry";
[7m  [0m [91m                                  ~~~~~~~~~~~~~~~~~~~~~~~~~~~~~~~~~~~~~~~~~~~~~~~~~~~~~~~~~~~~~~~~~~~~~~~~~~~~~~~~~~~~~~~~~~~~~~~[0m

[96msrc/features/phase3-analysis/level1-validation/ui/hooks/useLevel1Testing.ts[0m:[93m26[0m:[93m8[0m - [91merror[0m[90m TS2307: [0mCannot find module '../types/algorithms/base' or its corresponding type declarations.

[7m26[0m } from "../types/algorithms/base";
[7m  [0m [91m       ~~~~~~~~~~~~~~~~~~~~~~~~~~[0m

[96msrc/features/phase3-analysis/level1-validation/ui/hooks/useLevel1Testing.ts[0m:[93m30[0m:[93m8[0m - [91merror[0m[90m TS2307: [0mCannot find module '../types/utils/corpusFilters' or its corresponding type declarations.

[7m30[0m } from "../types/utils/corpusFilters";
[7m  [0m [91m       ~~~~~~~~~~~~~~~~~~~~~~~~~~~~~~[0m

[96msrc/features/phase3-analysis/level1-validation/ui/hooks/useLevel1Testing.ts[0m:[93m34[0m:[93m8[0m - [91merror[0m[90m TS2307: [0mCannot find module '../types/utils/inputPreparation' or its corresponding type declarations.

[7m34[0m } from "../types/utils/inputPreparation";
[7m  [0m [91m       ~~~~~~~~~~~~~~~~~~~~~~~~~~~~~~~~~[0m

[96msrc/features/phase3-analysis/level1-validation/ui/hooks/useLevel1Testing.ts[0m:[93m38[0m:[93m31[0m - [91merror[0m[90m TS2307: [0mCannot find module '../types/h2Types' or its corresponding type declarations.

[7m38[0m import { getH2Property } from "../types/h2Types";
[7m  [0m [91m                              ~~~~~~~~~~~~~~~~~~[0m

[96msrc/features/phase3-analysis/level1-validation/ui/hooks/useLevel1Testing.ts[0m:[93m408[0m:[93m31[0m - [91merror[0m[90m TS18046: [0m'config' is of type 'unknown'.

[7m408[0m       .filter(([, config]) => config.target === target)
[7m   [0m [91m                              ~~~~~~[0m

[96msrc/features/phase3-analysis/level1-validation/ui/hooks/useLevel1Testing.ts[0m:[93m480[0m:[93m23[0m - [91merror[0m[90m TS18046: [0m'sample' is of type 'unknown'.

[7m480[0m             verbatim: sample.verbatim,
[7m   [0m [91m                      ~~~~~~[0m

[96msrc/features/phase3-analysis/level1-validation/ui/hooks/useLevel1Testing.ts[0m:[93m481[0m:[93m26[0m - [91merror[0m[90m TS18046: [0m'sample' is of type 'unknown'.

[7m481[0m             expectedTag: sample.expectedTag,
[7m   [0m [91m                         ~~~~~~[0m

[96msrc/features/phase3-analysis/level1-validation/ui/hooks/useLevel1Testing.ts[0m:[93m482[0m:[93m23[0m - [91merror[0m[90m TS18046: [0m'sample' is of type 'unknown'.

[7m482[0m             metadata: sample.metadata,
[7m   [0m [91m                      ~~~~~~[0m

[96msrc/features/phase3-analysis/level1-validation/ui/hooks/useLevel1Testing.ts[0m:[93m762[0m:[93m66[0m - [91merror[0m[90m TS7006: [0mParameter 'e' implicitly has an 'any' type.

[7m762[0m     getAvailableClassifiers: () => algorithmRegistry.list().map((e) => e.key),
[7m   [0m [91m                                                                 ~[0m

[96msrc/features/phase3-analysis/level1-validation/ui/hooks/useLevel1Testing.ts[0m:[93m764[0m:[93m38[0m - [91merror[0m[90m TS7006: [0mParameter 'e' implicitly has an 'any' type.

[7m764[0m       algorithmRegistry.list().find((e) => e.key === name)?.meta,
[7m   [0m [91m                                     ~[0m

[96msrc/features/phase3-analysis/level1-validation/ui/hooks/useLevel1Testing.ts[0m:[93m801[0m:[93m71[0m - [91merror[0m[90m TS18046: [0m'a' is of type 'unknown'.

[7m801[0m     totalSamples: Object.values(samplesPerAlgorithm).reduce((a, b) => a + b, 0),
[7m   [0m [91m                                                                      ~[0m

[96msrc/features/phase3-analysis/level1-validation/ui/hooks/useLevel1Testing.ts[0m:[93m801[0m:[93m75[0m - [91merror[0m[90m TS18046: [0m'b' is of type 'unknown'.

[7m801[0m     totalSamples: Object.values(samplesPerAlgorithm).reduce((a, b) => a + b, 0),
[7m   [0m [91m                                                                          ~[0m

[96msrc/features/phase3-analysis/level1-validation/ui/hooks/usePostValidationVersioning.ts[0m:[93m3[0m:[93m35[0m - [91merror[0m[90m TS2307: [0mCannot find module '../algorithms/level1/shared/AlgorithmRegistry' or its corresponding type declarations.

[7m3[0m import { algorithmRegistry } from "../algorithms/level1/shared/AlgorithmRegistry";
[7m [0m [91m                                  ~~~~~~~~~~~~~~~~~~~~~~~~~~~~~~~~~~~~~~~~~~~~~~~[0m

[96msrc/features/phase3-analysis/level1-validation/ui/hooks/usePostValidationVersioning.ts[0m:[93m11[0m:[93m8[0m - [91merror[0m[90m TS2307: [0mCannot find module '../types' or its corresponding type declarations.

[7m11[0m } from "../types";
[7m  [0m [91m       ~~~~~~~~~~[0m

[96msrc/features/phase3-analysis/level2-hypotheses/h2/ui/hooks/useStrategyStats.tsx[0m:[93m4[0m:[93m31[0m - [91merror[0m[90m TS2307: [0mCannot find module '../types' or its corresponding type declarations.

[7m4[0m import { StrategyStats } from "../types";
[7m [0m [91m                              ~~~~~~~~~~[0m

[96msrc/features/phase3-analysis/level2-hypotheses/h2/ui/hooks/useTemporalAnalysis.tsx[0m:[93m141[0m:[93m30[0m - [91merror[0m[90m TS2352: [0mConversion of type '{ id: any; call_id: any; tag: any; start_time: any; end_time: any; speaker: any; verbatim: any; lpltag: { family: any; color: any; }[]; }[]' to type 'SupabaseTagData[]' may be a mistake because neither type sufficiently overlaps with the other. If this was intentional, convert the expression to 'unknown' first.
  Type '{ id: any; call_id: any; tag: any; start_time: any; end_time: any; speaker: any; verbatim: any; lpltag: { family: any; color: any; }[]; }' is not comparable to type 'SupabaseTagData'.
    Types of property 'lpltag' are incompatible.
      Type '{ family: any; color: any; }[]' is missing the following properties from type '{ family: string; color: string; }': family, color

[7m141[0m       const turnTaggedData = rawData as SupabaseTagData[];
[7m   [0m [91m                             ~~~~~~~~~~~~~~~~~~~~~~~~~~~~[0m

[96msrc/features/phase3-analysis/level2-hypotheses/shared/cognitive-metrics/CognitiveMetricsRegistry.tsx[0m:[93m3[0m:[93m33[0m - [91merror[0m[90m TS2307: [0mCannot find module '../metrics-framework/core/MetricsRegistry' or its corresponding type declarations.

[7m3[0m import { metricsRegistry } from "../metrics-framework/core/MetricsRegistry";
[7m [0m [91m                                ~~~~~~~~~~~~~~~~~~~~~~~~~~~~~~~~~~~~~~~~~~~[0m

[96msrc/features/phase3-analysis/level2-hypotheses/shared/cognitive-metrics/CognitiveMetricsRegistry.tsx[0m:[93m94[0m:[93m50[0m - [91merror[0m[90m TS7006: [0mParameter 'ind' implicitly has an 'any' type.

[7m94[0m   const registeredIds = registeredCognitive.map((ind) => ind.getId());
[7m  [0m [91m                                                 ~~~[0m

[96msrc/features/phase3-analysis/level2-hypotheses/shared/cognitive-metrics/CognitiveMetricsRegistry.tsx[0m:[93m99[0m:[93m39[0m - [91merror[0m[90m TS7006: [0mParameter 'id' implicitly has an 'any' type.

[7m99[0m   const extra = registeredIds.filter((id) => !expectedIndicators.includes(id));
[7m  [0m [91m                                      ~~[0m

[96msrc/features/phase3-analysis/level2-hypotheses/shared/cognitive-metrics/CognitiveMetricsRegistry.tsx[0m:[93m129[0m:[93m6[0m - [91merror[0m[90m TS7006: [0mParameter 'ind' implicitly has an 'any' type.

[7m129[0m     (ind) => ind.getImplementationStatus() === "implemented"
[7m   [0m [91m     ~~~[0m

[96msrc/features/phase3-analysis/level2-hypotheses/shared/cognitive-metrics/CognitiveMetricsRegistry.tsx[0m:[93m133[0m:[93m6[0m - [91merror[0m[90m TS7006: [0mParameter 'sum' implicitly has an 'any' type.

[7m133[0m     (sum, ind) => sum + ind.getAvailableAlgorithms().length,
[7m   [0m [91m     ~~~[0m

[96msrc/features/phase3-analysis/level2-hypotheses/shared/cognitive-metrics/CognitiveMetricsRegistry.tsx[0m:[93m133[0m:[93m11[0m - [91merror[0m[90m TS7006: [0mParameter 'ind' implicitly has an 'any' type.

[7m133[0m     (sum, ind) => sum + ind.getAvailableAlgorithms().length,
[7m   [0m [91m          ~~~[0m

[96msrc/features/phase3-analysis/level2-hypotheses/shared/cognitive-metrics/indicators/FluiditeCognitiveIndicator/algorithms/BasicFluidityAlgorithm.ts[0m:[93m3[0m:[93m39[0m - [91merror[0m[90m TS2307: [0mCannot find module '../@/features/phase3-analysis/shared/metrics-framework/core/strategies/BaseAlgorithmStrategy' or its corresponding type declarations.

[7m3[0m import { BaseAlgorithmStrategy } from "../@/features/phase3-analysis/shared/metrics-framework/core/strategies/BaseAlgorithmStrategy";
[7m [0m [91m                                      ~~~~~~~~~~~~~~~~~~~~~~~~~~~~~~~~~~~~~~~~~~~~~~~~~~~~~~~~~~~~~~~~~~~~~~~~~~~~~~~~~~~~~~~~~~~~~~[0m

[96msrc/features/phase3-analysis/level2-hypotheses/shared/cognitive-metrics/indicators/FluiditeCognitiveIndicator/algorithms/BasicFluidityAlgorithm.ts[0m:[93m8[0m:[93m8[0m - [91merror[0m[90m TS2307: [0mCannot find module '../@/features/phase3-analysis/shared/metrics-framework/core/types/base' or its corresponding type declarations.

[7m8[0m } from "../@/features/phase3-analysis/shared/metrics-framework/core/types/base";
[7m [0m [91m       ~~~~~~~~~~~~~~~~~~~~~~~~~~~~~~~~~~~~~~~~~~~~~~~~~~~~~~~~~~~~~~~~~~~~~~~~[0m

[96msrc/features/phase3-analysis/level2-hypotheses/shared/cognitive-metrics/indicators/FluiditeCognitiveIndicator/algorithms/BasicFluidityAlgorithm.ts[0m:[93m45[0m:[93m10[0m - [91merror[0m[90m TS2339: [0mProperty 'validateInput' does not exist on type 'BasicFluidityAlgorithm'.

[7m45[0m     this.validateInput(data);
[7m  [0m [91m         ~~~~~~~~~~~~~[0m

[96msrc/features/phase3-analysis/level2-hypotheses/shared/cognitive-metrics/indicators/FluiditeCognitiveIndicator/algorithms/BasicFluidityAlgorithm.ts[0m:[93m48[0m:[93m35[0m - [91merror[0m[90m TS2339: [0mProperty 'preprocessData' does not exist on type 'BasicFluidityAlgorithm'.

[7m48[0m     const preprocessedData = this.preprocessData(data);
[7m  [0m [91m                                  ~~~~~~~~~~~~~~[0m

[96msrc/features/phase3-analysis/level2-hypotheses/shared/cognitive-metrics/indicators/FluiditeCognitiveIndicator/algorithms/BasicFluidityAlgorithm.ts[0m:[93m57[0m:[93m54[0m - [91merror[0m[90m TS2339: [0mProperty 'measureExecutionTime' does not exist on type 'BasicFluidityAlgorithm'.

[7m57[0m         const { result, executionTime } = await this.measureExecutionTime(() =>
[7m  [0m [91m                                                     ~~~~~~~~~~~~~~~~~~~~[0m

[96msrc/features/phase3-analysis/level2-hypotheses/shared/cognitive-metrics/indicators/FluiditeCognitiveIndicator/algorithms/BasicFluidityAlgorithm.ts[0m:[93m65[0m:[93m14[0m - [91merror[0m[90m TS2339: [0mProperty 'log' does not exist on type 'BasicFluidityAlgorithm'.

[7m65[0m         this.log("error", `Erreur calcul turn ${turn.id}`, error);
[7m  [0m [91m             ~~~[0m

[96msrc/features/phase3-analysis/level2-hypotheses/shared/cognitive-metrics/indicators/FluiditeCognitiveIndicator/algorithms/BasicFluidityAlgorithm.ts[0m:[93m94[0m:[93m30[0m - [91merror[0m[90m TS2339: [0mProperty 'normalizeScore' does not exist on type 'BasicFluidityAlgorithm'.

[7m94[0m     const globalScore = this.normalizeScore(
[7m  [0m [91m                             ~~~~~~~~~~~~~~[0m

[96msrc/features/phase3-analysis/level2-hypotheses/shared/cognitive-metrics/indicators/FluiditeCognitiveIndicator/algorithms/BasicFluidityAlgorithm.ts[0m:[93m120[0m:[93m7[0m - [91merror[0m[90m TS2353: [0mObject literal may only specify known properties, and 'explanation' does not exist in type 'FluidityCognitiveResult'.

[7m120[0m       explanation: this.generateExplanation(
[7m   [0m [91m      ~~~~~~~~~~~[0m

[96msrc/features/phase3-analysis/level2-hypotheses/shared/cognitive-metrics/indicators/FluiditeCognitiveIndicator/algorithms/BasicFluidityAlgorithm.ts[0m:[93m128[0m:[93m28[0m - [91merror[0m[90m TS2339: [0mProperty 'getId' does not exist on type 'BasicFluidityAlgorithm'.

[7m128[0m       algorithm_used: this.getId(),
[7m   [0m [91m                           ~~~~~[0m

[96msrc/features/phase3-analysis/level2-hypotheses/shared/cognitive-metrics/indicators/FluiditeCognitiveIndicator/algorithms/BasicFluidityAlgorithm.ts[0m:[93m293[0m:[93m27[0m - [91merror[0m[90m TS2339: [0mProperty 'calculateBaseConfidence' does not exist on type 'BasicFluidityAlgorithm'.

[7m293[0m     let confidence = this.calculateBaseConfidence(turn);
[7m   [0m [91m                          ~~~~~~~~~~~~~~~~~~~~~~~[0m

[96msrc/features/phase3-analysis/level2-hypotheses/shared/cognitive-metrics/indicators/FluiditeCognitiveIndicator/algorithms/BasicFluidityAlgorithm.ts[0m:[93m313[0m:[93m17[0m - [91merror[0m[90m TS2339: [0mProperty 'normalizeScore' does not exist on type 'BasicFluidityAlgorithm'.

[7m313[0m     return this.normalizeScore(confidence, 0.1, 0.95);
[7m   [0m [91m                ~~~~~~~~~~~~~~[0m

[96msrc/features/phase3-analysis/level2-hypotheses/shared/cognitive-metrics/indicators/FluiditeCognitiveIndicator/algorithms/BasicFluidityAlgorithm.ts[0m:[93m354[0m:[93m28[0m - [91merror[0m[90m TS2339: [0mProperty 'createErrorResult' does not exist on type 'BasicFluidityAlgorithm'.

[7m354[0m     const baseError = this.createErrorResult(
[7m   [0m [91m                           ~~~~~~~~~~~~~~~~~[0m

[96msrc/features/phase3-analysis/level2-hypotheses/shared/cognitive-metrics/indicators/FluiditeCognitiveIndicator/algorithms/BasicFluidityAlgorithm.ts[0m:[93m396[0m:[93m18[0m - [91merror[0m[90m TS7006: [0mParameter 'w' implicitly has an 'any' type.

[7m396[0m         .filter((w) => w.length > 0).length;
[7m   [0m [91m                 ~[0m

[96msrc/features/phase3-analysis/level2-hypotheses/shared/cognitive-metrics/indicators/FluiditeCognitiveIndicator/algorithms/BasicFluidityAlgorithm.ts[0m:[93m400[0m:[93m24[0m - [91merror[0m[90m TS2339: [0mProperty 'calculateStats' does not exist on type 'BasicFluidityAlgorithm'.

[7m400[0m     const stats = this.calculateStats(paces);
[7m   [0m [91m                       ~~~~~~~~~~~~~~[0m

[96msrc/features/phase3-analysis/level2-hypotheses/shared/cognitive-metrics/indicators/FluiditeCognitiveIndicator/algorithms/BasicFluidityAlgorithm.ts[0m:[93m527[0m:[93m44[0m - [91merror[0m[90m TS2683: [0m'this' implicitly has type 'any' because it does not have a type annotation.

[7m527[0m     temporalConsistency: ReturnType<typeof this.analyzeTemporalConsistency>;
[7m   [0m [91m                                           ~~~~[0m

  [96msrc/features/phase3-analysis/level2-hypotheses/shared/cognitive-metrics/indicators/FluiditeCognitiveIndicator/algorithms/BasicFluidityAlgorithm.ts[0m:[93m527[0m:[93m5[0m
    [7m527[0m     temporalConsistency: ReturnType<typeof this.analyzeTemporalConsistency>;
    [7m   [0m [96m    ~~~~~~~~~~~~~~~~~~~[0m
    An outer value of 'this' is shadowed by this container.

[96msrc/features/phase3-analysis/level2-hypotheses/shared/cognitive-metrics/indicators/FluiditeCognitiveIndicator/algorithms/BasicFluidityAlgorithm.ts[0m:[93m528[0m:[93m45[0m - [91merror[0m[90m TS2683: [0m'this' implicitly has type 'any' because it does not have a type annotation.

[7m528[0m     linguisticComplexity: ReturnType<typeof this.calculateLinguisticComplexity>;
[7m   [0m [91m                                            ~~~~[0m

  [96msrc/features/phase3-analysis/level2-hypotheses/shared/cognitive-metrics/indicators/FluiditeCognitiveIndicator/algorithms/BasicFluidityAlgorithm.ts[0m:[93m528[0m:[93m5[0m
    [7m528[0m     linguisticComplexity: ReturnType<typeof this.calculateLinguisticComplexity>;
    [7m   [0m [96m    ~~~~~~~~~~~~~~~~~~~~[0m
    An outer value of 'this' is shadowed by this container.

[96msrc/features/phase3-analysis/level2-hypotheses/shared/cognitive-metrics/indicators/FluiditeCognitiveIndicator/algorithms/NeuronMirrorAlgorithm.ts[0m:[93m3[0m:[93m39[0m - [91merror[0m[90m TS2307: [0mCannot find module '../@/features/phase3-analysis/shared/metrics-framework/core/BaseIndicator' or its corresponding type declarations.

[7m3[0m import { BaseAlgorithmStrategy } from "../@/features/phase3-analysis/shared/metrics-framework/core/BaseIndicator";
[7m [0m [91m                                      ~~~~~~~~~~~~~~~~~~~~~~~~~~~~~~~~~~~~~~~~~~~~~~~~~~~~~~~~~~~~~~~~~~~~~~~~~~~[0m

[96msrc/features/phase3-analysis/level2-hypotheses/shared/cognitive-metrics/indicators/FluiditeCognitiveIndicator/algorithms/NeuronMirrorAlgorithm.ts[0m:[93m8[0m:[93m8[0m - [91merror[0m[90m TS2307: [0mCannot find module '../@/features/phase3-analysis/shared/metrics-framework/core/types/base' or its corresponding type declarations.

[7m8[0m } from "../@/features/phase3-analysis/shared/metrics-framework/core/types/base";
[7m [0m [91m       ~~~~~~~~~~~~~~~~~~~~~~~~~~~~~~~~~~~~~~~~~~~~~~~~~~~~~~~~~~~~~~~~~~~~~~~~[0m

[96msrc/features/phase3-analysis/level2-hypotheses/shared/cognitive-metrics/indicators/FluiditeCognitiveIndicator/algorithms/NeuronMirrorAlgorithm.ts[0m:[93m121[0m:[93m7[0m - [91merror[0m[90m TS2353: [0mObject literal may only specify known properties, and 'confidence' does not exist in type 'FluidityCognitiveResult'.

[7m121[0m       confidence: 0.9, // Confiance ├®lev├®e pour algorithme avanc├®
[7m   [0m [91m      ~~~~~~~~~~[0m

[96msrc/features/phase3-analysis/level2-hypotheses/shared/cognitive-metrics/indicators/FluiditeCognitiveIndicator/algorithms/NeuronMirrorAlgorithm.ts[0m:[93m130[0m:[93m28[0m - [91merror[0m[90m TS2339: [0mProperty 'getId' does not exist on type 'NeuronMirrorAlgorithm'.

[7m130[0m       algorithm_used: this.getId(),
[7m   [0m [91m                           ~~~~~[0m

[96msrc/features/phase3-analysis/level2-hypotheses/shared/cognitive-metrics/indicators/FluiditeCognitiveIndicator/algorithms/NeuronMirrorAlgorithm.ts[0m:[93m210[0m:[93m18[0m - [91merror[0m[90m TS7006: [0mParameter 'w' implicitly has an 'any' type.

[7m210[0m         .filter((w) => w.length > 2)
[7m   [0m [91m                 ~[0m

[96msrc/features/phase3-analysis/level2-hypotheses/shared/cognitive-metrics/indicators/FluiditeCognitiveIndicator/algorithms/NeuronMirrorAlgorithm.ts[0m:[93m216[0m:[93m18[0m - [91merror[0m[90m TS7006: [0mParameter 'w' implicitly has an 'any' type.

[7m216[0m         .filter((w) => w.length > 2)
[7m   [0m [91m                 ~[0m

[96msrc/features/phase3-analysis/level2-hypotheses/shared/cognitive-metrics/indicators/FluiditeCognitiveIndicator/algorithms/NeuronMirrorAlgorithm.ts[0m:[93m411[0m:[93m7[0m - [91merror[0m[90m TS2353: [0mObject literal may only specify known properties, and 'confidence' does not exist in type 'FluidityCognitiveResult'.

[7m411[0m       confidence: 0,
[7m   [0m [91m      ~~~~~~~~~~[0m

[96msrc/features/phase3-analysis/level2-hypotheses/shared/cognitive-metrics/indicators/FluiditeCognitiveIndicator/algorithms/NeuronMirrorAlgorithm.ts[0m:[93m415[0m:[93m28[0m - [91merror[0m[90m TS2339: [0mProperty 'getId' does not exist on type 'NeuronMirrorAlgorithm'.

[7m415[0m       algorithm_used: this.getId(),
[7m   [0m [91m                           ~~~~~[0m

[96msrc/features/phase3-analysis/level2-hypotheses/shared/cognitive-metrics/migration/adaptUseCognitiveMetrics.ts[0m:[93m230[0m:[93m49[0m - [91merror[0m[90m TS2339: [0mProperty 'getByDomain' does not exist on type 'MetricsRegistry'.

[7m230[0m     const cognitiveIndicators = metricsRegistry.getByDomain("cognitive");
[7m   [0m [91m                                                ~~~~~~~~~~~[0m

[96msrc/features/phase3-analysis/level2-hypotheses/shared/cognitive-metrics/migration/adaptUseCognitiveMetrics.ts[0m:[93m237[0m:[93m47[0m - [91merror[0m[90m TS2339: [0mProperty 'get' does not exist on type 'MetricsRegistry'.

[7m237[0m     const fluiditeIndicator = metricsRegistry.get("fluidite_cognitive");
[7m   [0m [91m                                              ~~~[0m

[96msrc/features/phase3-analysis/level2-hypotheses/shared/cognitive-metrics/migration/adaptUseCognitiveMetrics.ts[0m:[93m273[0m:[93m47[0m - [91merror[0m[90m TS2339: [0mProperty 'getByDomain' does not exist on type 'MetricsRegistry'.

[7m273[0m   const cognitiveIndicators = metricsRegistry.getByDomain("cognitive");
[7m   [0m [91m                                              ~~~~~~~~~~~[0m

[96msrc/features/phase3-analysis/level2-hypotheses/shared/cognitive-metrics/migration/adaptUseCognitiveMetrics.ts[0m:[93m274[0m:[93m33[0m - [91merror[0m[90m TS2339: [0mProperty 'getStats' does not exist on type 'MetricsRegistry'.

[7m274[0m   const stats = metricsRegistry.getStats();
[7m   [0m [91m                                ~~~~~~~~[0m

[96msrc/features/phase3-analysis/level2-hypotheses/shared/cognitive-metrics/migration/adaptUseCognitiveMetrics.ts[0m:[93m275[0m:[93m37[0m - [91merror[0m[90m TS2339: [0mProperty 'diagnose' does not exist on type 'MetricsRegistry'.

[7m275[0m   const diagnosis = metricsRegistry.diagnose();
[7m   [0m [91m                                    ~~~~~~~~[0m

[96msrc/features/phase3-analysis/level2-hypotheses/shared/cognitive-metrics/migration/adaptUseCognitiveMetrics.ts[0m:[93m278[0m:[93m6[0m - [91merror[0m[90m TS7006: [0mParameter 'sum' implicitly has an 'any' type.

[7m278[0m     (sum, ind) => sum + ind.getAvailableAlgorithms().length,
[7m   [0m [91m     ~~~[0m

[96msrc/features/phase3-analysis/level2-hypotheses/shared/cognitive-metrics/migration/adaptUseCognitiveMetrics.ts[0m:[93m278[0m:[93m11[0m - [91merror[0m[90m TS7006: [0mParameter 'ind' implicitly has an 'any' type.

[7m278[0m     (sum, ind) => sum + ind.getAvailableAlgorithms().length,
[7m   [0m [91m          ~~~[0m

[96msrc/features/phase3-analysis/level2-hypotheses/shared/cognitive-metrics/migration/CognitiveMetricsMigration.tsx[0m:[93m77[0m:[93m44[0m - [91merror[0m[90m TS2339: [0mProperty 'register' does not exist on type 'MetricsRegistry'.

[7m77[0m         const registered = metricsRegistry.register(fluiditeIndicator);
[7m  [0m [91m                                           ~~~~~~~~[0m

[96msrc/features/phase3-analysis/level2-hypotheses/shared/cognitive-metrics/migration/CognitiveMetricsMigration.tsx[0m:[93m116[0m:[93m22[0m - [91merror[0m[90m TS2554: [0mExpected 1 arguments, but got 0.

[7m116[0m       unifiedMetrics.calculateMetrics();
[7m   [0m [91m                     ~~~~~~~~~~~~~~~~[0m

  [96msrc/features/phase3-analysis/shared/metrics-framework/hooks/useMetricsEngine.ts[0m:[93m21[0m:[93m22[0m
    [7m21[0m   calculateMetrics: (data: TurnTaggedData[]) => Promise<void>;
    [7m  [0m [96m                     ~~~~~~~~~~~~~~~~~~~~~~[0m
    An argument for 'data' was not provided.

[96msrc/features/phase3-analysis/level2-hypotheses/shared/cognitive-metrics/migration/CognitiveMetricsMigration.tsx[0m:[93m125[0m:[93m26[0m - [91merror[0m[90m TS2551: [0mProperty 'availableAlgorithms' does not exist on type 'MetricsEngineReturn'. Did you mean 'getAvailableAlgorithms'?

[7m125[0m           unifiedMetrics.availableAlgorithms[indicator.getId()] || [];
[7m   [0m [91m                         ~~~~~~~~~~~~~~~~~~~[0m

  [96msrc/features/phase3-analysis/shared/metrics-framework/hooks/useMetricsEngine.ts[0m:[93m25[0m:[93m3[0m
    [7m25[0m   getAvailableAlgorithms: (indicatorId: string) => AlgorithmConfig[];
    [7m  [0m [96m  ~~~~~~~~~~~~~~~~~~~~~~[0m
    'getAvailableAlgorithms' is declared here.

[96msrc/features/phase3-analysis/level2-hypotheses/shared/cognitive-metrics/migration/CognitiveMetricsMigration.tsx[0m:[93m125[0m:[93m56[0m - [91merror[0m[90m TS2339: [0mProperty 'getId' does not exist on type 'BaseIndicatorConfig'.

[7m125[0m           unifiedMetrics.availableAlgorithms[indicator.getId()] || [];
[7m   [0m [91m                                                       ~~~~~[0m

[96msrc/features/phase3-analysis/level2-hypotheses/shared/cognitive-metrics/migration/CognitiveMetricsMigration.tsx[0m:[93m128[0m:[93m32[0m - [91merror[0m[90m TS2339: [0mProperty 'compareAlgorithms' does not exist on type 'MetricsEngineReturn'.

[7m128[0m           await unifiedMetrics.compareAlgorithms(indicator.getId(), algorithms);
[7m   [0m [91m                               ~~~~~~~~~~~~~~~~~[0m

[96msrc/features/phase3-analysis/level2-hypotheses/shared/cognitive-metrics/migration/CognitiveMetricsMigration.tsx[0m:[93m128[0m:[93m60[0m - [91merror[0m[90m TS2339: [0mProperty 'getId' does not exist on type 'BaseIndicatorConfig'.

[7m128[0m           await unifiedMetrics.compareAlgorithms(indicator.getId(), algorithms);
[7m   [0m [91m                                                           ~~~~~[0m

[96msrc/features/phase3-analysis/level2-hypotheses/shared/cognitive-metrics/migration/CognitiveMetricsMigration.tsx[0m:[93m243[0m:[93m45[0m - [91merror[0m[90m TS2551: [0mProperty 'availableAlgorithms' does not exist on type 'MetricsEngineReturn'. Did you mean 'getAvailableAlgorithms'?

[7m243[0m                 {Object.keys(unifiedMetrics.availableAlgorithms).length}
[7m   [0m [91m                                            ~~~~~~~~~~~~~~~~~~~[0m

  [96msrc/features/phase3-analysis/shared/metrics-framework/hooks/useMetricsEngine.ts[0m:[93m25[0m:[93m3[0m
    [7m25[0m   getAvailableAlgorithms: (indicatorId: string) => AlgorithmConfig[];
    [7m  [0m [96m  ~~~~~~~~~~~~~~~~~~~~~~[0m
    'getAvailableAlgorithms' is declared here.

[96msrc/features/phase3-analysis/level2-hypotheses/shared/cognitive-metrics/migration/CognitiveMetricsMigration.tsx[0m:[93m249[0m:[93m33[0m - [91merror[0m[90m TS2339: [0mProperty 'performanceMetrics' does not exist on type 'MetricsEngineReturn'.

[7m249[0m                 {unifiedMetrics.performanceMetrics.lastCalculationTime.toFixed(
[7m   [0m [91m                                ~~~~~~~~~~~~~~~~~~[0m

[96msrc/features/phase3-analysis/level2-hypotheses/shared/cognitive-metrics/migration/CognitiveMetricsMigration.tsx[0m:[93m314[0m:[93m64[0m - [91merror[0m[90m TS2339: [0mProperty 'getStats' does not exist on type 'MetricsRegistry'.

[7m314[0m                 console.log("Stats registre:", metricsRegistry.getStats())
[7m   [0m [91m                                                               ~~~~~~~~[0m

[96msrc/features/phase3-analysis/level2-hypotheses/shared/cognitive-metrics/migration/CognitiveMetricsMigration.tsx[0m:[93m368[0m:[93m33[0m - [91merror[0m[90m TS2339: [0mProperty 'familyResults' does not exist on type 'MetricsEngineReturn'.

[7m368[0m                 {unifiedMetrics.familyResults.length}
[7m   [0m [91m                                ~~~~~~~~~~~~~[0m

[96msrc/features/phase3-analysis/level2-hypotheses/shared/cognitive-metrics/migration/CognitiveMetricsMigration.tsx[0m:[93m379[0m:[93m34[0m - [91merror[0m[90m TS2339: [0mProperty 'globalMetrics' does not exist on type 'MetricsEngineReturn'.

[7m379[0m                   unifiedMetrics.globalMetrics.averageEffectiveness * 100
[7m   [0m [91m                                 ~~~~~~~~~~~~~[0m

[96msrc/features/phase3-analysis/level2-hypotheses/shared/cognitive-metrics/migration/CognitiveMetricsMigration.tsx[0m:[93m391[0m:[93m33[0m - [91merror[0m[90m TS2339: [0mProperty 'globalMetrics' does not exist on type 'MetricsEngineReturn'.

[7m391[0m                 {unifiedMetrics.globalMetrics.topPerformingFamily || "N/A"}
[7m   [0m [91m                                ~~~~~~~~~~~~~[0m

[96msrc/features/phase3-analysis/level2-hypotheses/shared/cognitive-metrics/migration/CognitiveMetricsMigration.tsx[0m:[93m401[0m:[93m33[0m - [91merror[0m[90m TS2339: [0mProperty 'performanceMetrics' does not exist on type 'MetricsEngineReturn'.

[7m401[0m                 {unifiedMetrics.performanceMetrics.lastCalculationTime.toFixed(
[7m   [0m [91m                                ~~~~~~~~~~~~~~~~~~[0m

[96msrc/features/phase3-analysis/level2-hypotheses/shared/cognitive-metrics/migration/CognitiveMetricsMigration.tsx[0m:[93m427[0m:[93m48[0m - [91merror[0m[90m TS2339: [0mProperty 'getId' does not exist on type 'BaseIndicatorConfig'.

[7m427[0m               unifiedMetrics.results[indicator.getId()] || [];
[7m   [0m [91m                                               ~~~~~[0m

[96msrc/features/phase3-analysis/level2-hypotheses/shared/cognitive-metrics/migration/CognitiveMetricsMigration.tsx[0m:[93m438[0m:[93m36[0m - [91merror[0m[90m TS2339: [0mProperty 'getId' does not exist on type 'BaseIndicatorConfig'.

[7m438[0m               <Card key={indicator.getId()} sx={{ height: "100%" }}>
[7m   [0m [91m                                   ~~~~~[0m

[96msrc/features/phase3-analysis/level2-hypotheses/shared/cognitive-metrics/migration/CognitiveMetricsMigration.tsx[0m:[93m448[0m:[93m57[0m - [91merror[0m[90m TS2339: [0mProperty 'getName' does not exist on type 'BaseIndicatorConfig'.

[7m448[0m                     <Typography variant="h6">{indicator.getName()}</Typography>
[7m   [0m [91m                                                        ~~~~~~~[0m

[96msrc/features/phase3-analysis/level2-hypotheses/shared/cognitive-metrics/migration/CognitiveMetricsMigration.tsx[0m:[93m450[0m:[93m40[0m - [91merror[0m[90m TS2551: [0mProperty 'getImplementationStatus' does not exist on type 'BaseIndicatorConfig'. Did you mean 'implementationStatus'?

[7m450[0m                       label={indicator.getImplementationStatus()}
[7m   [0m [91m                                       ~~~~~~~~~~~~~~~~~~~~~~~[0m

  [96msrc/features/phase3-analysis/shared/metrics-framework/core/types/base.ts[0m:[93m99[0m:[93m3[0m
    [7m99[0m   implementationStatus: ImplementationStatus;
    [7m  [0m [96m  ~~~~~~~~~~~~~~~~~~~~[0m
    'implementationStatus' is declared here.

[96msrc/features/phase3-analysis/level2-hypotheses/shared/cognitive-metrics/migration/CognitiveMetricsMigration.tsx[0m:[93m452[0m:[93m35[0m - [91merror[0m[90m TS2551: [0mProperty 'getImplementationStatus' does not exist on type 'BaseIndicatorConfig'. Did you mean 'implementationStatus'?

[7m452[0m                         indicator.getImplementationStatus() === "implemented"
[7m   [0m [91m                                  ~~~~~~~~~~~~~~~~~~~~~~~[0m

  [96msrc/features/phase3-analysis/shared/metrics-framework/core/types/base.ts[0m:[93m99[0m:[93m3[0m
    [7m99[0m   implementationStatus: ImplementationStatus;
    [7m  [0m [96m  ~~~~~~~~~~~~~~~~~~~~[0m
    'implementationStatus' is declared here.

[96msrc/features/phase3-analysis/level2-hypotheses/shared/cognitive-metrics/migration/CognitiveMetricsMigration.tsx[0m:[93m465[0m:[93m32[0m - [91merror[0m[90m TS2551: [0mProperty 'getDomain' does not exist on type 'BaseIndicatorConfig'. Did you mean 'domain'?

[7m465[0m                     {indicator.getDomain()}
[7m   [0m [91m                               ~~~~~~~~~[0m

  [96msrc/features/phase3-analysis/shared/metrics-framework/core/types/base.ts[0m:[93m97[0m:[93m3[0m
    [7m97[0m   domain: MetricsDomain;
    [7m  [0m [96m  ~~~~~~[0m
    'domain' is declared here.

[96msrc/features/phase3-analysis/level2-hypotheses/shared/cognitive-metrics/migration/CognitiveMetricsMigration.tsx[0m:[93m488[0m:[93m39[0m - [91merror[0m[90m TS2551: [0mProperty 'availableAlgorithms' does not exist on type 'MetricsEngineReturn'. Did you mean 'getAvailableAlgorithms'?

[7m488[0m                       {unifiedMetrics.availableAlgorithms[
[7m   [0m [91m                                      ~~~~~~~~~~~~~~~~~~~[0m

  [96msrc/features/phase3-analysis/shared/metrics-framework/hooks/useMetricsEngine.ts[0m:[93m25[0m:[93m3[0m
    [7m25[0m   getAvailableAlgorithms: (indicatorId: string) => AlgorithmConfig[];
    [7m  [0m [96m  ~~~~~~~~~~~~~~~~~~~~~~[0m
    'getAvailableAlgorithms' is declared here.

[96msrc/features/phase3-analysis/level2-hypotheses/shared/cognitive-metrics/migration/CognitiveMetricsMigration.tsx[0m:[93m489[0m:[93m35[0m - [91merror[0m[90m TS2339: [0mProperty 'getId' does not exist on type 'BaseIndicatorConfig'.

[7m489[0m                         indicator.getId()
[7m   [0m [91m                                  ~~~~~[0m

[96msrc/features/phase3-analysis/level2-hypotheses/shared/cognitive-metrics/migration/CognitiveMetricsMigration.tsx[0m:[93m490[0m:[93m31[0m - [91merror[0m[90m TS7006: [0mParameter 'algId' implicitly has an 'any' type.

[7m490[0m                       ]?.map((algId) => (
[7m   [0m [91m                              ~~~~~[0m

[96msrc/features/phase3-analysis/level2-hypotheses/shared/cognitive-metrics/migration/CognitiveMetricsMigration.tsx[0m:[93m509[0m:[93m41[0m - [91merror[0m[90m TS2551: [0mProperty 'availableAlgorithms' does not exist on type 'MetricsEngineReturn'. Did you mean 'getAvailableAlgorithms'?

[7m509[0m                         !unifiedMetrics.availableAlgorithms[
[7m   [0m [91m                                        ~~~~~~~~~~~~~~~~~~~[0m

  [96msrc/features/phase3-analysis/shared/metrics-framework/hooks/useMetricsEngine.ts[0m:[93m25[0m:[93m3[0m
    [7m25[0m   getAvailableAlgorithms: (indicatorId: string) => AlgorithmConfig[];
    [7m  [0m [96m  ~~~~~~~~~~~~~~~~~~~~~~[0m
    'getAvailableAlgorithms' is declared here.

[96msrc/features/phase3-analysis/level2-hypotheses/shared/cognitive-metrics/migration/CognitiveMetricsMigration.tsx[0m:[93m510[0m:[93m37[0m - [91merror[0m[90m TS2339: [0mProperty 'getId' does not exist on type 'BaseIndicatorConfig'.

[7m510[0m                           indicator.getId()
[7m   [0m [91m                                    ~~~~~[0m

[96msrc/features/phase3-analysis/level2-hypotheses/shared/cognitive-metrics/migration/CognitiveMetricsMigration.tsx[0m:[93m512[0m:[93m40[0m - [91merror[0m[90m TS2551: [0mProperty 'availableAlgorithms' does not exist on type 'MetricsEngineReturn'. Did you mean 'getAvailableAlgorithms'?

[7m512[0m                         unifiedMetrics.availableAlgorithms[indicator.getId()]
[7m   [0m [91m                                       ~~~~~~~~~~~~~~~~~~~[0m

  [96msrc/features/phase3-analysis/shared/metrics-framework/hooks/useMetricsEngine.ts[0m:[93m25[0m:[93m3[0m
    [7m25[0m   getAvailableAlgorithms: (indicatorId: string) => AlgorithmConfig[];
    [7m  [0m [96m  ~~~~~~~~~~~~~~~~~~~~~~[0m
    'getAvailableAlgorithms' is declared here.

[96msrc/features/phase3-analysis/level2-hypotheses/shared/cognitive-metrics/migration/CognitiveMetricsMigration.tsx[0m:[93m512[0m:[93m70[0m - [91merror[0m[90m TS2339: [0mProperty 'getId' does not exist on type 'BaseIndicatorConfig'.

[7m512[0m                         unifiedMetrics.availableAlgorithms[indicator.getId()]
[7m   [0m [91m                                                                     ~~~~~[0m

[96msrc/features/phase3-analysis/level2-hypotheses/shared/cognitive-metrics/migration/CognitiveMetricsMigration.tsx[0m:[93m541[0m:[93m27[0m - [91merror[0m[90m TS2339: [0mProperty 'familyResults' does not exist on type 'MetricsEngineReturn'.

[7m541[0m           {unifiedMetrics.familyResults.map((family) => (
[7m   [0m [91m                          ~~~~~~~~~~~~~[0m

[96msrc/features/phase3-analysis/level2-hypotheses/shared/cognitive-metrics/migration/CognitiveMetricsMigration.tsx[0m:[93m541[0m:[93m46[0m - [91merror[0m[90m TS7006: [0mParameter 'family' implicitly has an 'any' type.

[7m541[0m           {unifiedMetrics.familyResults.map((family) => (
[7m   [0m [91m                                             ~~~~~~[0m

[96msrc/features/phase3-analysis/level2-hypotheses/shared/li-metrics/indicators/FeedbackAlignementIndicator/algorithms/SentimentEnhancedAlgorithm.ts[0m:[93m36[0m:[93m30[0m - [91merror[0m[90m TS2339: [0mProperty 'analyze' does not exist on type 'BasicAlignmentAlgorithm'.

[7m36[0m     const baseResult = super.analyze(conseiller_turn);
[7m  [0m [91m                             ~~~~~~~[0m

[96msrc/features/phase3-analysis/level2-hypotheses/shared/li-metrics/indicators/FeedbackAlignementIndicator/components/tabs/ComparisonTab.tsx[0m:[93m56[0m:[93m5[0m - [91merror[0m[90m TS2339: [0mProperty 'convergenceAnalysis' does not exist on type '{ isAnalyzing: boolean; analysisResults: AlignmentAnalysis | null; analysisError: string | null; comparisonResults: AlgorithmComparison | null; ... 4 more ...; tableRows: { ...; }[]; }'.

[7m56[0m     convergenceAnalysis,
[7m  [0m [91m    ~~~~~~~~~~~~~~~~~~~[0m

[96msrc/features/phase3-analysis/level2-hypotheses/shared/li-metrics/indicators/FeedbackAlignementIndicator/components/tabs/ComparisonTab.tsx[0m:[93m57[0m:[93m5[0m - [91merror[0m[90m TS2339: [0mProperty 'isComparison' does not exist on type '{ isAnalyzing: boolean; analysisResults: AlignmentAnalysis | null; analysisError: string | null; comparisonResults: AlgorithmComparison | null; ... 4 more ...; tableRows: { ...; }[]; }'.

[7m57[0m     isComparison,
[7m  [0m [91m    ~~~~~~~~~~~~[0m

[96msrc/features/phase3-analysis/level2-hypotheses/shared/li-metrics/indicators/FeedbackAlignementIndicator/components/tabs/ComparisonTab.tsx[0m:[93m58[0m:[93m5[0m - [91merror[0m[90m TS2339: [0mProperty 'isLoading' does not exist on type '{ isAnalyzing: boolean; analysisResults: AlignmentAnalysis | null; analysisError: string | null; comparisonResults: AlgorithmComparison | null; ... 4 more ...; tableRows: { ...; }[]; }'.

[7m58[0m     isLoading,
[7m  [0m [91m    ~~~~~~~~~[0m

[96msrc/features/phase3-analysis/level2-hypotheses/shared/li-metrics/indicators/FeedbackAlignementIndicator/components/tabs/ComparisonTab.tsx[0m:[93m60[0m:[93m5[0m - [91merror[0m[90m TS2339: [0mProperty 'error' does not exist on type '{ isAnalyzing: boolean; analysisResults: AlignmentAnalysis | null; analysisError: string | null; comparisonResults: AlgorithmComparison | null; ... 4 more ...; tableRows: { ...; }[]; }'.

[7m60[0m     error,
[7m  [0m [91m    ~~~~~[0m

[96msrc/features/phase3-analysis/level2-hypotheses/shared/li-metrics/indicators/FeedbackAlignementIndicator/components/tabs/ComparisonTab.tsx[0m:[93m62[0m:[93m5[0m - [91merror[0m[90m TS2339: [0mProperty 'refreshData' does not exist on type '{ isAnalyzing: boolean; analysisResults: AlignmentAnalysis | null; analysisError: string | null; comparisonResults: AlgorithmComparison | null; ... 4 more ...; tableRows: { ...; }[]; }'.

[7m62[0m     refreshData,
[7m  [0m [91m    ~~~~~~~~~~~[0m

[96msrc/features/phase3-analysis/level2-hypotheses/shared/li-metrics/indicators/FeedbackAlignementIndicator/components/tabs/ComparisonTab.tsx[0m:[93m63[0m:[93m5[0m - [91merror[0m[90m TS2339: [0mProperty 'dataCount' does not exist on type '{ isAnalyzing: boolean; analysisResults: AlignmentAnalysis | null; analysisError: string | null; comparisonResults: AlgorithmComparison | null; ... 4 more ...; tableRows: { ...; }[]; }'.

[7m63[0m     dataCount,
[7m  [0m [91m    ~~~~~~~~~[0m

[96msrc/features/phase3-analysis/level2-hypotheses/shared/li-metrics/indicators/FeedbackAlignementIndicator/components/tabs/ComparisonTab.tsx[0m:[93m64[0m:[93m5[0m - [91merror[0m[90m TS2339: [0mProperty 'hasData' does not exist on type '{ isAnalyzing: boolean; analysisResults: AlignmentAnalysis | null; analysisError: string | null; comparisonResults: AlgorithmComparison | null; ... 4 more ...; tableRows: { ...; }[]; }'.

[7m64[0m     hasData,
[7m  [0m [91m    ~~~~~~~[0m

[96msrc/features/phase3-analysis/level2-hypotheses/shared/li-metrics/indicators/FeedbackAlignementIndicator/components/tabs/ComparisonTab.tsx[0m:[93m65[0m:[93m5[0m - [91merror[0m[90m TS2339: [0mProperty 'sourceDataCount' does not exist on type '{ isAnalyzing: boolean; analysisResults: AlignmentAnalysis | null; analysisError: string | null; comparisonResults: AlgorithmComparison | null; ... 4 more ...; tableRows: { ...; }[]; }'.

[7m65[0m     sourceDataCount,
[7m  [0m [91m    ~~~~~~~~~~~~~~~[0m

[96msrc/features/phase3-analysis/level2-hypotheses/shared/li-metrics/indicators/FeedbackAlignementIndicator/components/tabs/ComparisonTab.tsx[0m:[93m149[0m:[93m9[0m - [91merror[0m[90m TS2322: [0mType '"info"' is not assignable to type '"error" | "success" | "primary" | "secondary" | "warning" | undefined'.

[7m149[0m         color="info"
[7m   [0m [91m        ~~~~~[0m

  [96msrc/features/phase3-analysis/shared/ui/atoms/IndicatorHeader.tsx[0m:[93m11[0m:[93m3[0m
    [7m11[0m   color?: "primary" | "secondary" | "success" | "warning" | "error";
    [7m  [0m [96m  ~~~~~[0m
    The expected type comes from property 'color' which is declared here on type 'IntrinsicAttributes & IndicatorHeaderProps'

[96msrc/features/phase3-analysis/level2-hypotheses/shared/li-metrics/indicators/FeedbackAlignementIndicator/components/tabs/ComparisonTab.tsx[0m:[93m317[0m:[93m15[0m - [91merror[0m[90m TS2322: [0mType '"info"' is not assignable to type '"primary" | "secondary" | undefined'.

[7m317[0m               headerColor="info"
[7m   [0m [91m              ~~~~~~~~~~~[0m

  [96msrc/features/phase3-analysis/shared/ui/molecules/ResultsTable.tsx[0m:[93m37[0m:[93m3[0m
    [7m37[0m   headerColor?: "primary" | "secondary";
    [7m  [0m [96m  ~~~~~~~~~~~[0m
    The expected type comes from property 'headerColor' which is declared here on type 'IntrinsicAttributes & ResultsTableProps'

[96msrc/features/phase3-analysis/level2-hypotheses/shared/li-metrics/indicators/FeedbackAlignementIndicator/components/tabs/ComparisonTab.tsx[0m:[93m360[0m:[93m57[0m - [91merror[0m[90m TS7006: [0mParameter 'divergence' implicitly has an 'any' type.

[7m360[0m                   {convergenceAnalysis.divergences.map((divergence) => (
[7m   [0m [91m                                                        ~~~~~~~~~~[0m

[96msrc/features/phase3-analysis/level2-hypotheses/shared/li-metrics/indicators/FeedbackAlignementIndicator/components/tabs/LICAAlgorithmTab copy.tsx[0m:[93m65[0m:[93m5[0m - [91merror[0m[90m TS2339: [0mProperty 'stats' does not exist on type '{ isAnalyzing: boolean; analysisResults: AlignmentAnalysis | null; analysisError: string | null; comparisonResults: AlgorithmComparison | null; ... 4 more ...; tableRows: { ...; }[]; }'.

[7m65[0m     stats,
[7m  [0m [91m    ~~~~~[0m

[96msrc/features/phase3-analysis/level2-hypotheses/shared/li-metrics/indicators/FeedbackAlignementIndicator/components/tabs/LICAAlgorithmTab copy.tsx[0m:[93m66[0m:[93m5[0m - [91merror[0m[90m TS2339: [0mProperty 'isLoading' does not exist on type '{ isAnalyzing: boolean; analysisResults: AlignmentAnalysis | null; analysisError: string | null; comparisonResults: AlgorithmComparison | null; ... 4 more ...; tableRows: { ...; }[]; }'.

[7m66[0m     isLoading,
[7m  [0m [91m    ~~~~~~~~~[0m

[96msrc/features/phase3-analysis/level2-hypotheses/shared/li-metrics/indicators/FeedbackAlignementIndicator/components/tabs/LICAAlgorithmTab copy.tsx[0m:[93m68[0m:[93m5[0m - [91merror[0m[90m TS2339: [0mProperty 'error' does not exist on type '{ isAnalyzing: boolean; analysisResults: AlignmentAnalysis | null; analysisError: string | null; comparisonResults: AlgorithmComparison | null; ... 4 more ...; tableRows: { ...; }[]; }'.

[7m68[0m     error,
[7m  [0m [91m    ~~~~~[0m

[96msrc/features/phase3-analysis/level2-hypotheses/shared/li-metrics/indicators/FeedbackAlignementIndicator/components/tabs/LICAAlgorithmTab copy.tsx[0m:[93m70[0m:[93m5[0m - [91merror[0m[90m TS2339: [0mProperty 'refreshData' does not exist on type '{ isAnalyzing: boolean; analysisResults: AlignmentAnalysis | null; analysisError: string | null; comparisonResults: AlgorithmComparison | null; ... 4 more ...; tableRows: { ...; }[]; }'.

[7m70[0m     refreshData,
[7m  [0m [91m    ~~~~~~~~~~~[0m

[96msrc/features/phase3-analysis/level2-hypotheses/shared/li-metrics/indicators/FeedbackAlignementIndicator/components/tabs/LICAAlgorithmTab copy.tsx[0m:[93m71[0m:[93m5[0m - [91merror[0m[90m TS2339: [0mProperty 'dataCount' does not exist on type '{ isAnalyzing: boolean; analysisResults: AlignmentAnalysis | null; analysisError: string | null; comparisonResults: AlgorithmComparison | null; ... 4 more ...; tableRows: { ...; }[]; }'.

[7m71[0m     dataCount,
[7m  [0m [91m    ~~~~~~~~~[0m

[96msrc/features/phase3-analysis/level2-hypotheses/shared/li-metrics/indicators/FeedbackAlignementIndicator/components/tabs/LICAAlgorithmTab copy.tsx[0m:[93m72[0m:[93m5[0m - [91merror[0m[90m TS2339: [0mProperty 'hasData' does not exist on type '{ isAnalyzing: boolean; analysisResults: AlignmentAnalysis | null; analysisError: string | null; comparisonResults: AlgorithmComparison | null; ... 4 more ...; tableRows: { ...; }[]; }'.

[7m72[0m     hasData,
[7m  [0m [91m    ~~~~~~~[0m

[96msrc/features/phase3-analysis/level2-hypotheses/shared/li-metrics/indicators/FeedbackAlignementIndicator/components/tabs/LICAAlgorithmTab copy.tsx[0m:[93m73[0m:[93m5[0m - [91merror[0m[90m TS2339: [0mProperty 'sourceDataCount' does not exist on type '{ isAnalyzing: boolean; analysisResults: AlignmentAnalysis | null; analysisError: string | null; comparisonResults: AlgorithmComparison | null; ... 4 more ...; tableRows: { ...; }[]; }'.

[7m73[0m     sourceDataCount,
[7m  [0m [91m    ~~~~~~~~~~~~~~~[0m

[96msrc/features/phase3-analysis/level2-hypotheses/shared/li-metrics/indicators/FeedbackAlignementIndicator/components/tabs/LICAAlgorithmTab copy.tsx[0m:[93m74[0m:[93m5[0m - [91merror[0m[90m TS2339: [0mProperty 'debugInfo' does not exist on type '{ isAnalyzing: boolean; analysisResults: AlignmentAnalysis | null; analysisError: string | null; comparisonResults: AlgorithmComparison | null; ... 4 more ...; tableRows: { ...; }[]; }'.

[7m74[0m     debugInfo,
[7m  [0m [91m    ~~~~~~~~~[0m

[96msrc/features/phase3-analysis/level2-hypotheses/shared/li-metrics/indicators/FeedbackAlignementIndicator/components/tabs/LICAAlgorithmTab copy.tsx[0m:[93m397[0m:[93m50[0m - [91merror[0m[90m TS7006: [0mParameter 'family' implicitly has an 'any' type.

[7m397[0m                         {debugInfo.families.map((family) => (
[7m   [0m [91m                                                 ~~~~~~[0m

[96msrc/features/phase3-analysis/level2-hypotheses/shared/li-metrics/indicators/FeedbackAlignementIndicator/components/tabs/LICAAlgorithmTab copy.tsx[0m:[93m488[0m:[93m58[0m - [91merror[0m[90m TS18046: [0m'data' is of type 'unknown'.

[7m488[0m                     label={`${strategy.toUpperCase()}: ${data.alignmentScore.toFixed(
[7m   [0m [91m                                                         ~~~~[0m

[96msrc/features/phase3-analysis/level2-hypotheses/shared/li-metrics/indicators/FeedbackAlignementIndicator/components/tabs/LICAAlgorithmTab copy.tsx[0m:[93m490[0m:[93m28[0m - [91merror[0m[90m TS18046: [0m'data' is of type 'unknown'.

[7m490[0m                     )}% (${data.totalOccurrences})`}
[7m   [0m [91m                           ~~~~[0m

[96msrc/features/phase3-analysis/level2-hypotheses/shared/li-metrics/indicators/FeedbackAlignementIndicator/components/tabs/LICAAlgorithmTab copy.tsx[0m:[93m492[0m:[93m23[0m - [91merror[0m[90m TS18046: [0m'data' is of type 'unknown'.

[7m492[0m                       data.alignmentScore >= 70
[7m   [0m [91m                      ~~~~[0m

[96msrc/features/phase3-analysis/level2-hypotheses/shared/li-metrics/indicators/FeedbackAlignementIndicator/components/tabs/LICAAlgorithmTab copy.tsx[0m:[93m494[0m:[93m27[0m - [91merror[0m[90m TS18046: [0m'data' is of type 'unknown'.

[7m494[0m                         : data.alignmentScore >= 50
[7m   [0m [91m                          ~~~~[0m

[96msrc/features/phase3-analysis/level2-hypotheses/shared/li-metrics/indicators/FeedbackAlignementIndicator/FeedbackAlignmentIndicator.tsx[0m:[93m20[0m:[93m11[0m - [91merror[0m[90m TS2339: [0mProperty 'results' does not exist on type '{ isAnalyzing: boolean; analysisResults: AlignmentAnalysis | null; analysisError: string | null; comparisonResults: AlgorithmComparison | null; ... 4 more ...; tableRows: { ...; }[]; }'.

[7m20[0m   const { results, globalStats, familyResults, loading, error } =
[7m  [0m [91m          ~~~~~~~[0m

[96msrc/features/phase3-analysis/level2-hypotheses/shared/li-metrics/indicators/FeedbackAlignementIndicator/FeedbackAlignmentIndicator.tsx[0m:[93m20[0m:[93m20[0m - [91merror[0m[90m TS2339: [0mProperty 'globalStats' does not exist on type '{ isAnalyzing: boolean; analysisResults: AlignmentAnalysis | null; analysisError: string | null; comparisonResults: AlgorithmComparison | null; ... 4 more ...; tableRows: { ...; }[]; }'.

[7m20[0m   const { results, globalStats, familyResults, loading, error } =
[7m  [0m [91m                   ~~~~~~~~~~~[0m

[96msrc/features/phase3-analysis/level2-hypotheses/shared/li-metrics/indicators/FeedbackAlignementIndicator/FeedbackAlignmentIndicator.tsx[0m:[93m20[0m:[93m33[0m - [91merror[0m[90m TS2339: [0mProperty 'familyResults' does not exist on type '{ isAnalyzing: boolean; analysisResults: AlignmentAnalysis | null; analysisError: string | null; comparisonResults: AlgorithmComparison | null; ... 4 more ...; tableRows: { ...; }[]; }'.

[7m20[0m   const { results, globalStats, familyResults, loading, error } =
[7m  [0m [91m                                ~~~~~~~~~~~~~[0m

[96msrc/features/phase3-analysis/level2-hypotheses/shared/li-metrics/indicators/FeedbackAlignementIndicator/FeedbackAlignmentIndicator.tsx[0m:[93m20[0m:[93m48[0m - [91merror[0m[90m TS2339: [0mProperty 'loading' does not exist on type '{ isAnalyzing: boolean; analysisResults: AlignmentAnalysis | null; analysisError: string | null; comparisonResults: AlgorithmComparison | null; ... 4 more ...; tableRows: { ...; }[]; }'.

[7m20[0m   const { results, globalStats, familyResults, loading, error } =
[7m  [0m [91m                                               ~~~~~~~[0m

[96msrc/features/phase3-analysis/level2-hypotheses/shared/li-metrics/indicators/FeedbackAlignementIndicator/FeedbackAlignmentIndicator.tsx[0m:[93m20[0m:[93m57[0m - [91merror[0m[90m TS2339: [0mProperty 'error' does not exist on type '{ isAnalyzing: boolean; analysisResults: AlignmentAnalysis | null; analysisError: string | null; comparisonResults: AlgorithmComparison | null; ... 4 more ...; tableRows: { ...; }[]; }'.

[7m20[0m   const { results, globalStats, familyResults, loading, error } =
[7m  [0m [91m                                                        ~~~~~[0m

[96msrc/features/phase3-analysis/level2-hypotheses/shared/li-metrics/indicators/FeedbackAlignementIndicator/FeedbackAlignmentIndicator.tsx[0m:[93m21[0m:[93m39[0m - [91merror[0m[90m TS2554: [0mExpected 0-1 arguments, but got 2.

[7m 21[0m     useFeedbackAlignmentMetrics(data, {
[7m   [0m [91m                                      ~[0m
[7m 22[0m       algorithm,
[7m   [0m [91m~~~~~~~~~~~~~~~~[0m
[7m...[0m 
[7m 24[0m       enable_context_analysis: false,
[7m   [0m [91m~~~~~~~~~~~~~~~~~~~~~~~~~~~~~~~~~~~~~[0m
[7m 25[0m     });
[7m   [0m [91m~~~~~[0m

[96msrc/features/phase3-analysis/level2-hypotheses/shared/li-metrics/indicators/FeedbackAlignementIndicator/FeedbackAlignmentIndicator.tsx[0m:[93m39[0m:[93m29[0m - [91merror[0m[90m TS7006: [0mParameter 'family' implicitly has an 'any' type.

[7m39[0m         {familyResults.map((family) => (
[7m  [0m [91m                            ~~~~~~[0m

[96msrc/features/phase3-analysis/level2-hypotheses/shared/li-metrics/indicators/FeedbackAlignementIndicator/FeedbackAlignmentIndicator.tsx[0m:[93m64[0m:[93m38[0m - [91merror[0m[90m TS7006: [0mParameter 'result' implicitly has an 'any' type.

[7m64[0m           {results.slice(0, 10).map((result, index) => (
[7m  [0m [91m                                     ~~~~~~[0m

[96msrc/features/phase3-analysis/level2-hypotheses/shared/li-metrics/indicators/FeedbackAlignementIndicator/FeedbackAlignmentIndicator.tsx[0m:[93m64[0m:[93m46[0m - [91merror[0m[90m TS7006: [0mParameter 'index' implicitly has an 'any' type.

[7m64[0m           {results.slice(0, 10).map((result, index) => (
[7m  [0m [91m                                             ~~~~~[0m

[96msrc/features/phase3-analysis/level2-hypotheses/shared/li-metrics/indicators/FeedbackAlignementIndicator/hooks/useFeedbackAlignmentAnnotation.ts[0m:[93m91[0m:[93m35[0m - [91merror[0m[90m TS2554: [0mExpected 1 arguments, but got 0.

[7m91[0m   const algorithm = useMemo(() => new BasicAlignmentAlgorithm(), []);
[7m  [0m [91m                                  ~~~~~~~~~~~~~~~~~~~~~~~~~~~~~[0m

  [96msrc/features/phase3-analysis/level2-hypotheses/shared/li-metrics/indicators/FeedbackAlignementIndicator/algorithms/BasicAlignmentAlgorithm.ts[0m:[93m255[0m:[93m15[0m
    [7m255[0m   constructor(turnTaggedData: TaggedTurn[]) {
    [7m   [0m [96m              ~~~~~~~~~~~~~~~~~~~~~~~~~~~~[0m
    An argument for 'turnTaggedData' was not provided.

[96msrc/features/phase3-analysis/level2-hypotheses/shared/li-metrics/indicators/FeedbackAlignementIndicator/hooks/useFeedbackAlignmentAnnotation.ts[0m:[93m136[0m:[93m42[0m - [91merror[0m[90m TS2339: [0mProperty 'analyze' does not exist on type 'BasicAlignmentAlgorithm'.

[7m136[0m       const algorithm_result = algorithm.analyze(turn);
[7m   [0m [91m                                         ~~~~~~~[0m

[96msrc/features/phase3-analysis/level2-hypotheses/shared/li-metrics/indicators/FeedbackAlignementIndicator/hooks/useFeedbackAlignmentAnnotation.ts[0m:[93m175[0m:[93m20[0m - [91merror[0m[90m TS7053: [0mElement implicitly has an 'any' type because expression of type 'any' can't be used to index type '{ ALIGNEMENT_FORT: string; ALIGNEMENT_FAIBLE: string; DESALIGNEMENT: string; }'.

[7m175[0m             return algorithmToExisting[predicted] !== existing;
[7m   [0m [91m                   ~~~~~~~~~~~~~~~~~~~~~~~~~~~~~~[0m

[96msrc/features/phase3-analysis/level2-hypotheses/shared/li-metrics/indicators/FeedbackAlignementIndicator/hooks/useFeedbackAlignmentAnnotation.ts[0m:[93m194[0m:[93m18[0m - [91merror[0m[90m TS7053: [0mElement implicitly has an 'any' type because expression of type 'any' can't be used to index type '{ ALIGNEMENT_FORT: string; ALIGNEMENT_FAIBLE: string; DESALIGNEMENT: string; }'.

[7m194[0m           return algorithmToExisting[predicted] !== existing;
[7m   [0m [91m                 ~~~~~~~~~~~~~~~~~~~~~~~~~~~~~~[0m

[96msrc/features/phase3-analysis/shared/metrics-framework/index.ts[0m:[93m17[0m:[93m3[0m - [91merror[0m[90m TS2305: [0mModule '"./core/MetricsRegistry"' has no exported member 'default'.

[7m17[0m   default as metricsRegistry,
[7m  [0m [91m  ~~~~~~~[0m

[96msrc/features/phase3-analysis/shared/metrics-framework/index.ts[0m:[93m18[0m:[93m3[0m - [91merror[0m[90m TS2305: [0mModule '"./core/MetricsRegistry"' has no exported member 'getIndicatorsByDomain'.

[7m18[0m   getIndicatorsByDomain,
[7m  [0m [91m  ~~~~~~~~~~~~~~~~~~~~~[0m

[96msrc/features/phase3-analysis/shared/metrics-framework/index.ts[0m:[93m19[0m:[93m3[0m - [91merror[0m[90m TS2305: [0mModule '"./core/MetricsRegistry"' has no exported member 'registerIndicator'.

[7m19[0m   registerIndicator,
[7m  [0m [91m  ~~~~~~~~~~~~~~~~~[0m

[96msrc/features/phase3-analysis/shared/metrics-framework/index.ts[0m:[93m20[0m:[93m3[0m - [91merror[0m[90m TS2305: [0mModule '"./core/MetricsRegistry"' has no exported member 'searchIndicators'.

[7m20[0m   searchIndicators,
[7m  [0m [91m  ~~~~~~~~~~~~~~~~[0m

[96msrc/features/phase3-analysis/shared/metrics-framework/index.ts[0m:[93m29[0m:[93m3[0m - [91merror[0m[90m TS2305: [0mModule '"./core/types/base"' has no exported member 'TagInfo'.

[7m29[0m   TagInfo,
[7m  [0m [91m  ~~~~~~~[0m

[96msrc/features/phase3-analysis/shared/metrics-framework/index.ts[0m:[93m35[0m:[93m3[0m - [91merror[0m[90m TS2724: [0m'"./core/types/base"' has no exported member named 'AnnotationData'. Did you mean 'AnnotatedData'?

[7m35[0m   AnnotationData,
[7m  [0m [91m  ~~~~~~~~~~~~~~[0m

[96msrc/features/phase3-analysis/shared/metrics-framework/index.ts[0m:[93m38[0m:[93m3[0m - [91merror[0m[90m TS2305: [0mModule '"./core/types/base"' has no exported member 'ConvergenceResults'.

[7m38[0m   ConvergenceResults,
[7m  [0m [91m  ~~~~~~~~~~~~~~~~~~[0m

[96msrc/features/phase3-analysis/shared/metrics-framework/index.ts[0m:[93m55[0m:[93m8[0m - [91merror[0m[90m TS2307: [0mCannot find module '../cognitive-metrics/indicators/FluiditeCognitiveIndicator/FluiditeCognitiveIndicator' or its corresponding type declarations.

[7m55[0m } from "../cognitive-metrics/indicators/FluiditeCognitiveIndicator/FluiditeCognitiveIndicator";
[7m  [0m [91m       ~~~~~~~~~~~~~~~~~~~~~~~~~~~~~~~~~~~~~~~~~~~~~~~~~~~~~~~~~~~~~~~~~~~~~~~~~~~~~~~~~~~~~~~[0m

[96msrc/features/phase3-analysis/shared/metrics-framework/index.ts[0m:[93m65[0m:[93m8[0m - [91merror[0m[90m TS2307: [0mCannot find module '../cognitive-metrics/CognitiveMetricsRegistry' or its corresponding type declarations.

[7m65[0m } from "../cognitive-metrics/CognitiveMetricsRegistry";
[7m  [0m [91m       ~~~~~~~~~~~~~~~~~~~~~~~~~~~~~~~~~~~~~~~~~~~~~~~[0m

[96msrc/features/phase3-analysis/shared/metrics-framework/index.ts[0m:[93m78[0m:[93m39[0m - [91merror[0m[90m TS2307: [0mCannot find module '../cognitive-metrics/migration/CognitiveMetricsMigration' or its corresponding type declarations.

[7m78[0m import CognitiveMetricsMigration from "../cognitive-metrics/migration/CognitiveMetricsMigration";
[7m  [0m [91m                                      ~~~~~~~~~~~~~~~~~~~~~~~~~~~~~~~~~~~~~~~~~~~~~~~~~~~~~~~~~~[0m

[96msrc/features/phase3-analysis/shared/metrics-framework/index.ts[0m:[93m79[0m:[93m38[0m - [91merror[0m[90m TS2307: [0mCannot find module '../TestFrameworkIntegration' or its corresponding type declarations.

[7m79[0m import TestFrameworkIntegration from "../TestFrameworkIntegration";
[7m  [0m [91m                                     ~~~~~~~~~~~~~~~~~~~~~~~~~~~~~[0m

[96msrc/features/phase3-analysis/shared/metrics-framework/index.ts[0m:[93m90[0m:[93m8[0m - [91merror[0m[90m TS2307: [0mCannot find module '../cognitive-metrics/migration/adaptUseCognitiveMetrics' or its corresponding type declarations.

[7m90[0m } from "../cognitive-metrics/migration/adaptUseCognitiveMetrics";
[7m  [0m [91m       ~~~~~~~~~~~~~~~~~~~~~~~~~~~~~~~~~~~~~~~~~~~~~~~~~~~~~~~~~[0m

[96msrc/features/phase3-analysis/shared/metrics-framework/index.ts[0m:[93m124[0m:[93m44[0m - [91merror[0m[90m TS2339: [0mProperty 'getByDomain' does not exist on type 'MetricsRegistry'.

[7m124[0m       const cognitiveIndicators = registry.getByDomain("cognitive");
[7m   [0m [91m                                           ~~~~~~~~~~~[0m

[96msrc/features/phase3-analysis/shared/metrics-framework/index.ts[0m:[93m132[0m:[93m28[0m - [91merror[0m[90m TS2339: [0mProperty 'getStats' does not exist on type 'MetricsRegistry'.

[7m132[0m     const stats = registry.getStats();
[7m   [0m [91m                           ~~~~~~~~[0m

[96msrc/features/phase3-analysis/shared/metrics-framework/index.ts[0m:[93m133[0m:[93m32[0m - [91merror[0m[90m TS2339: [0mProperty 'diagnose' does not exist on type 'MetricsRegistry'.

[7m133[0m     const diagnosis = registry.diagnose();
[7m   [0m [91m                               ~~~~~~~~[0m

[96msrc/features/phase3-analysis/shared/metrics-framework/index.ts[0m:[93m166[0m:[93m26[0m - [91merror[0m[90m TS2339: [0mProperty 'getStats' does not exist on type 'MetricsRegistry'.

[7m166[0m   const stats = registry.getStats();
[7m   [0m [91m                         ~~~~~~~~[0m

[96msrc/features/phase3-analysis/shared/metrics-framework/index.ts[0m:[93m167[0m:[93m30[0m - [91merror[0m[90m TS2339: [0mProperty 'diagnose' does not exist on type 'MetricsRegistry'.

[7m167[0m   const diagnosis = registry.diagnose();
[7m   [0m [91m                             ~~~~~~~~[0m

[96msrc/features/phase3-analysis/shared/metrics-framework/index.ts[0m:[93m168[0m:[93m31[0m - [91merror[0m[90m TS2339: [0mProperty 'validate' does not exist on type 'MetricsRegistry'.

[7m168[0m   const validation = registry.validate();
[7m   [0m [91m                              ~~~~~~~~[0m

[96msrc/features/phase3-analysis/shared/metrics-framework/index.ts[0m:[93m211[0m:[93m36[0m - [91merror[0m[90m TS2339: [0mProperty 'summary' does not exist on type 'MetricsRegistry'.

[7m211[0m   const registrySummary = registry.summary();
[7m   [0m [91m                                   ~~~~~~~[0m

[96msrc/features/phase3-analysis/shared/metrics-framework/index.ts[0m:[93m270[0m:[93m44[0m - [91merror[0m[90m TS2307: [0mCannot find module '../cognitive-metrics/indicators/FluiditeCognitiveIndicator/FluiditeCognitiveIndicator' or its corresponding type declarations.

[7m270[0m import { FluiditeCognitiveIndicator } from "../cognitive-metrics/indicators/FluiditeCognitiveIndicator/FluiditeCognitiveIndicator";
[7m   [0m [91m                                           ~~~~~~~~~~~~~~~~~~~~~~~~~~~~~~~~~~~~~~~~~~~~~~~~~~~~~~~~~~~~~~~~~~~~~~~~~~~~~~~~~~~~~~~[0m

[96msrc/types/algorithm-lab/ThesisVariables.ts[0m:[93m163[0m:[93m3[0m - [91merror[0m[90m TS2717: [0mSubsequent property declarations must have the same type.  Property 'perClass' must be of type 'Record<string, { precision: number; recall: number; f1: number; support: number; }> | undefined', but here has type 'Record<string, { precision: number; recall: number; f1: number; support?: number | undefined; }> | undefined'.

[7m163[0m   perClass?: Record<
[7m   [0m [91m  ~~~~~~~~[0m

  [96msrc/types/algorithm-lab/ThesisVariables.ts[0m:[93m108[0m:[93m3[0m
    [7m108[0m   perClass?: Record<
    [7m   [0m [96m  ~~~~~~~~[0m
    'perClass' was also declared here.

[96msrc/types/index.ts[0m:[93m29[0m:[93m1[0m - [91merror[0m[90m TS2308: [0mModule './entities' has already exported a member named 'ConversionResult'. Consider explicitly re-exporting to resolve the ambiguity.

[7m29[0m export * from './algorithm-lab';
[7m  [0m [91m~~~~~~~~~~~~~~~~~~~~~~~~~~~~~~~~[0m

[96msrc/types/index.ts[0m:[93m39[0m:[93m1[0m - [91merror[0m[90m TS2308: [0mModule './common' has already exported a member named 'ZohoFile'. Consider explicitly re-exporting to resolve the ambiguity.

[7m39[0m export * from './workdrive';
[7m  [0m [91m~~~~~~~~~~~~~~~~~~~~~~~~~~~~[0m

[96mtests/diarizationApiClient.test.ts[0m:[93m1[0m:[93m38[0m - [91merror[0m[90m TS2307: [0mCannot find module '@/components/calls/infrastructure/api/DiarizationApiClient' or its corresponding type declarations.

[7m1[0m import { DiarizationApiClient } from "@/components/calls/infrastructure/api/DiarizationApiClient";
[7m [0m [91m                                     ~~~~~~~~~~~~~~~~~~~~~~~~~~~~~~~~~~~~~~~~~~~~~~~~~~~~~~~~~~~~[0m

[96mtests/diarizationApiClient.test.ts[0m:[93m2[0m:[93m36[0m - [91merror[0m[90m TS2307: [0mCannot find module '@/components/calls/domain/services/DiarizationService' or its corresponding type declarations.

[7m2[0m import { DiarizationService } from "@/components/calls/domain/services/DiarizationService";
[7m [0m [91m                                   ~~~~~~~~~~~~~~~~~~~~~~~~~~~~~~~~~~~~~~~~~~~~~~~~~~~~~~~[0m

[96mtests/diarizationApiClient.test.ts[0m:[93m6[0m:[93m8[0m - [91merror[0m[90m TS2307: [0mCannot find module '@/components/calls/shared/types/TranscriptionTypes' or its corresponding type declarations.

[7m6[0m } from "@/components/calls/shared/types/TranscriptionTypes";
[7m [0m [91m       ~~~~~~~~~~~~~~~~~~~~~~~~~~~~~~~~~~~~~~~~~~~~~~~~~~~~[0m

[96mtests/transcriptionApiClient.test.ts[0m:[93m1[0m:[93m40[0m - [91merror[0m[90m TS2307: [0mCannot find module '@/components/calls/infrastructure/api/TranscriptionApiClient' or its corresponding type declarations.

[7m1[0m import { TranscriptionApiClient } from "@/components/calls/infrastructure/api/TranscriptionApiClient";
[7m [0m [91m                                       ~~~~~~~~~~~~~~~~~~~~~~~~~~~~~~~~~~~~~~~~~~~~~~~~~~~~~~~~~~~~~~[0m

[96mtests/transcriptionApiClient.test.ts[0m:[93m2[0m:[93m38[0m - [91merror[0m[90m TS2307: [0mCannot find module '@/components/calls/infrastructure/asr/OpenAIWhisperProvider' or its corresponding type declarations.

[7m2[0m import type { WhisperResponse } from "@/components/calls/infrastructure/asr/OpenAIWhisperProvider";
[7m [0m [91m                                     ~~~~~~~~~~~~~~~~~~~~~~~~~~~~~~~~~~~~~~~~~~~~~~~~~~~~~~~~~~~~~[0m


Found 296 errors in 55 files.

Errors  Files
     6  scripts/precompute-h2-results.ts[90m:17[0m
     7  src/app/(protected)/analysis/page.tsx[90m:9[0m
     5  src/app/(protected)/calls/page.legacy.tsx[90m:6[0m
     1  src/app/(protected)/phase1-corpus/workdrive/page.tsx[90m:7[0m
     1  src/app/(protected)/phase2-annotation/transcript/[callId]/page.tsx[90m:28[0m
     2  src/app/api/algolab/classifiers/[name]/route.ts[90m:5[0m
     2  src/app/api/algolab/classifiers/route.ts[90m:7[0m
     1  src/app/api/algolab/classify/route.tsx[90m:5[0m
     4  src/app/api/calls/old_diarize.ts[90m:5[0m
     8  src/app/api/calls/old_transcribe.ts[90m:5[0m
     1  src/components/CallListUnprepared/hooks/useComplementActions.ts[90m:57[0m
     4  src/components/TaggerLPL.tsx[90m:23[0m
     1  src/components/utils/duplicateManager.ts[90m:339[0m
     2  src/features/phase1-corpus/calls/CallImporter.tsx[90m:16[0m
     2  src/features/phase1-corpus/calls/CallList.tsx[90m:22[0m
     2  src/features/phase1-corpus/calls/CallPreparation.tsx[90m:5[0m
     3  src/features/phase1-corpus/calls/CallTableList/CallTableList.tsx[90m:30[0m
     3  src/features/phase1-corpus/calls/infrastructure/ServiceFactory.ts[90m:80[0m
     2  src/features/phase3-analysis/level0-gold/ui/components/InterAnnotatorAgreement.tsx[90m:36[0m
    24  src/features/phase3-analysis/level1-validation/algorithms/classifiers/client/RegexClientClassifier.ts[90m:210[0m
     1  src/features/phase3-analysis/level1-validation/algorithms/mediators/M1Algorithms/RegexM1Calculator.ts[90m:48[0m
    10  src/features/phase3-analysis/level1-validation/algorithms/shared/initializeAlgorithms.ts[90m:6[0m
     1  src/features/phase3-analysis/level1-validation/shared/utils/versionGenerator.ts[90m:2[0m
     9  src/features/phase3-analysis/level1-validation/ui/components/algorithms/BaseAlgorithmTesting.tsx[90m:27[0m
     7  src/features/phase3-analysis/level1-validation/ui/components/comparison/AlgorithmComparison.tsx[90m:30[0m
     5  src/features/phase3-analysis/level1-validation/ui/components/comparison/ClassifierConfiguration.tsx[90m:50[0m
     3  src/features/phase3-analysis/level1-validation/ui/components/comparison/CrossValidation.tsx[90m:39[0m
     8  src/features/phase3-analysis/level1-validation/ui/components/comparison/VersionComparator.tsx[90m:32[0m
     5  src/features/phase3-analysis/level1-validation/ui/components/individual/TechnicalValidation/TechnicalValidation.tsx[90m:17[0m
     1  src/features/phase3-analysis/level1-validation/ui/components/Level1Interface.tsx[90m:126[0m
     5  src/features/phase3-analysis/level1-validation/ui/components/shared/results/base/ResultsSample/components/FineTuningDialog/FineTuningExtractor.tsx[90m:33[0m
     2  src/features/phase3-analysis/level1-validation/ui/components/shared/results/base/ResultsSample/components/ResultsTableHeader.tsx[90m:46[0m
     1  src/features/phase3-analysis/level1-validation/ui/components/shared/results/base/ResultsSample/types.ts[90m:8[0m
     1  src/features/phase3-analysis/level1-validation/ui/components/shared/results/VersionSelector.tsx[90m:22[0m
     1  src/features/phase3-analysis/level1-validation/ui/hooks/useAlgorithmVersioning.ts[90m:7[0m
     5  src/features/phase3-analysis/level1-validation/ui/hooks/useClassifierStatus.ts[90m:3[0m
    15  src/features/phase3-analysis/level1-validation/ui/hooks/useLevel1Testing.ts[90m:8[0m
     2  src/features/phase3-analysis/level1-validation/ui/hooks/usePostValidationVersioning.ts[90m:3[0m
     1  src/features/phase3-analysis/level2-hypotheses/h2/ui/hooks/useStrategyStats.tsx[90m:4[0m
     1  src/features/phase3-analysis/level2-hypotheses/h2/ui/hooks/useTemporalAnalysis.tsx[90m:141[0m
     6  src/features/phase3-analysis/level2-hypotheses/shared/cognitive-metrics/CognitiveMetricsRegistry.tsx[90m:3[0m
    16  src/features/phase3-analysis/level2-hypotheses/shared/cognitive-metrics/indicators/FluiditeCognitiveIndicator/algorithms/BasicFluidityAlgorithm.ts[90m:3[0m
     8  src/features/phase3-analysis/level2-hypotheses/shared/cognitive-metrics/indicators/FluiditeCognitiveIndicator/algorithms/NeuronMirrorAlgorithm.ts[90m:3[0m
     7  src/features/phase3-analysis/level2-hypotheses/shared/cognitive-metrics/migration/adaptUseCognitiveMetrics.ts[90m:230[0m
    28  src/features/phase3-analysis/level2-hypotheses/shared/cognitive-metrics/migration/CognitiveMetricsMigration.tsx[90m:77[0m
     1  src/features/phase3-analysis/level2-hypotheses/shared/li-metrics/indicators/FeedbackAlignementIndicator/algorithms/SentimentEnhancedAlgorithm.ts[90m:36[0m
    11  src/features/phase3-analysis/level2-hypotheses/shared/li-metrics/indicators/FeedbackAlignementIndicator/components/tabs/ComparisonTab.tsx[90m:56[0m
    13  src/features/phase3-analysis/level2-hypotheses/shared/li-metrics/indicators/FeedbackAlignementIndicator/components/tabs/LICAAlgorithmTab copy.tsx[90m:65[0m
     9  src/features/phase3-analysis/level2-hypotheses/shared/li-metrics/indicators/FeedbackAlignementIndicator/FeedbackAlignmentIndicator.tsx[90m:20[0m
     4  src/features/phase3-analysis/level2-hypotheses/shared/li-metrics/indicators/FeedbackAlignementIndicator/hooks/useFeedbackAlignmentAnnotation.ts[90m:91[0m
    20  src/features/phase3-analysis/shared/metrics-framework/index.ts[90m:17[0m
     1  src/types/algorithm-lab/ThesisVariables.ts[90m:163[0m
     2  src/types/index.ts[90m:29[0m
     3  tests/diarizationApiClient.test.ts[90m:1[0m
     2  tests/transcriptionApiClient.test.ts[90m:1[0m
