src/app/(protected)/analysis/components/AlgorithmLab/algorithms/level1/M1Algorithms/RegexM1Calculator.ts(48,5): error TS2739: Type '{ id: string; label: string; target: "M1"; algorithmKind: string; version: string; tags: string[]; }' is missing the following properties from type 'CalculationMetadata': algorithmVersion, inputSignature, executionPath
src/app/(protected)/analysis/components/AlgorithmLab/algorithms/level1/XAlgorithms/OpenAI3TXClassifier.ts(475,11): error TS2353: Object literal may only specify known properties, and 'rawResponse' does not exist in type 'VariableDetails'.
src/app/(protected)/analysis/components/AlgorithmLab/algorithms/level1/XAlgorithms/OpenAI3TXClassifier.ts(602,53): error TS2353: Object literal may only specify known properties, and 'reason' does not exist in type 'VariableDetails'.
src/app/(protected)/analysis/components/AlgorithmLab/algorithms/level1/XAlgorithms/OpenAIXClassifier copy.ts(307,11): error TS2353: Object literal may only specify known properties, and 'rawResponse' does not exist in type 'VariableDetails'.
src/app/(protected)/analysis/components/AlgorithmLab/algorithms/level1/XAlgorithms/OpenAIXClassifier copy.ts(364,53): error TS2353: Object literal may only specify known properties, and 'reason' does not exist in type 'VariableDetails'.
src/app/(protected)/analysis/components/AlgorithmLab/algorithms/level1/XAlgorithms/OpenAIXClassifier.ts(173,11): error TS2353: Object literal may only specify known properties, and 'rawResponse' does not exist in type 'VariableDetails'.
src/app/(protected)/analysis/components/AlgorithmLab/algorithms/level1/XAlgorithms/OpenAIXClassifier.ts(420,53): error TS2353: Object literal may only specify known properties, and 'reason' does not exist in type 'VariableDetails'.
src/app/(protected)/analysis/components/AlgorithmLab/algorithms/level1/YAlgorithms/index.ts(5,15): error TS2305: Module '"./RegexYClassifier"' has no exported member 'YClassification'.
src/app/(protected)/analysis/components/AlgorithmLab/components/Level1/individual/TechnicalValidation/TechnicalValidation.tsx(17,10): error TS2614: Module '"../../../shared/ClassifierSelector"' has no exported member 'ClassifierSelector'. Did you mean to use 'import ClassifierSelector from "../../../shared/ClassifierSelector"' instead?
src/app/(protected)/analysis/components/AlgorithmLab/components/Level1/individual/TechnicalValidation/TechnicalValidation.tsx(20,10): error TS2614: Module '"../../shared/results/base/MetricsPanel"' has no exported member 'MetricsPanel'. Did you mean to use 'import MetricsPanel from "../../shared/results/base/MetricsPanel"' instead?
src/app/(protected)/analysis/components/AlgorithmLab/components/Level1/individual/TechnicalValidation/TechnicalValidation.tsx(99,22): error TS2345: Argument of type 'TVValidationResultCore[]' is not assignable to parameter of type 'SetStateAction<ValidationResult[]>'.
  Type 'TVValidationResultCore[]' is not assignable to type 'ValidationResult[]'.
    Type 'TVValidationResultCore' is not assignable to type 'ValidationResult'.
      Types of property 'confidence' are incompatible.
        Type 'number | undefined' is not assignable to type 'number'.
          Type 'undefined' is not assignable to type 'number'.
src/app/(protected)/analysis/components/AlgorithmLab/components/Level1/individual/TechnicalValidation/TechnicalValidation.tsx(210,43): error TS2322: Type '{ results: ValidationResult[]; limit: number; }' is not assignable to type 'IntrinsicAttributes & ResultsPanelProps'.
  Property 'limit' does not exist on type 'IntrinsicAttributes & ResultsPanelProps'.
src/app/(protected)/analysis/components/AlgorithmLab/components/Level1/Level1Interface.tsx(126,13): error TS2739: Type '{ name: string; description: string; parameters: {}; type: string; enabled: true; }' is missing the following properties from type 'AlgorithmConfig': target, speakerType, inputFormat, requiresNextTurn, requiresPrevContext
src/app/(protected)/analysis/components/AlgorithmLab/components/Level1/shared/results/base/MetricsPanel.classification.tsx(49,56): error TS18048: 'r.confidence' is possibly 'undefined'.
src/app/(protected)/analysis/components/AlgorithmLab/components/Level1/shared/results/base/ResultsSample/components/FineTuningDialog/FineTuningExtractor.tsx(116,9): error TS2322: Type 'number | undefined' is not assignable to type 'number'.
  Type 'undefined' is not assignable to type 'number'.
src/app/(protected)/analysis/components/AlgorithmLab/hooks/useLevel1Testing.ts(37,43): error TS1261: Already included file name 'C:/Users/thoma/OneDrive/SONEAR_2025/taggerlpl-nextjs/src/app/(protected)/analysis/components/AlgorithmLab/hooks/useH2Data.ts' differs from file name 'C:/Users/thoma/OneDrive/SONEAR_2025/taggerlpl-nextjs/src/app/(protected)/analysis/components/AlgorithmLab/hooks/useH2data.ts' only in casing.
  The file is in the program because:
    Imported via "./useH2Data" from file 'C:/Users/thoma/OneDrive/SONEAR_2025/taggerlpl-nextjs/src/app/(protected)/analysis/components/AlgorithmLab/hooks/useLevel1Testing.ts'
    Matched by include pattern '**/*.ts' in 'C:/Users/thoma/OneDrive/SONEAR_2025/taggerlpl-nextjs/tsconfig.json'
src/app/(protected)/analysis/components/AlgorithmLab/types/ThesisVariables.ts(163,3): error TS2717: Subsequent property declarations must have the same type.  Property 'perClass' must be of type 'Record<string, { precision: number; recall: number; f1: number; support: number; }> | undefined', but here has type 'Record<string, { precision: number; recall: number; f1: number; support?: number | undefined; }> | undefined'.
src/app/(protected)/analysis/components/cognitive-metrics/CognitiveMetricsRegistry.tsx(30,25): error TS2339: Property 'register' does not exist on type 'MetricsRegistry'.
src/app/(protected)/analysis/components/cognitive-metrics/CognitiveMetricsRegistry.tsx(50,43): error TS2339: Property 'getStats' does not exist on type 'MetricsRegistry'.
src/app/(protected)/analysis/components/cognitive-metrics/CognitiveMetricsRegistry.tsx(93,47): error TS2339: Property 'getByDomain' does not exist on type 'MetricsRegistry'.
src/app/(protected)/analysis/components/cognitive-metrics/CognitiveMetricsRegistry.tsx(94,50): error TS7006: Parameter 'ind' implicitly has an 'any' type.
src/app/(protected)/analysis/components/cognitive-metrics/CognitiveMetricsRegistry.tsx(99,39): error TS7006: Parameter 'id' implicitly has an 'any' type.
src/app/(protected)/analysis/components/cognitive-metrics/CognitiveMetricsRegistry.tsx(101,37): error TS2339: Property 'diagnose' does not exist on type 'MetricsRegistry'.
src/app/(protected)/analysis/components/cognitive-metrics/CognitiveMetricsRegistry.tsx(127,47): error TS2339: Property 'getByDomain' does not exist on type 'MetricsRegistry'.
src/app/(protected)/analysis/components/cognitive-metrics/CognitiveMetricsRegistry.tsx(129,6): error TS7006: Parameter 'ind' implicitly has an 'any' type.
src/app/(protected)/analysis/components/cognitive-metrics/CognitiveMetricsRegistry.tsx(133,6): error TS7006: Parameter 'sum' implicitly has an 'any' type.
src/app/(protected)/analysis/components/cognitive-metrics/CognitiveMetricsRegistry.tsx(133,11): error TS7006: Parameter 'ind' implicitly has an 'any' type.
src/app/(protected)/analysis/components/cognitive-metrics/CognitiveMetricsRegistry.tsx(137,33): error TS2339: Property 'getStats' does not exist on type 'MetricsRegistry'.
src/app/(protected)/analysis/components/cognitive-metrics/indicators/FluiditeCognitiveIndicator/algorithms/BasicFluidityAlgorithm.ts(527,44): error TS2683: 'this' implicitly has type 'any' because it does not have a type annotation.
src/app/(protected)/analysis/components/cognitive-metrics/indicators/FluiditeCognitiveIndicator/algorithms/BasicFluidityAlgorithm.ts(528,45): error TS2683: 'this' implicitly has type 'any' because it does not have a type annotation.
src/app/(protected)/analysis/components/cognitive-metrics/migration/adaptUseCognitiveMetrics.ts(230,49): error TS2339: Property 'getByDomain' does not exist on type 'MetricsRegistry'.
src/app/(protected)/analysis/components/cognitive-metrics/migration/adaptUseCognitiveMetrics.ts(237,47): error TS2339: Property 'get' does not exist on type 'MetricsRegistry'.
src/app/(protected)/analysis/components/cognitive-metrics/migration/adaptUseCognitiveMetrics.ts(273,47): error TS2339: Property 'getByDomain' does not exist on type 'MetricsRegistry'.
src/app/(protected)/analysis/components/cognitive-metrics/migration/adaptUseCognitiveMetrics.ts(274,33): error TS2339: Property 'getStats' does not exist on type 'MetricsRegistry'.
src/app/(protected)/analysis/components/cognitive-metrics/migration/adaptUseCognitiveMetrics.ts(275,37): error TS2339: Property 'diagnose' does not exist on type 'MetricsRegistry'.
src/app/(protected)/analysis/components/cognitive-metrics/migration/adaptUseCognitiveMetrics.ts(278,6): error TS7006: Parameter 'sum' implicitly has an 'any' type.
src/app/(protected)/analysis/components/cognitive-metrics/migration/adaptUseCognitiveMetrics.ts(278,11): error TS7006: Parameter 'ind' implicitly has an 'any' type.
src/app/(protected)/analysis/components/cognitive-metrics/migration/CognitiveMetricsMigration.tsx(77,44): error TS2339: Property 'register' does not exist on type 'MetricsRegistry'.
src/app/(protected)/analysis/components/cognitive-metrics/migration/CognitiveMetricsMigration.tsx(116,22): error TS2554: Expected 1 arguments, but got 0.
src/app/(protected)/analysis/components/cognitive-metrics/migration/CognitiveMetricsMigration.tsx(125,26): error TS2551: Property 'availableAlgorithms' does not exist on type 'MetricsEngineReturn'. Did you mean 'getAvailableAlgorithms'?
src/app/(protected)/analysis/components/cognitive-metrics/migration/CognitiveMetricsMigration.tsx(125,56): error TS2339: Property 'getId' does not exist on type 'BaseIndicatorConfig'.
src/app/(protected)/analysis/components/cognitive-metrics/migration/CognitiveMetricsMigration.tsx(128,32): error TS2339: Property 'compareAlgorithms' does not exist on type 'MetricsEngineReturn'.
src/app/(protected)/analysis/components/cognitive-metrics/migration/CognitiveMetricsMigration.tsx(128,60): error TS2339: Property 'getId' does not exist on type 'BaseIndicatorConfig'.
src/app/(protected)/analysis/components/cognitive-metrics/migration/CognitiveMetricsMigration.tsx(243,45): error TS2551: Property 'availableAlgorithms' does not exist on type 'MetricsEngineReturn'. Did you mean 'getAvailableAlgorithms'?
src/app/(protected)/analysis/components/cognitive-metrics/migration/CognitiveMetricsMigration.tsx(249,33): error TS2339: Property 'performanceMetrics' does not exist on type 'MetricsEngineReturn'.
src/app/(protected)/analysis/components/cognitive-metrics/migration/CognitiveMetricsMigration.tsx(314,64): error TS2339: Property 'getStats' does not exist on type 'MetricsRegistry'.
src/app/(protected)/analysis/components/cognitive-metrics/migration/CognitiveMetricsMigration.tsx(368,33): error TS2339: Property 'familyResults' does not exist on type 'MetricsEngineReturn'.
src/app/(protected)/analysis/components/cognitive-metrics/migration/CognitiveMetricsMigration.tsx(379,34): error TS2339: Property 'globalMetrics' does not exist on type 'MetricsEngineReturn'.
src/app/(protected)/analysis/components/cognitive-metrics/migration/CognitiveMetricsMigration.tsx(391,33): error TS2339: Property 'globalMetrics' does not exist on type 'MetricsEngineReturn'.
src/app/(protected)/analysis/components/cognitive-metrics/migration/CognitiveMetricsMigration.tsx(401,33): error TS2339: Property 'performanceMetrics' does not exist on type 'MetricsEngineReturn'.
src/app/(protected)/analysis/components/cognitive-metrics/migration/CognitiveMetricsMigration.tsx(427,48): error TS2339: Property 'getId' does not exist on type 'BaseIndicatorConfig'.
src/app/(protected)/analysis/components/cognitive-metrics/migration/CognitiveMetricsMigration.tsx(438,36): error TS2339: Property 'getId' does not exist on type 'BaseIndicatorConfig'.
src/app/(protected)/analysis/components/cognitive-metrics/migration/CognitiveMetricsMigration.tsx(448,57): error TS2339: Property 'getName' does not exist on type 'BaseIndicatorConfig'.
src/app/(protected)/analysis/components/cognitive-metrics/migration/CognitiveMetricsMigration.tsx(450,40): error TS2551: Property 'getImplementationStatus' does not exist on type 'BaseIndicatorConfig'. Did you mean 'implementationStatus'?
src/app/(protected)/analysis/components/cognitive-metrics/migration/CognitiveMetricsMigration.tsx(452,35): error TS2551: Property 'getImplementationStatus' does not exist on type 'BaseIndicatorConfig'. Did you mean 'implementationStatus'?
src/app/(protected)/analysis/components/cognitive-metrics/migration/CognitiveMetricsMigration.tsx(465,32): error TS2551: Property 'getDomain' does not exist on type 'BaseIndicatorConfig'. Did you mean 'domain'?
src/app/(protected)/analysis/components/cognitive-metrics/migration/CognitiveMetricsMigration.tsx(488,39): error TS2551: Property 'availableAlgorithms' does not exist on type 'MetricsEngineReturn'. Did you mean 'getAvailableAlgorithms'?
src/app/(protected)/analysis/components/cognitive-metrics/migration/CognitiveMetricsMigration.tsx(489,35): error TS2339: Property 'getId' does not exist on type 'BaseIndicatorConfig'.
src/app/(protected)/analysis/components/cognitive-metrics/migration/CognitiveMetricsMigration.tsx(490,31): error TS7006: Parameter 'algId' implicitly has an 'any' type.
src/app/(protected)/analysis/components/cognitive-metrics/migration/CognitiveMetricsMigration.tsx(509,41): error TS2551: Property 'availableAlgorithms' does not exist on type 'MetricsEngineReturn'. Did you mean 'getAvailableAlgorithms'?
src/app/(protected)/analysis/components/cognitive-metrics/migration/CognitiveMetricsMigration.tsx(510,37): error TS2339: Property 'getId' does not exist on type 'BaseIndicatorConfig'.
src/app/(protected)/analysis/components/cognitive-metrics/migration/CognitiveMetricsMigration.tsx(512,40): error TS2551: Property 'availableAlgorithms' does not exist on type 'MetricsEngineReturn'. Did you mean 'getAvailableAlgorithms'?
src/app/(protected)/analysis/components/cognitive-metrics/migration/CognitiveMetricsMigration.tsx(512,70): error TS2339: Property 'getId' does not exist on type 'BaseIndicatorConfig'.
src/app/(protected)/analysis/components/cognitive-metrics/migration/CognitiveMetricsMigration.tsx(541,27): error TS2339: Property 'familyResults' does not exist on type 'MetricsEngineReturn'.
src/app/(protected)/analysis/components/cognitive-metrics/migration/CognitiveMetricsMigration.tsx(541,46): error TS7006: Parameter 'family' implicitly has an 'any' type.
src/app/(protected)/analysis/components/li-metrics/indicators/FeedbackAlignementIndicator/algorithms/SentimentEnhancedAlgorithm.ts(36,30): error TS2339: Property 'analyze' does not exist on type 'BasicAlignmentAlgorithm'.
src/app/(protected)/analysis/components/li-metrics/indicators/FeedbackAlignementIndicator/components/tabs/ComparisonTab.tsx(56,5): error TS2339: Property 'convergenceAnalysis' does not exist on type '{ isAnalyzing: boolean; analysisResults: AlignmentAnalysis | null; analysisError: string | null; comparisonResults: AlgorithmComparison | null; ... 4 more ...; tableRows: { ...; }[]; }'.
src/app/(protected)/analysis/components/li-metrics/indicators/FeedbackAlignementIndicator/components/tabs/ComparisonTab.tsx(57,5): error TS2339: Property 'isComparison' does not exist on type '{ isAnalyzing: boolean; analysisResults: AlignmentAnalysis | null; analysisError: string | null; comparisonResults: AlgorithmComparison | null; ... 4 more ...; tableRows: { ...; }[]; }'.
src/app/(protected)/analysis/components/li-metrics/indicators/FeedbackAlignementIndicator/components/tabs/ComparisonTab.tsx(58,5): error TS2339: Property 'isLoading' does not exist on type '{ isAnalyzing: boolean; analysisResults: AlignmentAnalysis | null; analysisError: string | null; comparisonResults: AlgorithmComparison | null; ... 4 more ...; tableRows: { ...; }[]; }'.
src/app/(protected)/analysis/components/li-metrics/indicators/FeedbackAlignementIndicator/components/tabs/ComparisonTab.tsx(60,5): error TS2339: Property 'error' does not exist on type '{ isAnalyzing: boolean; analysisResults: AlignmentAnalysis | null; analysisError: string | null; comparisonResults: AlgorithmComparison | null; ... 4 more ...; tableRows: { ...; }[]; }'.
src/app/(protected)/analysis/components/li-metrics/indicators/FeedbackAlignementIndicator/components/tabs/ComparisonTab.tsx(62,5): error TS2339: Property 'refreshData' does not exist on type '{ isAnalyzing: boolean; analysisResults: AlignmentAnalysis | null; analysisError: string | null; comparisonResults: AlgorithmComparison | null; ... 4 more ...; tableRows: { ...; }[]; }'.
src/app/(protected)/analysis/components/li-metrics/indicators/FeedbackAlignementIndicator/components/tabs/ComparisonTab.tsx(63,5): error TS2339: Property 'dataCount' does not exist on type '{ isAnalyzing: boolean; analysisResults: AlignmentAnalysis | null; analysisError: string | null; comparisonResults: AlgorithmComparison | null; ... 4 more ...; tableRows: { ...; }[]; }'.
src/app/(protected)/analysis/components/li-metrics/indicators/FeedbackAlignementIndicator/components/tabs/ComparisonTab.tsx(64,5): error TS2339: Property 'hasData' does not exist on type '{ isAnalyzing: boolean; analysisResults: AlignmentAnalysis | null; analysisError: string | null; comparisonResults: AlgorithmComparison | null; ... 4 more ...; tableRows: { ...; }[]; }'.
src/app/(protected)/analysis/components/li-metrics/indicators/FeedbackAlignementIndicator/components/tabs/ComparisonTab.tsx(65,5): error TS2339: Property 'sourceDataCount' does not exist on type '{ isAnalyzing: boolean; analysisResults: AlignmentAnalysis | null; analysisError: string | null; comparisonResults: AlgorithmComparison | null; ... 4 more ...; tableRows: { ...; }[]; }'.
src/app/(protected)/analysis/components/li-metrics/indicators/FeedbackAlignementIndicator/components/tabs/ComparisonTab.tsx(149,9): error TS2322: Type '"info"' is not assignable to type '"error" | "success" | "primary" | "secondary" | "warning" | undefined'.
src/app/(protected)/analysis/components/li-metrics/indicators/FeedbackAlignementIndicator/components/tabs/ComparisonTab.tsx(317,15): error TS2322: Type '"info"' is not assignable to type '"primary" | "secondary" | undefined'.
src/app/(protected)/analysis/components/li-metrics/indicators/FeedbackAlignementIndicator/components/tabs/ComparisonTab.tsx(360,57): error TS7006: Parameter 'divergence' implicitly has an 'any' type.
src/app/(protected)/analysis/components/li-metrics/indicators/FeedbackAlignementIndicator/components/tabs/LICAAlgorithmTab copy.tsx(34,33): error TS2307: Cannot find module '@/analysis-components/shared/atoms/IndicatorHeader' or its corresponding type declarations.
src/app/(protected)/analysis/components/li-metrics/indicators/FeedbackAlignementIndicator/components/tabs/LICAAlgorithmTab copy.tsx(35,29): error TS2307: Cannot find module '@/analysis-components/shared/atoms/ColorLegend' or its corresponding type declarations.
src/app/(protected)/analysis/components/li-metrics/indicators/FeedbackAlignementIndicator/components/tabs/LICAAlgorithmTab copy.tsx(36,30): error TS2307: Cannot find module '@/analysis-components/shared/molecules/ResultsTable' or its corresponding type declarations.
src/app/(protected)/analysis/components/li-metrics/indicators/FeedbackAlignementIndicator/components/tabs/LICAAlgorithmTab copy.tsx(37,39): error TS2307: Cannot find module '@/analysis-components/shared/atoms/AlgorithmDetailDialog' or its corresponding type declarations.
src/app/(protected)/analysis/components/li-metrics/indicators/FeedbackAlignementIndicator/components/tabs/LICAAlgorithmTab copy.tsx(46,8): error TS2307: Cannot find module '@/analysis-components/shared/hooks/useAlgorithmDialog' or its corresponding type declarations.
src/app/(protected)/analysis/components/li-metrics/indicators/FeedbackAlignementIndicator/components/tabs/LICAAlgorithmTab copy.tsx(49,29): error TS2307: Cannot find module '@/analysis-components/shared/molecules/ResultsTable' or its corresponding type declarations.
src/app/(protected)/analysis/components/li-metrics/indicators/FeedbackAlignementIndicator/components/tabs/LICAAlgorithmTab copy.tsx(65,5): error TS2339: Property 'stats' does not exist on type '{ isAnalyzing: boolean; analysisResults: AlignmentAnalysis | null; analysisError: string | null; comparisonResults: AlgorithmComparison | null; ... 4 more ...; tableRows: { ...; }[]; }'.
src/app/(protected)/analysis/components/li-metrics/indicators/FeedbackAlignementIndicator/components/tabs/LICAAlgorithmTab copy.tsx(66,5): error TS2339: Property 'isLoading' does not exist on type '{ isAnalyzing: boolean; analysisResults: AlignmentAnalysis | null; analysisError: string | null; comparisonResults: AlgorithmComparison | null; ... 4 more ...; tableRows: { ...; }[]; }'.
src/app/(protected)/analysis/components/li-metrics/indicators/FeedbackAlignementIndicator/components/tabs/LICAAlgorithmTab copy.tsx(68,5): error TS2339: Property 'error' does not exist on type '{ isAnalyzing: boolean; analysisResults: AlignmentAnalysis | null; analysisError: string | null; comparisonResults: AlgorithmComparison | null; ... 4 more ...; tableRows: { ...; }[]; }'.
src/app/(protected)/analysis/components/li-metrics/indicators/FeedbackAlignementIndicator/components/tabs/LICAAlgorithmTab copy.tsx(70,5): error TS2339: Property 'refreshData' does not exist on type '{ isAnalyzing: boolean; analysisResults: AlignmentAnalysis | null; analysisError: string | null; comparisonResults: AlgorithmComparison | null; ... 4 more ...; tableRows: { ...; }[]; }'.
src/app/(protected)/analysis/components/li-metrics/indicators/FeedbackAlignementIndicator/components/tabs/LICAAlgorithmTab copy.tsx(71,5): error TS2339: Property 'dataCount' does not exist on type '{ isAnalyzing: boolean; analysisResults: AlignmentAnalysis | null; analysisError: string | null; comparisonResults: AlgorithmComparison | null; ... 4 more ...; tableRows: { ...; }[]; }'.
src/app/(protected)/analysis/components/li-metrics/indicators/FeedbackAlignementIndicator/components/tabs/LICAAlgorithmTab copy.tsx(72,5): error TS2339: Property 'hasData' does not exist on type '{ isAnalyzing: boolean; analysisResults: AlignmentAnalysis | null; analysisError: string | null; comparisonResults: AlgorithmComparison | null; ... 4 more ...; tableRows: { ...; }[]; }'.
src/app/(protected)/analysis/components/li-metrics/indicators/FeedbackAlignementIndicator/components/tabs/LICAAlgorithmTab copy.tsx(73,5): error TS2339: Property 'sourceDataCount' does not exist on type '{ isAnalyzing: boolean; analysisResults: AlignmentAnalysis | null; analysisError: string | null; comparisonResults: AlgorithmComparison | null; ... 4 more ...; tableRows: { ...; }[]; }'.
src/app/(protected)/analysis/components/li-metrics/indicators/FeedbackAlignementIndicator/components/tabs/LICAAlgorithmTab copy.tsx(74,5): error TS2339: Property 'debugInfo' does not exist on type '{ isAnalyzing: boolean; analysisResults: AlignmentAnalysis | null; analysisError: string | null; comparisonResults: AlgorithmComparison | null; ... 4 more ...; tableRows: { ...; }[]; }'.
src/app/(protected)/analysis/components/li-metrics/indicators/FeedbackAlignementIndicator/components/tabs/LICAAlgorithmTab copy.tsx(397,50): error TS7006: Parameter 'family' implicitly has an 'any' type.
src/app/(protected)/analysis/components/li-metrics/indicators/FeedbackAlignementIndicator/components/tabs/LICAAlgorithmTab copy.tsx(488,58): error TS18046: 'data' is of type 'unknown'.
src/app/(protected)/analysis/components/li-metrics/indicators/FeedbackAlignementIndicator/components/tabs/LICAAlgorithmTab copy.tsx(490,28): error TS18046: 'data' is of type 'unknown'.
src/app/(protected)/analysis/components/li-metrics/indicators/FeedbackAlignementIndicator/components/tabs/LICAAlgorithmTab copy.tsx(492,23): error TS18046: 'data' is of type 'unknown'.
src/app/(protected)/analysis/components/li-metrics/indicators/FeedbackAlignementIndicator/components/tabs/LICAAlgorithmTab copy.tsx(494,27): error TS18046: 'data' is of type 'unknown'.
src/app/(protected)/analysis/components/li-metrics/indicators/FeedbackAlignementIndicator/components/tabs/LICAAlgorithmTab copy.tsx(565,25): error TS7006: Parameter 'row' implicitly has an 'any' type.
src/app/(protected)/analysis/components/li-metrics/indicators/FeedbackAlignementIndicator/FeedbackAlignmentIndicator.tsx(20,11): error TS2339: Property 'results' does not exist on type '{ isAnalyzing: boolean; analysisResults: AlignmentAnalysis | null; analysisError: string | null; comparisonResults: AlgorithmComparison | null; ... 4 more ...; tableRows: { ...; }[]; }'.
src/app/(protected)/analysis/components/li-metrics/indicators/FeedbackAlignementIndicator/FeedbackAlignmentIndicator.tsx(20,20): error TS2339: Property 'globalStats' does not exist on type '{ isAnalyzing: boolean; analysisResults: AlignmentAnalysis | null; analysisError: string | null; comparisonResults: AlgorithmComparison | null; ... 4 more ...; tableRows: { ...; }[]; }'.
src/app/(protected)/analysis/components/li-metrics/indicators/FeedbackAlignementIndicator/FeedbackAlignmentIndicator.tsx(20,33): error TS2339: Property 'familyResults' does not exist on type '{ isAnalyzing: boolean; analysisResults: AlignmentAnalysis | null; analysisError: string | null; comparisonResults: AlgorithmComparison | null; ... 4 more ...; tableRows: { ...; }[]; }'.
src/app/(protected)/analysis/components/li-metrics/indicators/FeedbackAlignementIndicator/FeedbackAlignmentIndicator.tsx(20,48): error TS2339: Property 'loading' does not exist on type '{ isAnalyzing: boolean; analysisResults: AlignmentAnalysis | null; analysisError: string | null; comparisonResults: AlgorithmComparison | null; ... 4 more ...; tableRows: { ...; }[]; }'.
src/app/(protected)/analysis/components/li-metrics/indicators/FeedbackAlignementIndicator/FeedbackAlignmentIndicator.tsx(20,57): error TS2339: Property 'error' does not exist on type '{ isAnalyzing: boolean; analysisResults: AlignmentAnalysis | null; analysisError: string | null; comparisonResults: AlgorithmComparison | null; ... 4 more ...; tableRows: { ...; }[]; }'.
src/app/(protected)/analysis/components/li-metrics/indicators/FeedbackAlignementIndicator/FeedbackAlignmentIndicator.tsx(21,39): error TS2554: Expected 0-1 arguments, but got 2.
src/app/(protected)/analysis/components/li-metrics/indicators/FeedbackAlignementIndicator/FeedbackAlignmentIndicator.tsx(39,29): error TS7006: Parameter 'family' implicitly has an 'any' type.
src/app/(protected)/analysis/components/li-metrics/indicators/FeedbackAlignementIndicator/FeedbackAlignmentIndicator.tsx(64,38): error TS7006: Parameter 'result' implicitly has an 'any' type.
src/app/(protected)/analysis/components/li-metrics/indicators/FeedbackAlignementIndicator/FeedbackAlignmentIndicator.tsx(64,46): error TS7006: Parameter 'index' implicitly has an 'any' type.
src/app/(protected)/analysis/components/li-metrics/indicators/FeedbackAlignementIndicator/hooks/useFeedbackAlignmentAnnotation.ts(91,35): error TS2554: Expected 1 arguments, but got 0.
src/app/(protected)/analysis/components/li-metrics/indicators/FeedbackAlignementIndicator/hooks/useFeedbackAlignmentAnnotation.ts(136,42): error TS2339: Property 'analyze' does not exist on type 'BasicAlignmentAlgorithm'.
src/app/(protected)/analysis/components/li-metrics/indicators/FeedbackAlignementIndicator/hooks/useFeedbackAlignmentAnnotation.ts(175,20): error TS7053: Element implicitly has an 'any' type because expression of type 'any' can't be used to index type '{ ALIGNEMENT_FORT: string; ALIGNEMENT_FAIBLE: string; DESALIGNEMENT: string; }'.
src/app/(protected)/analysis/components/li-metrics/indicators/FeedbackAlignementIndicator/hooks/useFeedbackAlignmentAnnotation.ts(194,18): error TS7053: Element implicitly has an 'any' type because expression of type 'any' can't be used to index type '{ ALIGNEMENT_FORT: string; ALIGNEMENT_FAIBLE: string; DESALIGNEMENT: string; }'.
src/app/(protected)/analysis/components/metrics-framework/index.ts(17,3): error TS2305: Module '"./core/MetricsRegistry"' has no exported member 'default'.
src/app/(protected)/analysis/components/metrics-framework/index.ts(18,3): error TS2305: Module '"./core/MetricsRegistry"' has no exported member 'getIndicatorsByDomain'.
src/app/(protected)/analysis/components/metrics-framework/index.ts(19,3): error TS2305: Module '"./core/MetricsRegistry"' has no exported member 'registerIndicator'.
src/app/(protected)/analysis/components/metrics-framework/index.ts(20,3): error TS2305: Module '"./core/MetricsRegistry"' has no exported member 'searchIndicators'.
src/app/(protected)/analysis/components/metrics-framework/index.ts(29,3): error TS2305: Module '"./core/types/base"' has no exported member 'TagInfo'.
src/app/(protected)/analysis/components/metrics-framework/index.ts(35,3): error TS2724: '"./core/types/base"' has no exported member named 'AnnotationData'. Did you mean 'AnnotatedData'?
src/app/(protected)/analysis/components/metrics-framework/index.ts(38,3): error TS2305: Module '"./core/types/base"' has no exported member 'ConvergenceResults'.
src/app/(protected)/analysis/components/metrics-framework/index.ts(124,44): error TS2339: Property 'getByDomain' does not exist on type 'MetricsRegistry'.
src/app/(protected)/analysis/components/metrics-framework/index.ts(132,28): error TS2339: Property 'getStats' does not exist on type 'MetricsRegistry'.
src/app/(protected)/analysis/components/metrics-framework/index.ts(133,32): error TS2339: Property 'diagnose' does not exist on type 'MetricsRegistry'.
src/app/(protected)/analysis/components/metrics-framework/index.ts(166,26): error TS2339: Property 'getStats' does not exist on type 'MetricsRegistry'.
src/app/(protected)/analysis/components/metrics-framework/index.ts(167,30): error TS2339: Property 'diagnose' does not exist on type 'MetricsRegistry'.
src/app/(protected)/analysis/components/metrics-framework/index.ts(168,31): error TS2339: Property 'validate' does not exist on type 'MetricsRegistry'.
src/app/(protected)/analysis/components/metrics-framework/index.ts(211,36): error TS2339: Property 'summary' does not exist on type 'MetricsRegistry'.
src/app/(protected)/analysis/components/TestFrameworkIntegration.tsx(135,44): error TS2339: Property 'getStats' does not exist on type 'MetricsRegistry'.
src/app/(protected)/analysis/components/TestFrameworkIntegration.tsx(139,42): error TS2339: Property 'register' does not exist on type 'MetricsRegistry'.
src/app/(protected)/analysis/components/TestFrameworkIntegration.tsx(146,42): error TS2339: Property 'getStats' does not exist on type 'MetricsRegistry'.
src/app/(protected)/analysis/components/TestFrameworkIntegration.tsx(147,41): error TS2339: Property 'diagnose' does not exist on type 'MetricsRegistry'.
src/app/(protected)/analysis/components/TestFrameworkIntegration.tsx(157,42): error TS2339: Property 'validate' does not exist on type 'MetricsRegistry'.
src/app/(protected)/analysis/components/TestFrameworkIntegration.tsx(213,25): error TS2551: Property 'availableAlgorithms' does not exist on type 'MetricsEngineReturn'. Did you mean 'getAvailableAlgorithms'?
src/app/(protected)/analysis/components/TestFrameworkIntegration.tsx(213,55): error TS2339: Property 'getId' does not exist on type 'BaseIndicatorConfig'.
src/app/(protected)/analysis/components/TestFrameworkIntegration.tsx(222,48): error TS2339: Property 'compareAlgorithms' does not exist on type 'MetricsEngineReturn'.
src/app/(protected)/analysis/components/TestFrameworkIntegration.tsx(223,19): error TS2339: Property 'getId' does not exist on type 'BaseIndicatorConfig'.
src/app/(protected)/analysis/components/TestFrameworkIntegration.tsx(230,38): error TS2339: Property 'getId' does not exist on type 'BaseIndicatorConfig'.
src/app/(protected)/analysis/components/TestFrameworkIntegration.tsx(263,23): error TS2339: Property 'clearCache' does not exist on type 'MetricsEngineReturn'.
src/app/(protected)/analysis/components/TestFrameworkIntegration.tsx(300,45): error TS2339: Property 'familyResults' does not exist on type 'MetricsEngineReturn'.
src/app/(protected)/analysis/components/TestFrameworkIntegration.tsx(301,45): error TS2339: Property 'globalMetrics' does not exist on type 'MetricsEngineReturn'.
src/app/(protected)/analysis/components/UnifiedMetricsInterface.tsx(51,34): error TS2307: Cannot find module '../metrics-framework/hooks/useMetricsEngine' or its corresponding type declarations.
src/app/(protected)/analysis/components/UnifiedMetricsInterface.tsx(52,31): error TS2307: Cannot find module '../metrics-framework/core/types/base' or its corresponding type declarations.
src/app/(protected)/analysis/components/UnifiedMetricsInterface.tsx(55,45): error TS2307: Cannot find module '../cognitive-metrics/migration/adaptUseCognitiveMetrics' or its corresponding type declarations.
src/app/(protected)/analysis/components/UnifiedMetricsInterface.tsx(56,38): error TS2307: Cannot find module '../li-metrics/indicators/CommonGroundIndicator' or its corresponding type declarations.
src/app/(protected)/analysis/components/UnifiedMetricsInterface.tsx(59,30): error TS2307: Cannot find module '../cognitive-metrics/CognitiveMetrics' or its corresponding type declarations.
src/app/(protected)/analysis/components/UnifiedMetricsInterface.tsx(60,44): error TS2307: Cannot find module '../li-metrics/LinguisticInteractionalMetrics' or its corresponding type declarations.
src/app/(protected)/analysis/components/UnifiedMetricsInterface.tsx(365,10): error TS2769: No overload matches this call.
  Overload 1 of 2, '(props: { component: ElementType<any, keyof IntrinsicElements>; } & GridBaseProps & { sx?: SxProps<Theme> | undefined; } & SystemProps<...> & Omit<...>): Element | null', gave the following error.
    Property 'component' is missing in type '{ children: Element; item: true; xs: number; md: number; }' but required in type '{ component: ElementType<any, keyof IntrinsicElements>; }'.
  Overload 2 of 2, '(props: DefaultComponentProps<GridTypeMap<{}, "div">>): Element | null', gave the following error.
    Type '{ children: Element; item: true; xs: number; md: number; }' is not assignable to type 'IntrinsicAttributes & GridBaseProps & { sx?: SxProps<Theme> | undefined; } & SystemProps<Theme> & Omit<...>'.
      Property 'item' does not exist on type 'IntrinsicAttributes & GridBaseProps & { sx?: SxProps<Theme> | undefined; } & SystemProps<Theme> & Omit<...>'.
src/app/(protected)/analysis/components/UnifiedMetricsInterface.tsx(375,10): error TS2769: No overload matches this call.
  Overload 1 of 2, '(props: { component: ElementType<any, keyof IntrinsicElements>; } & GridBaseProps & { sx?: SxProps<Theme> | undefined; } & SystemProps<...> & Omit<...>): Element | null', gave the following error.
    Property 'component' is missing in type '{ children: Element; item: true; xs: number; md: number; }' but required in type '{ component: ElementType<any, keyof IntrinsicElements>; }'.
  Overload 2 of 2, '(props: DefaultComponentProps<GridTypeMap<{}, "div">>): Element | null', gave the following error.
    Type '{ children: Element; item: true; xs: number; md: number; }' is not assignable to type 'IntrinsicAttributes & GridBaseProps & { sx?: SxProps<Theme> | undefined; } & SystemProps<Theme> & Omit<...>'.
      Property 'item' does not exist on type 'IntrinsicAttributes & GridBaseProps & { sx?: SxProps<Theme> | undefined; } & SystemProps<Theme> & Omit<...>'.
src/app/(protected)/analysis/components/UnifiedMetricsInterface.tsx(385,10): error TS2769: No overload matches this call.
  Overload 1 of 2, '(props: { component: ElementType<any, keyof IntrinsicElements>; } & GridBaseProps & { sx?: SxProps<Theme> | undefined; } & SystemProps<...> & Omit<...>): Element | null', gave the following error.
    Property 'component' is missing in type '{ children: Element; item: true; xs: number; md: number; }' but required in type '{ component: ElementType<any, keyof IntrinsicElements>; }'.
  Overload 2 of 2, '(props: DefaultComponentProps<GridTypeMap<{}, "div">>): Element | null', gave the following error.
    Type '{ children: Element; item: true; xs: number; md: number; }' is not assignable to type 'IntrinsicAttributes & GridBaseProps & { sx?: SxProps<Theme> | undefined; } & SystemProps<Theme> & Omit<...>'.
      Property 'item' does not exist on type 'IntrinsicAttributes & GridBaseProps & { sx?: SxProps<Theme> | undefined; } & SystemProps<Theme> & Omit<...>'.
src/app/(protected)/analysis/components/UnifiedMetricsInterface.tsx(395,10): error TS2769: No overload matches this call.
  Overload 1 of 2, '(props: { component: ElementType<any, keyof IntrinsicElements>; } & GridBaseProps & { sx?: SxProps<Theme> | undefined; } & SystemProps<...> & Omit<...>): Element | null', gave the following error.
    Property 'component' is missing in type '{ children: Element; item: true; xs: number; md: number; }' but required in type '{ component: ElementType<any, keyof IntrinsicElements>; }'.
  Overload 2 of 2, '(props: DefaultComponentProps<GridTypeMap<{}, "div">>): Element | null', gave the following error.
    Type '{ children: Element; item: true; xs: number; md: number; }' is not assignable to type 'IntrinsicAttributes & GridBaseProps & { sx?: SxProps<Theme> | undefined; } & SystemProps<Theme> & Omit<...>'.
      Property 'item' does not exist on type 'IntrinsicAttributes & GridBaseProps & { sx?: SxProps<Theme> | undefined; } & SystemProps<Theme> & Omit<...>'.
src/app/(protected)/analysis/components/UnifiedMetricsInterface.tsx(414,35): error TS7006: Parameter 'indicator' implicitly has an 'any' type.
src/app/(protected)/analysis/components/UnifiedMetricsInterface.tsx(419,22): error TS7006: Parameter 'sum' implicitly has an 'any' type.
src/app/(protected)/analysis/components/UnifiedMetricsInterface.tsx(419,27): error TS7006: Parameter 'r' implicitly has an 'any' type.
src/app/(protected)/analysis/components/UnifiedMetricsInterface.tsx(426,16): error TS2769: No overload matches this call.
  Overload 1 of 2, '(props: { component: ElementType<any, keyof IntrinsicElements>; } & GridBaseProps & { sx?: SxProps<Theme> | undefined; } & SystemProps<...> & Omit<...>): Element | null', gave the following error.
    Property 'component' is missing in type '{ children: Element; item: true; xs: number; md: number; lg: number; key: any; }' but required in type '{ component: ElementType<any, keyof IntrinsicElements>; }'.
  Overload 2 of 2, '(props: DefaultComponentProps<GridTypeMap<{}, "div">>): Element | null', gave the following error.
    Type '{ children: Element; item: true; xs: number; md: number; lg: number; key: any; }' is not assignable to type 'IntrinsicAttributes & GridBaseProps & { sx?: SxProps<Theme> | undefined; } & SystemProps<Theme> & Omit<...>'.
      Property 'item' does not exist on type 'IntrinsicAttributes & GridBaseProps & { sx?: SxProps<Theme> | undefined; } & SystemProps<Theme> & Omit<...>'.
src/app/(protected)/analysis/components/UnifiedMetricsInterface.tsx(484,28): error TS7006: Parameter 'algId' implicitly has an 'any' type.
src/app/(protected)/analysis/components/UnifiedMetricsInterface.tsx(552,42): error TS7006: Parameter 'family' implicitly has an 'any' type.
src/app/(protected)/analysis/components/UnifiedMetricsInterface.tsx(658,10): error TS2769: No overload matches this call.
  Overload 1 of 2, '(props: { component: ElementType<any, keyof IntrinsicElements>; } & GridBaseProps & { sx?: SxProps<Theme> | undefined; } & SystemProps<...> & Omit<...>): Element | null', gave the following error.
    Property 'component' is missing in type '{ children: Element; item: true; xs: number; md: number; }' but required in type '{ component: ElementType<any, keyof IntrinsicElements>; }'.
  Overload 2 of 2, '(props: DefaultComponentProps<GridTypeMap<{}, "div">>): Element | null', gave the following error.
    Type '{ children: Element; item: true; xs: number; md: number; }' is not assignable to type 'IntrinsicAttributes & GridBaseProps & { sx?: SxProps<Theme> | undefined; } & SystemProps<Theme> & Omit<...>'.
      Property 'item' does not exist on type 'IntrinsicAttributes & GridBaseProps & { sx?: SxProps<Theme> | undefined; } & SystemProps<Theme> & Omit<...>'.
src/app/(protected)/analysis/components/UnifiedMetricsInterface.tsx(667,22): error TS7006: Parameter 'r' implicitly has an 'any' type.
src/app/(protected)/analysis/components/UnifiedMetricsInterface.tsx(681,10): error TS2769: No overload matches this call.
  Overload 1 of 2, '(props: { component: ElementType<any, keyof IntrinsicElements>; } & GridBaseProps & { sx?: SxProps<Theme> | undefined; } & SystemProps<...> & Omit<...>): Element | null', gave the following error.
    Property 'component' is missing in type '{ children: Element; item: true; xs: number; md: number; }' but required in type '{ component: ElementType<any, keyof IntrinsicElements>; }'.
  Overload 2 of 2, '(props: DefaultComponentProps<GridTypeMap<{}, "div">>): Element | null', gave the following error.
    Type '{ children: Element; item: true; xs: number; md: number; }' is not assignable to type 'IntrinsicAttributes & GridBaseProps & { sx?: SxProps<Theme> | undefined; } & SystemProps<Theme> & Omit<...>'.
      Property 'item' does not exist on type 'IntrinsicAttributes & GridBaseProps & { sx?: SxProps<Theme> | undefined; } & SystemProps<Theme> & Omit<...>'.
src/app/(protected)/analysis/components/UnifiedMetricsInterface.tsx(690,22): error TS7006: Parameter 'r' implicitly has an 'any' type.
src/app/(protected)/analysis/components/UnifiedMetricsInterface.tsx(704,10): error TS2769: No overload matches this call.
  Overload 1 of 2, '(props: { component: ElementType<any, keyof IntrinsicElements>; } & GridBaseProps & { sx?: SxProps<Theme> | undefined; } & SystemProps<...> & Omit<...>): Element | null', gave the following error.
    Property 'component' is missing in type '{ children: Element; item: true; xs: number; md: number; }' but required in type '{ component: ElementType<any, keyof IntrinsicElements>; }'.
  Overload 2 of 2, '(props: DefaultComponentProps<GridTypeMap<{}, "div">>): Element | null', gave the following error.
    Type '{ children: Element; item: true; xs: number; md: number; }' is not assignable to type 'IntrinsicAttributes & GridBaseProps & { sx?: SxProps<Theme> | undefined; } & SystemProps<Theme> & Omit<...>'.
      Property 'item' does not exist on type 'IntrinsicAttributes & GridBaseProps & { sx?: SxProps<Theme> | undefined; } & SystemProps<Theme> & Omit<...>'.
src/app/(protected)/analysis/components/UnifiedMetricsInterface.tsx(726,35): error TS7006: Parameter 'indicator' implicitly has an 'any' type.
src/app/(protected)/analysis/components/UnifiedMetricsInterface.tsx(727,14): error TS2769: No overload matches this call.
  Overload 1 of 2, '(props: { component: ElementType<any, keyof IntrinsicElements>; } & GridBaseProps & { sx?: SxProps<Theme> | undefined; } & SystemProps<...> & Omit<...>): Element | null', gave the following error.
    Property 'component' is missing in type '{ children: Element; item: true; xs: number; md: number; key: any; }' but required in type '{ component: ElementType<any, keyof IntrinsicElements>; }'.
  Overload 2 of 2, '(props: DefaultComponentProps<GridTypeMap<{}, "div">>): Element | null', gave the following error.
    Type '{ children: Element; item: true; xs: number; md: number; key: any; }' is not assignable to type 'IntrinsicAttributes & GridBaseProps & { sx?: SxProps<Theme> | undefined; } & SystemProps<Theme> & Omit<...>'.
      Property 'item' does not exist on type 'IntrinsicAttributes & GridBaseProps & { sx?: SxProps<Theme> | undefined; } & SystemProps<Theme> & Omit<...>'.
src/app/(protected)/analysis/components/UnifiedMetricsInterface.tsx(766,24): error TS7006: Parameter 'algId' implicitly has an 'any' type.
src/app/(protected)/analysis/components/UnifiedMetricsInterface.tsx(786,33): error TS7006: Parameter 'result' implicitly has an 'any' type.
src/app/(protected)/analysis/components/UnifiedMetricsInterface.tsx(786,41): error TS7006: Parameter 'index' implicitly has an 'any' type.
src/app/(protected)/analysis/components/UnifiedMetricsInterface.tsx(879,14): error TS2769: No overload matches this call.
  Overload 1 of 2, '(props: { component: ElementType<any, keyof IntrinsicElements>; } & GridBaseProps & { sx?: SxProps<Theme> | undefined; } & SystemProps<...> & Omit<...>): Element | null', gave the following error.
    Property 'component' is missing in type '{ children: Element; item: true; xs: number; md: number; key: string; }' but required in type '{ component: ElementType<any, keyof IntrinsicElements>; }'.
  Overload 2 of 2, '(props: DefaultComponentProps<GridTypeMap<{}, "div">>): Element | null', gave the following error.
    Type '{ children: Element; item: true; xs: number; md: number; key: string; }' is not assignable to type 'IntrinsicAttributes & GridBaseProps & { sx?: SxProps<Theme> | undefined; } & SystemProps<Theme> & Omit<...>'.
      Property 'item' does not exist on type 'IntrinsicAttributes & GridBaseProps & { sx?: SxProps<Theme> | undefined; } & SystemProps<Theme> & Omit<...>'.
src/app/(protected)/analysis/components/UnifiedMetricsInterface.tsx(962,10): error TS2769: No overload matches this call.
  Overload 1 of 2, '(props: { component: ElementType<any, keyof IntrinsicElements>; } & GridBaseProps & { sx?: SxProps<Theme> | undefined; } & SystemProps<...> & Omit<...>): Element | null', gave the following error.
    Property 'component' is missing in type '{ children: Element; item: true; xs: number; md: number; }' but required in type '{ component: ElementType<any, keyof IntrinsicElements>; }'.
  Overload 2 of 2, '(props: DefaultComponentProps<GridTypeMap<{}, "div">>): Element | null', gave the following error.
    Type '{ children: Element; item: true; xs: number; md: number; }' is not assignable to type 'IntrinsicAttributes & GridBaseProps & { sx?: SxProps<Theme> | undefined; } & SystemProps<Theme> & Omit<...>'.
      Property 'item' does not exist on type 'IntrinsicAttributes & GridBaseProps & { sx?: SxProps<Theme> | undefined; } & SystemProps<Theme> & Omit<...>'.
src/app/(protected)/analysis/components/UnifiedMetricsInterface.tsx(984,10): error TS2769: No overload matches this call.
  Overload 1 of 2, '(props: { component: ElementType<any, keyof IntrinsicElements>; } & GridBaseProps & { sx?: SxProps<Theme> | undefined; } & SystemProps<...> & Omit<...>): Element | null', gave the following error.
    Property 'component' is missing in type '{ children: Element; item: true; xs: number; md: number; }' but required in type '{ component: ElementType<any, keyof IntrinsicElements>; }'.
  Overload 2 of 2, '(props: DefaultComponentProps<GridTypeMap<{}, "div">>): Element | null', gave the following error.
    Type '{ children: Element; item: true; xs: number; md: number; }' is not assignable to type 'IntrinsicAttributes & GridBaseProps & { sx?: SxProps<Theme> | undefined; } & SystemProps<Theme> & Omit<...>'.
      Property 'item' does not exist on type 'IntrinsicAttributes & GridBaseProps & { sx?: SxProps<Theme> | undefined; } & SystemProps<Theme> & Omit<...>'.
src/app/(protected)/analysis/components/UnifiedMetricsInterface.tsx(1006,10): error TS2769: No overload matches this call.
  Overload 1 of 2, '(props: { component: ElementType<any, keyof IntrinsicElements>; } & GridBaseProps & { sx?: SxProps<Theme> | undefined; } & SystemProps<...> & Omit<...>): Element | null', gave the following error.
    Property 'component' is missing in type '{ children: Element; item: true; xs: number; md: number; }' but required in type '{ component: ElementType<any, keyof IntrinsicElements>; }'.
  Overload 2 of 2, '(props: DefaultComponentProps<GridTypeMap<{}, "div">>): Element | null', gave the following error.
    Type '{ children: Element; item: true; xs: number; md: number; }' is not assignable to type 'IntrinsicAttributes & GridBaseProps & { sx?: SxProps<Theme> | undefined; } & SystemProps<Theme> & Omit<...>'.
      Property 'item' does not exist on type 'IntrinsicAttributes & GridBaseProps & { sx?: SxProps<Theme> | undefined; } & SystemProps<Theme> & Omit<...>'.
src/app/(protected)/analysis/components/UnifiedMetricsInterface.tsx(1062,12): error TS2769: No overload matches this call.
  Overload 1 of 2, '(props: { component: ElementType<any, keyof IntrinsicElements>; } & GridBaseProps & { sx?: SxProps<Theme> | undefined; } & SystemProps<...> & Omit<...>): Element | null', gave the following error.
    Property 'component' is missing in type '{ children: Element; item: true; xs: number; }' but required in type '{ component: ElementType<any, keyof IntrinsicElements>; }'.
  Overload 2 of 2, '(props: DefaultComponentProps<GridTypeMap<{}, "div">>): Element | null', gave the following error.
    Type '{ children: Element; item: true; xs: number; }' is not assignable to type 'IntrinsicAttributes & GridBaseProps & { sx?: SxProps<Theme> | undefined; } & SystemProps<Theme> & Omit<...>'.
      Property 'item' does not exist on type 'IntrinsicAttributes & GridBaseProps & { sx?: SxProps<Theme> | undefined; } & SystemProps<Theme> & Omit<...>'.
src/app/(protected)/analysis/components/UnifiedMetricsInterface.tsx(1075,12): error TS2769: No overload matches this call.
  Overload 1 of 2, '(props: { component: ElementType<any, keyof IntrinsicElements>; } & GridBaseProps & { sx?: SxProps<Theme> | undefined; } & SystemProps<...> & Omit<...>): Element | null', gave the following error.
    Property 'component' is missing in type '{ children: Element; item: true; xs: number; }' but required in type '{ component: ElementType<any, keyof IntrinsicElements>; }'.
  Overload 2 of 2, '(props: DefaultComponentProps<GridTypeMap<{}, "div">>): Element | null', gave the following error.
    Type '{ children: Element; item: true; xs: number; }' is not assignable to type 'IntrinsicAttributes & GridBaseProps & { sx?: SxProps<Theme> | undefined; } & SystemProps<Theme> & Omit<...>'.
      Property 'item' does not exist on type 'IntrinsicAttributes & GridBaseProps & { sx?: SxProps<Theme> | undefined; } & SystemProps<Theme> & Omit<...>'.
src/app/(protected)/analysis/components/UnifiedMetricsInterface.tsx(1091,12): error TS2769: No overload matches this call.
  Overload 1 of 2, '(props: { component: ElementType<any, keyof IntrinsicElements>; } & GridBaseProps & { sx?: SxProps<Theme> | undefined; } & SystemProps<...> & Omit<...>): Element | null', gave the following error.
    Property 'component' is missing in type '{ children: Element; item: true; xs: number; }' but required in type '{ component: ElementType<any, keyof IntrinsicElements>; }'.
  Overload 2 of 2, '(props: DefaultComponentProps<GridTypeMap<{}, "div">>): Element | null', gave the following error.
    Type '{ children: Element; item: true; xs: number; }' is not assignable to type 'IntrinsicAttributes & GridBaseProps & { sx?: SxProps<Theme> | undefined; } & SystemProps<Theme> & Omit<...>'.
      Property 'item' does not exist on type 'IntrinsicAttributes & GridBaseProps & { sx?: SxProps<Theme> | undefined; } & SystemProps<Theme> & Omit<...>'.
src/app/(protected)/analysis/components/UnifiedMetricsInterface.tsx(1118,16): error TS2769: No overload matches this call.
  Overload 1 of 2, '(props: { component: ElementType<any, keyof IntrinsicElements>; } & GridBaseProps & { sx?: SxProps<Theme> | undefined; } & SystemProps<...> & Omit<...>): Element | null', gave the following error.
    Property 'component' is missing in type '{ children: Element; item: true; xs: number; md: number; key: string; }' but required in type '{ component: ElementType<any, keyof IntrinsicElements>; }'.
  Overload 2 of 2, '(props: DefaultComponentProps<GridTypeMap<{}, "div">>): Element | null', gave the following error.
    Type '{ children: Element; item: true; xs: number; md: number; key: string; }' is not assignable to type 'IntrinsicAttributes & GridBaseProps & { sx?: SxProps<Theme> | undefined; } & SystemProps<Theme> & Omit<...>'.
      Property 'item' does not exist on type 'IntrinsicAttributes & GridBaseProps & { sx?: SxProps<Theme> | undefined; } & SystemProps<Theme> & Omit<...>'.
src/app/(protected)/analysis/hooks/useTemporalAnalysis.tsx(141,30): error TS2352: Conversion of type '{ id: any; call_id: any; tag: any; start_time: any; end_time: any; speaker: any; verbatim: any; lpltag: { family: any; color: any; }[]; }[]' to type 'SupabaseTagData[]' may be a mistake because neither type sufficiently overlaps with the other. If this was intentional, convert the expression to 'unknown' first.
  Type '{ id: any; call_id: any; tag: any; start_time: any; end_time: any; speaker: any; verbatim: any; lpltag: { family: any; color: any; }[]; }' is not comparable to type 'SupabaseTagData'.
    Types of property 'lpltag' are incompatible.
      Type '{ family: any; color: any; }[]' is missing the following properties from type '{ family: string; color: string; }': family, color
src/app/(protected)/phase1-corpus/workdrive/page.tsx(7,11): error TS2741: Property 'onFilesSelect' is missing in type '{}' but required in type 'SimpleWorkdriveExplorerProps'.
src/app/(protected)/phase2-annotation/transcript/[callId]/page.tsx(28,8): error TS2741: Property 'audioSrc' is missing in type '{ callId: string; }' but required in type 'TranscriptLPLProps'.
src/components/CallListUnprepared/hooks/useComplementActions.ts(57,15): error TS2339: Property 'uploadAudio' does not exist on type 'typeof import("C:/Users/thoma/OneDrive/SONEAR_2025/taggerlpl-nextjs/src/components/utils/callApiUtils")'.
src/components/utils/duplicateManager.ts(339,15): error TS2339: Property 'uploadAudio' does not exist on type 'typeof import("C:/Users/thoma/OneDrive/SONEAR_2025/taggerlpl-nextjs/src/components/utils/callApiUtils")'.
src/features/phase1-corpus/calls/infrastructure/ServiceFactory.ts(80,54): error TS2554: Expected 0 arguments, but got 1.
src/features/phase1-corpus/calls/infrastructure/ServiceFactory.ts(195,26): error TS2339: Property 'inferSegments' does not exist on type 'DiarizationService'.
src/features/phase1-corpus/calls/infrastructure/ServiceFactory.ts(211,26): error TS2339: Property 'diarizeWords' does not exist on type 'DiarizationService'.
src/features/phase3-analysis/level1-validation/algorithms/classifiers/client/OpenAI3TXClassifier.ts(475,11): error TS2353: Object literal may only specify known properties, and 'rawResponse' does not exist in type 'VariableDetails'.
src/features/phase3-analysis/level1-validation/algorithms/classifiers/client/OpenAI3TXClassifier.ts(602,53): error TS2353: Object literal may only specify known properties, and 'reason' does not exist in type 'VariableDetails'.
src/features/phase3-analysis/level1-validation/algorithms/classifiers/client/OpenAIXClassifier.ts(173,11): error TS2353: Object literal may only specify known properties, and 'rawResponse' does not exist in type 'VariableDetails'.
src/features/phase3-analysis/level1-validation/algorithms/classifiers/client/OpenAIXClassifier.ts(420,53): error TS2353: Object literal may only specify known properties, and 'reason' does not exist in type 'VariableDetails'.
src/features/phase3-analysis/level1-validation/algorithms/classifiers/client/RegexClientClassifier.ts(210,21): error TS2538: Type 'undefined' cannot be used as an index type.
src/features/phase3-analysis/level1-validation/algorithms/classifiers/client/RegexClientClassifier.ts(212,23): error TS2538: Type 'undefined' cannot be used as an index type.
src/features/phase3-analysis/level1-validation/algorithms/classifiers/client/RegexClientClassifier.ts(218,21): error TS2538: Type 'undefined' cannot be used as an index type.
src/features/phase3-analysis/level1-validation/algorithms/classifiers/client/RegexClientClassifier.ts(224,32): error TS2538: Type 'undefined' cannot be used as an index type.
src/features/phase3-analysis/level1-validation/algorithms/classifiers/client/RegexClientClassifier.ts(225,44): error TS2538: Type 'undefined' cannot be used as an index type.
src/features/phase3-analysis/level1-validation/algorithms/classifiers/client/RegexClientClassifier.ts(227,50): error TS2538: Type 'undefined' cannot be used as an index type.
src/features/phase3-analysis/level1-validation/algorithms/classifiers/client/RegexClientClassifier.ts(230,53): error TS2538: Type 'undefined' cannot be used as an index type.
src/features/phase3-analysis/level1-validation/algorithms/classifiers/client/RegexClientClassifier.ts(233,15): error TS2538: Type 'undefined' cannot be used as an index type.
src/features/phase3-analysis/level1-validation/algorithms/classifiers/client/RegexClientClassifier.ts(234,12): error TS2538: Type 'undefined' cannot be used as an index type.
src/features/phase3-analysis/level1-validation/algorithms/classifiers/client/RegexClientClassifier.ts(235,13): error TS2538: Type 'undefined' cannot be used as an index type.
src/features/phase3-analysis/level1-validation/algorithms/classifiers/client/RegexClientClassifier.ts(236,17): error TS2538: Type 'undefined' cannot be used as an index type.
src/features/phase3-analysis/level1-validation/algorithms/classifiers/client/RegexClientClassifier.ts(236,31): error TS2538: Type 'undefined' cannot be used as an index type.
src/features/phase3-analysis/level1-validation/algorithms/classifiers/client/RegexClientClassifier.ts(237,27): error TS2538: Type 'undefined' cannot be used as an index type.
src/features/phase3-analysis/level1-validation/algorithms/classifiers/client/RegexClientClassifier.ts(237,41): error TS2538: Type 'undefined' cannot be used as an index type.
src/features/phase3-analysis/level1-validation/algorithms/classifiers/client/RegexClientClassifier.ts(237,61): error TS2538: Type 'undefined' cannot be used as an index type.
src/features/phase3-analysis/level1-validation/algorithms/classifiers/client/RegexClientClassifier.ts(237,75): error TS2538: Type 'undefined' cannot be used as an index type.
src/features/phase3-analysis/level1-validation/algorithms/classifiers/client/RegexClientClassifier.ts(246,5): error TS2322: Type 'Record<string, number>' is not assignable to type 'number'.
src/features/phase3-analysis/level1-validation/algorithms/classifiers/client/RegexClientClassifier.ts(247,5): error TS2322: Type 'Record<string, number>' is not assignable to type 'number'.
src/features/phase3-analysis/level1-validation/algorithms/classifiers/client/RegexClientClassifier.ts(248,5): error TS2322: Type 'Record<string, number>' is not assignable to type 'number'.
src/features/phase3-analysis/level1-validation/algorithms/classifiers/client/RegexClientClassifier.ts(271,12): error TS2538: Type 'undefined' cannot be used as an index type.
src/features/phase3-analysis/level1-validation/algorithms/classifiers/client/RegexClientClassifier.ts(273,14): error TS2538: Type 'undefined' cannot be used as an index type.
src/features/phase3-analysis/level1-validation/algorithms/classifiers/client/RegexClientClassifier.ts(278,12): error TS2538: Type 'undefined' cannot be used as an index type.
src/features/phase3-analysis/level1-validation/algorithms/classifiers/client/RegexClientClassifier.ts(288,48): error TS2538: Type 'undefined' cannot be used as an index type.
src/features/phase3-analysis/level1-validation/algorithms/classifiers/client/RegexClientClassifier.ts(290,48): error TS2538: Type 'undefined' cannot be used as an index type.
src/features/phase3-analysis/level1-validation/algorithms/classifiers/client/SpacyXClassifier.ts(1,55): error TS2307: Cannot find module '../shared/BaseAlgorithm' or its corresponding type declarations.
src/features/phase3-analysis/level1-validation/algorithms/classifiers/client/SpacyXClassifier.ts(2,43): error TS2307: Cannot find module '../conseillerclassifiers/SpacyConseillerClassifier' or its corresponding type declarations.
src/features/phase3-analysis/level1-validation/algorithms/classifiers/conseiller/OpenAI3TConseillerClassifier.tsx(6,8): error TS2307: Cannot find module '../shared/BaseClassifier' or its corresponding type declarations.
src/features/phase3-analysis/level1-validation/algorithms/classifiers/conseiller/OpenAIConseillerClassifier.ts(6,8): error TS2307: Cannot find module '../shared/BaseClassifier' or its corresponding type declarations.
src/features/phase3-analysis/level1-validation/algorithms/classifiers/conseiller/ProxyOpenAIConseillerClassifier.ts(5,8): error TS2307: Cannot find module '../shared/BaseClassifier' or its corresponding type declarations.
src/features/phase3-analysis/level1-validation/algorithms/classifiers/conseiller/RegexConseillerClassifier.ts(6,8): error TS2307: Cannot find module '../shared/BaseClassifier' or its corresponding type declarations.
src/features/phase3-analysis/level1-validation/algorithms/classifiers/conseiller/SpacyConseillerClassifier.ts(7,8): error TS2307: Cannot find module '../shared/BaseClassifier' or its corresponding type declarations.
src/features/phase3-analysis/level1-validation/algorithms/mediators/M1Algorithms/RegexM1Calculator.ts(48,5): error TS2739: Type '{ id: string; label: string; target: "M1"; algorithmKind: string; version: string; tags: string[]; }' is missing the following properties from type 'CalculationMetadata': algorithmVersion, inputSignature, executionPath
src/features/phase3-analysis/level1-validation/algorithms/shared/initializeAlgorithms.ts(6,34): error TS2307: Cannot find module '../XAlgorithms/RegexXClassifier' or its corresponding type declarations.
src/features/phase3-analysis/level1-validation/algorithms/shared/initializeAlgorithms.ts(7,34): error TS2307: Cannot find module '../XAlgorithms/SpacyXClassifier' or its corresponding type declarations.
src/features/phase3-analysis/level1-validation/algorithms/shared/initializeAlgorithms.ts(8,35): error TS2307: Cannot find module '../XAlgorithms/OpenAIXClassifier' or its corresponding type declarations.
src/features/phase3-analysis/level1-validation/algorithms/shared/initializeAlgorithms.ts(9,37): error TS2307: Cannot find module '../XAlgorithms/OpenAI3TXClassifier' or its corresponding type declarations.
src/features/phase3-analysis/level1-validation/algorithms/shared/initializeAlgorithms.ts(12,34): error TS2307: Cannot find module '../YAlgorithms/RegexYClassifier' or its corresponding type declarations.
src/features/phase3-analysis/level1-validation/algorithms/shared/initializeAlgorithms.ts(15,37): error TS2307: Cannot find module '../M1Algorithms/M1ActionVerbCounter' or its corresponding type declarations.
src/features/phase3-analysis/level1-validation/algorithms/shared/initializeAlgorithms.ts(18,42): error TS2307: Cannot find module '../M2Algorithms/M2LexicalAlignmentCalculator' or its corresponding type declarations.
src/features/phase3-analysis/level1-validation/algorithms/shared/initializeAlgorithms.ts(19,43): error TS2307: Cannot find module '../M2Algorithms/M2SemanticAlignmentCalculator' or its corresponding type declarations.
src/features/phase3-analysis/level1-validation/algorithms/shared/initializeAlgorithms.ts(20,44): error TS2307: Cannot find module '../M2Algorithms/M2CompositeAlignmentCalculator' or its corresponding type declarations.
src/features/phase3-analysis/level1-validation/algorithms/shared/initializeAlgorithms.ts(23,36): error TS2307: Cannot find module '../M3Algorithms/PausesM3Calculator' or its corresponding type declarations.
src/features/phase3-analysis/level1-validation/ui/components/AlgorithmLab/Level1Interface.tsx(7,34): error TS2307: Cannot find module './algorithms/XClassifiers/XValidationInterface' or its corresponding type declarations.
src/features/phase3-analysis/level1-validation/ui/components/AlgorithmLab/Level1Interface.tsx(8,34): error TS2307: Cannot find module './algorithms/YClassifiers/YValidationInterface' or its corresponding type declarations.
src/features/phase3-analysis/level1-validation/ui/components/AlgorithmLab/Level1Interface.tsx(9,35): error TS2307: Cannot find module './algorithms/M1Calculators/M1ValidationInterface' or its corresponding type declarations.
src/features/phase3-analysis/level1-validation/ui/components/AlgorithmLab/Level1Interface.tsx(10,35): error TS2307: Cannot find module './algorithms/M2Calculators/M2ValidationInterface' or its corresponding type declarations.
src/features/phase3-analysis/level1-validation/ui/components/AlgorithmLab/Level1Interface.tsx(11,35): error TS2307: Cannot find module './algorithms/M3Calculators/M3ValidationInterface' or its corresponding type declarations.
src/features/phase3-analysis/level1-validation/ui/components/AlgorithmLab/Level1Interface.tsx(14,33): error TS2307: Cannot find module './individual/ConfusionMatrix' or its corresponding type declarations.
src/features/phase3-analysis/level1-validation/ui/components/AlgorithmLab/Level1Interface.tsx(15,39): error TS2307: Cannot find module './individual/EnhancedErrorAnalysis' or its corresponding type declarations.
src/features/phase3-analysis/level1-validation/ui/components/AlgorithmLab/Level1Interface.tsx(16,39): error TS2307: Cannot find module './individual/ParameterOptimization' or its corresponding type declarations.
src/features/phase3-analysis/level1-validation/ui/components/AlgorithmLab/MetricsPanel.classification.tsx(49,56): error TS18048: 'r.confidence' is possibly 'undefined'.
src/features/phase3-analysis/level1-validation/ui/components/AlgorithmLab/ResultsSample/components/FineTuningDialog/FineTuningExtractor.tsx(116,9): error TS2322: Type 'number | undefined' is not assignable to type 'number'.
  Type 'undefined' is not assignable to type 'number'.
src/features/phase3-analysis/level1-validation/ui/components/algorithms/M1Calculators/M1AlgorithmTesting.tsx(3,38): error TS2307: Cannot find module '../BaseAlgorithmTesting' or its corresponding type declarations.
src/features/phase3-analysis/level1-validation/ui/components/algorithms/M1Calculators/M1ValidationInterface.tsx(2,38): error TS2307: Cannot find module '../BaseAlgorithmTesting' or its corresponding type declarations.
src/features/phase3-analysis/level1-validation/ui/components/algorithms/M2Calculators/M2ValidationInterface.tsx(6,38): error TS2307: Cannot find module '../BaseAlgorithmTesting' or its corresponding type declarations.
src/features/phase3-analysis/level1-validation/ui/components/algorithms/M3Calculators/M3ValidationInterface.tsx(2,38): error TS2307: Cannot find module '../BaseAlgorithmTesting' or its corresponding type declarations.
src/features/phase3-analysis/level1-validation/ui/components/algorithms/XClassifiers/XAlgorithmTesting.tsx(4,38): error TS2307: Cannot find module '../BaseAlgorithmTesting' or its corresponding type declarations.
src/features/phase3-analysis/level1-validation/ui/components/algorithms/XClassifiers/XValidationInterface.tsx(4,38): error TS2307: Cannot find module '../BaseAlgorithmTesting' or its corresponding type declarations.
src/features/phase3-analysis/level1-validation/ui/components/algorithms/YClassifiers/YAlgorithmTesting.tsx(3,38): error TS2307: Cannot find module '../BaseAlgorithmTesting' or its corresponding type declarations.
src/types/algorithm-lab/ThesisVariables.ts(163,3): error TS2717: Subsequent property declarations must have the same type.  Property 'perClass' must be of type 'Record<string, { precision: number; recall: number; f1: number; support: number; }> | undefined', but here has type 'Record<string, { precision: number; recall: number; f1: number; support?: number | undefined; }> | undefined'.
src/types/index.ts(29,1): error TS2308: Module './entities' has already exported a member named 'ConversionResult'. Consider explicitly re-exporting to resolve the ambiguity.
src/types/index.ts(39,1): error TS2308: Module './common' has already exported a member named 'ZohoFile'. Consider explicitly re-exporting to resolve the ambiguity.

